2020-06-10 00:54:22,712 [INFO] [SessionValidationThread-1] o.apache.shiro.session.mgt.AbstractValidatingSessionManager [AbstractValidatingSessionManager.java : 275] Validating all active sessions...
2020-06-10 00:54:22,728 [INFO] [SessionValidationThread-1] o.apache.shiro.session.mgt.AbstractValidatingSessionManager [AbstractValidatingSessionManager.java : 308] Finished session validation.  No sessions were stopped.
2020-06-10 01:54:22,708 [INFO] [SessionValidationThread-1] o.apache.shiro.session.mgt.AbstractValidatingSessionManager [AbstractValidatingSessionManager.java : 275] Validating all active sessions...
2020-06-10 01:54:22,708 [INFO] [SessionValidationThread-1] o.apache.shiro.session.mgt.AbstractValidatingSessionManager [AbstractValidatingSessionManager.java : 308] Finished session validation.  No sessions were stopped.
2020-06-10 02:54:22,703 [INFO] [SessionValidationThread-1] o.apache.shiro.session.mgt.AbstractValidatingSessionManager [AbstractValidatingSessionManager.java : 275] Validating all active sessions...
2020-06-10 02:54:22,703 [INFO] [SessionValidationThread-1] o.apache.shiro.session.mgt.AbstractValidatingSessionManager [AbstractValidatingSessionManager.java : 308] Finished session validation.  No sessions were stopped.
2020-06-10 03:54:22,700 [INFO] [SessionValidationThread-1] o.apache.shiro.session.mgt.AbstractValidatingSessionManager [AbstractValidatingSessionManager.java : 275] Validating all active sessions...
2020-06-10 03:54:22,700 [INFO] [SessionValidationThread-1] o.apache.shiro.session.mgt.AbstractValidatingSessionManager [AbstractValidatingSessionManager.java : 308] Finished session validation.  No sessions were stopped.
2020-06-10 04:54:22,697 [INFO] [SessionValidationThread-1] o.apache.shiro.session.mgt.AbstractValidatingSessionManager [AbstractValidatingSessionManager.java : 275] Validating all active sessions...
2020-06-10 04:54:22,697 [INFO] [SessionValidationThread-1] o.apache.shiro.session.mgt.AbstractValidatingSessionManager [AbstractValidatingSessionManager.java : 308] Finished session validation.  No sessions were stopped.
2020-06-10 05:54:22,656 [INFO] [SessionValidationThread-1] o.apache.shiro.session.mgt.AbstractValidatingSessionManager [AbstractValidatingSessionManager.java : 275] Validating all active sessions...
2020-06-10 05:54:22,656 [INFO] [SessionValidationThread-1] o.apache.shiro.session.mgt.AbstractValidatingSessionManager [AbstractValidatingSessionManager.java : 308] Finished session validation.  No sessions were stopped.
2020-06-10 06:54:22,543 [INFO] [SessionValidationThread-1] o.apache.shiro.session.mgt.AbstractValidatingSessionManager [AbstractValidatingSessionManager.java : 275] Validating all active sessions...
2020-06-10 06:54:22,543 [INFO] [SessionValidationThread-1] o.apache.shiro.session.mgt.AbstractValidatingSessionManager [AbstractValidatingSessionManager.java : 308] Finished session validation.  No sessions were stopped.
2020-06-10 07:54:22,479 [INFO] [SessionValidationThread-1] o.apache.shiro.session.mgt.AbstractValidatingSessionManager [AbstractValidatingSessionManager.java : 275] Validating all active sessions...
2020-06-10 07:54:22,479 [INFO] [SessionValidationThread-1] o.apache.shiro.session.mgt.AbstractValidatingSessionManager [AbstractValidatingSessionManager.java : 308] Finished session validation.  No sessions were stopped.
2020-06-10 08:54:22,442 [INFO] [SessionValidationThread-1] o.apache.shiro.session.mgt.AbstractValidatingSessionManager [AbstractValidatingSessionManager.java : 275] Validating all active sessions...
2020-06-10 08:54:22,442 [INFO] [SessionValidationThread-1] o.apache.shiro.session.mgt.AbstractValidatingSessionManager [AbstractValidatingSessionManager.java : 308] Finished session validation.  No sessions were stopped.
2020-06-10 09:44:22,083 [DEBUG] [http-nio-7020-exec-21] cn.cy.system.controller.LoginController [LoginController.java : 65] 进入登录页面
2020-06-10 09:44:22,128 [DEBUG] [http-nio-7020-exec-15] cn.cy.system.controller.LoginController [LoginController.java : 65] 进入登录页面
2020-06-10 09:44:22,135 [DEBUG] [http-nio-7020-exec-11] cn.cy.system.controller.LoginController [LoginController.java : 65] 进入登录页面
2020-06-10 09:44:22,267 [DEBUG] [http-nio-7020-exec-14] cn.cy.system.controller.LoginController [LoginController.java : 65] 进入登录页面
2020-06-10 09:44:23,393 [DEBUG] [http-nio-7020-exec-29] cn.cy.system.dao.ISystemUserDao.selectEntityByUsername [BaseJdbcLogger.java : 159] ==>  Preparing: select * from t_system_user where username = ? 
2020-06-10 09:44:23,395 [DEBUG] [http-nio-7020-exec-29] cn.cy.system.dao.ISystemUserDao.selectEntityByUsername [BaseJdbcLogger.java : 159] ==> Parameters: super(String)
2020-06-10 09:44:23,400 [DEBUG] [http-nio-7020-exec-29] cn.cy.system.dao.ISystemUserDao.selectEntityByUsername [BaseJdbcLogger.java : 159] <==      Total: 1
2020-06-10 09:44:23,404 [DEBUG] [http-nio-7020-exec-29] cn.cy.system.dao.ISystemUserDao.selectOne [BaseJdbcLogger.java : 159] ==>  Preparing: SELECT list_id AS ListId,username,`password`,user_role_id AS userRoleId,remark,is_delete AS isDelete FROM t_system_user WHERE username=? 
2020-06-10 09:44:23,406 [DEBUG] [http-nio-7020-exec-29] cn.cy.system.dao.ISystemUserDao.selectOne [BaseJdbcLogger.java : 159] ==> Parameters: super(String)
2020-06-10 09:44:23,408 [DEBUG] [http-nio-7020-exec-29] cn.cy.system.dao.ISystemUserDao.selectOne [BaseJdbcLogger.java : 159] <==      Total: 1
2020-06-10 09:44:23,502 [DEBUG] [http-nio-7020-exec-30] cn.cy.system.dao.ISystemMenuDao.getAllMenuList [BaseJdbcLogger.java : 159] ==>  Preparing: select * from t_system_menu ORDER BY SORT 
2020-06-10 09:44:23,503 [DEBUG] [http-nio-7020-exec-30] cn.cy.system.dao.ISystemMenuDao.getAllMenuList [BaseJdbcLogger.java : 159] ==> Parameters: 
2020-06-10 09:44:23,510 [DEBUG] [http-nio-7020-exec-30] cn.cy.system.dao.ISystemMenuDao.getAllMenuList [BaseJdbcLogger.java : 159] <==      Total: 6
2020-06-10 09:44:27,853 [DEBUG] [http-nio-7020-exec-10] cn.cy.business.dao.IBuyerDao.selectPage [BaseJdbcLogger.java : 159] ==>  Preparing: SELECT list_id AS listId,`name` FROM t_buyer 
2020-06-10 09:44:27,854 [DEBUG] [http-nio-7020-exec-10] cn.cy.business.dao.IBuyerDao.selectPage [BaseJdbcLogger.java : 159] ==> Parameters: 
2020-06-10 09:44:27,856 [DEBUG] [http-nio-7020-exec-10] cn.cy.business.dao.IBuyerDao.selectPage [BaseJdbcLogger.java : 159] <==      Total: 1
2020-06-10 09:48:27,520 [DEBUG] [http-nio-7020-exec-8] cn.cy.system.controller.LoginController [LoginController.java : 65] 进入登录页面
2020-06-10 09:48:27,566 [DEBUG] [http-nio-7020-exec-17] cn.cy.system.controller.LoginController [LoginController.java : 65] 进入登录页面
2020-06-10 09:48:27,572 [DEBUG] [http-nio-7020-exec-18] cn.cy.system.controller.LoginController [LoginController.java : 65] 进入登录页面
2020-06-10 09:48:27,685 [DEBUG] [http-nio-7020-exec-21] cn.cy.system.controller.LoginController [LoginController.java : 65] 进入登录页面
2020-06-10 09:48:30,483 [DEBUG] [http-nio-7020-exec-15] cn.cy.system.dao.ISystemUserDao.selectEntityByUsername [BaseJdbcLogger.java : 159] ==>  Preparing: select * from t_system_user where username = ? 
2020-06-10 09:48:30,484 [DEBUG] [http-nio-7020-exec-15] cn.cy.system.dao.ISystemUserDao.selectEntityByUsername [BaseJdbcLogger.java : 159] ==> Parameters: super(String)
2020-06-10 09:48:30,488 [DEBUG] [http-nio-7020-exec-15] cn.cy.system.dao.ISystemUserDao.selectEntityByUsername [BaseJdbcLogger.java : 159] <==      Total: 1
2020-06-10 09:48:30,490 [DEBUG] [http-nio-7020-exec-15] cn.cy.system.dao.ISystemUserDao.selectOne [BaseJdbcLogger.java : 159] ==>  Preparing: SELECT list_id AS ListId,username,`password`,user_role_id AS userRoleId,remark,is_delete AS isDelete FROM t_system_user WHERE username=? 
2020-06-10 09:48:30,490 [DEBUG] [http-nio-7020-exec-15] cn.cy.system.dao.ISystemUserDao.selectOne [BaseJdbcLogger.java : 159] ==> Parameters: super(String)
2020-06-10 09:48:30,492 [DEBUG] [http-nio-7020-exec-15] cn.cy.system.dao.ISystemUserDao.selectOne [BaseJdbcLogger.java : 159] <==      Total: 1
2020-06-10 09:48:30,584 [DEBUG] [http-nio-7020-exec-19] cn.cy.system.dao.ISystemMenuDao.getAllMenuList [BaseJdbcLogger.java : 159] ==>  Preparing: select * from t_system_menu ORDER BY SORT 
2020-06-10 09:48:30,585 [DEBUG] [http-nio-7020-exec-19] cn.cy.system.dao.ISystemMenuDao.getAllMenuList [BaseJdbcLogger.java : 159] ==> Parameters: 
2020-06-10 09:48:30,588 [DEBUG] [http-nio-7020-exec-19] cn.cy.system.dao.ISystemMenuDao.getAllMenuList [BaseJdbcLogger.java : 159] <==      Total: 6
2020-06-10 09:48:40,574 [DEBUG] [http-nio-7020-exec-26] cn.cy.business.dao.IBuyerDao.selectPage [BaseJdbcLogger.java : 159] ==>  Preparing: SELECT list_id AS listId,`name` FROM t_buyer 
2020-06-10 09:48:40,576 [DEBUG] [http-nio-7020-exec-26] cn.cy.business.dao.IBuyerDao.selectPage [BaseJdbcLogger.java : 159] ==> Parameters: 
2020-06-10 09:48:40,580 [DEBUG] [http-nio-7020-exec-26] cn.cy.business.dao.IBuyerDao.selectPage [BaseJdbcLogger.java : 159] <==      Total: 1
2020-06-10 09:48:49,018 [DEBUG] [http-nio-7020-exec-28] cn.cy.system.dao.ISystemMenuDao.getAllMenuList [BaseJdbcLogger.java : 159] ==>  Preparing: select * from t_system_menu ORDER BY SORT 
2020-06-10 09:48:49,018 [DEBUG] [http-nio-7020-exec-28] cn.cy.system.dao.ISystemMenuDao.getAllMenuList [BaseJdbcLogger.java : 159] ==> Parameters: 
2020-06-10 09:48:49,021 [DEBUG] [http-nio-7020-exec-28] cn.cy.system.dao.ISystemMenuDao.getAllMenuList [BaseJdbcLogger.java : 159] <==      Total: 6
2020-06-10 09:49:38,159 [DEBUG] [http-nio-7020-exec-9] cn.cy.system.controller.LoginController [LoginController.java : 65] 进入登录页面
2020-06-10 09:49:39,251 [DEBUG] [http-nio-7020-exec-6] cn.cy.system.dao.ISystemUserDao.selectEntityByUsername [BaseJdbcLogger.java : 159] ==>  Preparing: select * from t_system_user where username = ? 
2020-06-10 09:49:39,251 [DEBUG] [http-nio-7020-exec-6] cn.cy.system.dao.ISystemUserDao.selectEntityByUsername [BaseJdbcLogger.java : 159] ==> Parameters: super(String)
2020-06-10 09:49:39,254 [DEBUG] [http-nio-7020-exec-6] cn.cy.system.dao.ISystemUserDao.selectEntityByUsername [BaseJdbcLogger.java : 159] <==      Total: 1
2020-06-10 09:49:39,256 [DEBUG] [http-nio-7020-exec-6] cn.cy.system.dao.ISystemUserDao.selectOne [BaseJdbcLogger.java : 159] ==>  Preparing: SELECT list_id AS ListId,username,`password`,user_role_id AS userRoleId,remark,is_delete AS isDelete FROM t_system_user WHERE username=? 
2020-06-10 09:49:39,256 [DEBUG] [http-nio-7020-exec-6] cn.cy.system.dao.ISystemUserDao.selectOne [BaseJdbcLogger.java : 159] ==> Parameters: super(String)
2020-06-10 09:49:39,258 [DEBUG] [http-nio-7020-exec-6] cn.cy.system.dao.ISystemUserDao.selectOne [BaseJdbcLogger.java : 159] <==      Total: 1
2020-06-10 09:49:39,379 [DEBUG] [http-nio-7020-exec-13] cn.cy.system.dao.ISystemMenuDao.getAllMenuList [BaseJdbcLogger.java : 159] ==>  Preparing: select * from t_system_menu ORDER BY SORT 
2020-06-10 09:49:39,380 [DEBUG] [http-nio-7020-exec-13] cn.cy.system.dao.ISystemMenuDao.getAllMenuList [BaseJdbcLogger.java : 159] ==> Parameters: 
2020-06-10 09:49:39,399 [DEBUG] [http-nio-7020-exec-13] cn.cy.system.dao.ISystemMenuDao.getAllMenuList [BaseJdbcLogger.java : 159] <==      Total: 6
2020-06-10 09:49:52,916 [INFO] [main] cn.cy.AquariusApplication [StartupInfoLogger.java : 48] Starting AquariusApplication on DESKTOP-7G0GALH with PID 27836 (W:\GitRepository\GitHub\spring-boot-demo\target\classes started by chengyun in W:\GitRepository\GitHub\spring-boot-demo)
2020-06-10 09:49:52,918 [DEBUG] [main] cn.cy.AquariusApplication [StartupInfoLogger.java : 51] Running with Spring Boot v2.0.0.M2, Spring v5.0.0.RC2
2020-06-10 09:49:52,918 [INFO] [main] cn.cy.AquariusApplication [SpringApplication.java : 654] The following profiles are active: scbid
2020-06-10 09:49:52,985 [INFO] [main] o.s.b.w.s.c.AnnotationConfigServletWebServerApplicationContext [AbstractApplicationContext.java : 582] Refreshing org.springframework.boot.web.servlet.context.AnnotationConfigServletWebServerApplicationContext@32f232a5: startup date [Wed Jun 10 09:49:52 CST 2020]; root of context hierarchy
2020-06-10 09:49:53,916 [INFO] [main] o.s.beans.factory.support.DefaultListableBeanFactory [DefaultListableBeanFactory.java : 811] Overriding bean definition for bean 'dataSource' with a different definition: replacing [Root bean: class [null]; scope=; abstract=false; lazyInit=false; autowireMode=3; dependencyCheck=0; autowireCandidate=true; primary=false; factoryBeanName=org.springframework.boot.autoconfigure.jdbc.DataSourceConfiguration$Generic; factoryMethodName=dataSource; initMethodName=null; destroyMethodName=(inferred); defined in class path resource [org/springframework/boot/autoconfigure/jdbc/DataSourceConfiguration$Generic.class]] with [Root bean: class [null]; scope=; abstract=false; lazyInit=false; autowireMode=3; dependencyCheck=0; autowireCandidate=true; primary=false; factoryBeanName=org.springframework.boot.autoconfigure.jdbc.DataSourceConfiguration$Hikari; factoryMethodName=dataSource; initMethodName=null; destroyMethodName=(inferred); defined in class path resource [org/springframework/boot/autoconfigure/jdbc/DataSourceConfiguration$Hikari.class]]
2020-06-10 09:49:53,970 [INFO] [main] o.s.data.repository.config.RepositoryConfigurationDelegate [RepositoryConfigurationDelegate.java : 160] Multiple Spring Data modules found, entering strict repository configuration mode!
2020-06-10 09:49:54,436 [INFO] [main] o.s.c.s.PostProcessorRegistrationDelegate$BeanPostProcessorChecker [PostProcessorRegistrationDelegate.java : 326] Bean 'shiroConfig' of type [cn.cy.common.config.ShiroConfig$$EnhancerBySpringCGLIB$$e4f79085] is not eligible for getting processed by all BeanPostProcessors (for example: not eligible for auto-proxying)
2020-06-10 09:49:54,815 [INFO] [main] o.s.c.s.PostProcessorRegistrationDelegate$BeanPostProcessorChecker [PostProcessorRegistrationDelegate.java : 326] Bean 'mybatis-plus-com.baomidou.mybatisplus.spring.boot.starter.MybatisPlusProperties' of type [com.baomidou.mybatisplus.spring.boot.starter.MybatisPlusProperties] is not eligible for getting processed by all BeanPostProcessors (for example: not eligible for auto-proxying)
2020-06-10 09:49:54,833 [INFO] [main] o.s.c.s.PostProcessorRegistrationDelegate$BeanPostProcessorChecker [PostProcessorRegistrationDelegate.java : 326] Bean 'com.baomidou.mybatisplus.spring.boot.starter.MybatisPlusAutoConfiguration' of type [com.baomidou.mybatisplus.spring.boot.starter.MybatisPlusAutoConfiguration$$EnhancerBySpringCGLIB$$4900e08] is not eligible for getting processed by all BeanPostProcessors (for example: not eligible for auto-proxying)
2020-06-10 09:49:54,838 [INFO] [main] o.s.c.s.PostProcessorRegistrationDelegate$BeanPostProcessorChecker [PostProcessorRegistrationDelegate.java : 326] Bean 'org.springframework.boot.autoconfigure.jdbc.DataSourceConfiguration$Hikari' of type [org.springframework.boot.autoconfigure.jdbc.DataSourceConfiguration$Hikari] is not eligible for getting processed by all BeanPostProcessors (for example: not eligible for auto-proxying)
2020-06-10 09:49:54,869 [INFO] [main] o.s.c.s.PostProcessorRegistrationDelegate$BeanPostProcessorChecker [PostProcessorRegistrationDelegate.java : 326] Bean 'spring.datasource-org.springframework.boot.autoconfigure.jdbc.DataSourceProperties' of type [org.springframework.boot.autoconfigure.jdbc.DataSourceProperties] is not eligible for getting processed by all BeanPostProcessors (for example: not eligible for auto-proxying)
2020-06-10 09:49:54,968 [INFO] [main] o.s.c.s.PostProcessorRegistrationDelegate$BeanPostProcessorChecker [PostProcessorRegistrationDelegate.java : 326] Bean 'dataSource' of type [com.zaxxer.hikari.HikariDataSource] is not eligible for getting processed by all BeanPostProcessors (for example: not eligible for auto-proxying)
2020-06-10 09:49:54,991 [INFO] [main] com.zaxxer.hikari.HikariDataSource [HikariDataSource.java : 95] DatebookHikariCP - Starting...
2020-06-10 09:49:55,000 [WARN] [main] com.zaxxer.hikari.util.DriverDataSource [DriverDataSource.java : 68] Registered driver with driverClassName=com.mysql.jdbc.Driver was not found, trying direct instantiation.
2020-06-10 09:49:55,835 [INFO] [main] com.zaxxer.hikari.HikariDataSource [HikariDataSource.java : 107] DatebookHikariCP - Start completed.
2020-06-10 09:49:56,210 [INFO] [main] o.s.c.s.PostProcessorRegistrationDelegate$BeanPostProcessorChecker [PostProcessorRegistrationDelegate.java : 326] Bean 'sqlSessionFactory' of type [org.apache.ibatis.session.defaults.DefaultSqlSessionFactory] is not eligible for getting processed by all BeanPostProcessors (for example: not eligible for auto-proxying)
2020-06-10 09:49:56,220 [INFO] [main] o.s.c.s.PostProcessorRegistrationDelegate$BeanPostProcessorChecker [PostProcessorRegistrationDelegate.java : 326] Bean 'sqlSessionTemplate' of type [org.mybatis.spring.SqlSessionTemplate] is not eligible for getting processed by all BeanPostProcessors (for example: not eligible for auto-proxying)
2020-06-10 09:49:56,221 [INFO] [main] o.s.c.s.PostProcessorRegistrationDelegate$BeanPostProcessorChecker [PostProcessorRegistrationDelegate.java : 326] Bean 'ISystemUserDao' of type [org.mybatis.spring.mapper.MapperFactoryBean] is not eligible for getting processed by all BeanPostProcessors (for example: not eligible for auto-proxying)
2020-06-10 09:49:56,224 [INFO] [main] o.s.c.s.PostProcessorRegistrationDelegate$BeanPostProcessorChecker [PostProcessorRegistrationDelegate.java : 326] Bean 'ISystemUserDao' of type [com.sun.proxy.$Proxy59] is not eligible for getting processed by all BeanPostProcessors (for example: not eligible for auto-proxying)
2020-06-10 09:49:56,227 [INFO] [main] o.s.c.s.PostProcessorRegistrationDelegate$BeanPostProcessorChecker [PostProcessorRegistrationDelegate.java : 326] Bean 'ISystemMenuDao' of type [org.mybatis.spring.mapper.MapperFactoryBean] is not eligible for getting processed by all BeanPostProcessors (for example: not eligible for auto-proxying)
2020-06-10 09:49:56,229 [INFO] [main] o.s.c.s.PostProcessorRegistrationDelegate$BeanPostProcessorChecker [PostProcessorRegistrationDelegate.java : 326] Bean 'ISystemMenuDao' of type [com.sun.proxy.$Proxy60] is not eligible for getting processed by all BeanPostProcessors (for example: not eligible for auto-proxying)
2020-06-10 09:49:56,229 [INFO] [main] o.s.c.s.PostProcessorRegistrationDelegate$BeanPostProcessorChecker [PostProcessorRegistrationDelegate.java : 326] Bean 'userRealm' of type [cn.cy.common.shrio.UserRealm] is not eligible for getting processed by all BeanPostProcessors (for example: not eligible for auto-proxying)
2020-06-10 09:49:56,254 [INFO] [main] o.s.c.s.PostProcessorRegistrationDelegate$BeanPostProcessorChecker [PostProcessorRegistrationDelegate.java : 326] Bean 'sessionManager' of type [org.apache.shiro.web.session.mgt.DefaultWebSessionManager] is not eligible for getting processed by all BeanPostProcessors (for example: not eligible for auto-proxying)
2020-06-10 09:49:56,298 [INFO] [main] o.s.c.s.PostProcessorRegistrationDelegate$BeanPostProcessorChecker [PostProcessorRegistrationDelegate.java : 326] Bean 'securityManager' of type [org.apache.shiro.web.mgt.DefaultWebSecurityManager] is not eligible for getting processed by all BeanPostProcessors (for example: not eligible for auto-proxying)
2020-06-10 09:49:56,391 [INFO] [main] o.s.c.s.PostProcessorRegistrationDelegate$BeanPostProcessorChecker [PostProcessorRegistrationDelegate.java : 326] Bean 'authorizationAttributeSourceAdvisor' of type [org.apache.shiro.spring.security.interceptor.AuthorizationAttributeSourceAdvisor] is not eligible for getting processed by all BeanPostProcessors (for example: not eligible for auto-proxying)
2020-06-10 09:49:56,436 [INFO] [main] o.s.c.s.PostProcessorRegistrationDelegate$BeanPostProcessorChecker [PostProcessorRegistrationDelegate.java : 326] Bean 'org.springframework.transaction.annotation.ProxyTransactionManagementConfiguration' of type [org.springframework.transaction.annotation.ProxyTransactionManagementConfiguration$$EnhancerBySpringCGLIB$$b6f06fab] is not eligible for getting processed by all BeanPostProcessors (for example: not eligible for auto-proxying)
2020-06-10 09:49:57,240 [INFO] [main] org.springframework.boot.web.embedded.tomcat.TomcatWebServer [TomcatWebServer.java : 86] Tomcat initialized with port(s): 7020 (http)
2020-06-10 09:49:57,255 [INFO] [main] org.apache.catalina.core.StandardService [DirectJDKLog.java : 179] Starting service [Tomcat]
2020-06-10 09:49:57,257 [INFO] [main] org.apache.catalina.core.StandardEngine [DirectJDKLog.java : 179] Starting Servlet Engine: Apache Tomcat/8.5.15
2020-06-10 09:49:57,466 [INFO] [localhost-startStop-1] o.a.catalina.core.ContainerBase.[Tomcat].[localhost].[/] [DirectJDKLog.java : 179] Initializing Spring embedded WebApplicationContext
2020-06-10 09:49:57,466 [INFO] [localhost-startStop-1] org.springframework.web.context.ContextLoader [ServletWebServerApplicationContext.java : 272] Root WebApplicationContext: initialization completed in 4481 ms
2020-06-10 09:49:58,341 [INFO] [localhost-startStop-1] org.springframework.boot.web.servlet.FilterRegistrationBean [AbstractFilterRegistrationBean.java : 251] Mapping filter: 'characterEncodingFilter' to: [/*]
2020-06-10 09:49:58,342 [INFO] [localhost-startStop-1] org.springframework.boot.web.servlet.FilterRegistrationBean [AbstractFilterRegistrationBean.java : 251] Mapping filter: 'hiddenHttpMethodFilter' to: [/*]
2020-06-10 09:49:58,342 [INFO] [localhost-startStop-1] org.springframework.boot.web.servlet.FilterRegistrationBean [AbstractFilterRegistrationBean.java : 251] Mapping filter: 'httpPutFormContentFilter' to: [/*]
2020-06-10 09:49:58,343 [INFO] [localhost-startStop-1] org.springframework.boot.web.servlet.FilterRegistrationBean [AbstractFilterRegistrationBean.java : 251] Mapping filter: 'requestContextFilter' to: [/*]
2020-06-10 09:49:58,343 [INFO] [localhost-startStop-1] org.springframework.boot.web.servlet.FilterRegistrationBean [AbstractFilterRegistrationBean.java : 264] Mapping filter: 'delegatingFilterProxy' to urls: [/*]
2020-06-10 09:49:58,344 [INFO] [localhost-startStop-1] org.springframework.boot.web.servlet.FilterRegistrationBean [AbstractFilterRegistrationBean.java : 264] Mapping filter: 'xssFilter' to urls: [/*]
2020-06-10 09:49:58,344 [INFO] [localhost-startStop-1] org.springframework.boot.web.servlet.FilterRegistrationBean [AbstractFilterRegistrationBean.java : 251] Mapping filter: 'shiroFilter' to: [/*]
2020-06-10 09:49:58,344 [INFO] [localhost-startStop-1] org.springframework.boot.web.servlet.ServletRegistrationBean [ServletRegistrationBean.java : 191] Mapping servlet: 'dispatcherServlet' to [/]
2020-06-10 09:50:02,118 [INFO] [main] o.s.w.s.mvc.method.annotation.RequestMappingHandlerAdapter [RequestMappingHandlerAdapter.java : 560] Looking for @ControllerAdvice: org.springframework.boot.web.servlet.context.AnnotationConfigServletWebServerApplicationContext@32f232a5: startup date [Wed Jun 10 09:49:52 CST 2020]; root of context hierarchy
2020-06-10 09:50:02,444 [INFO] [main] o.s.w.s.mvc.method.annotation.RequestMappingHandlerMapping [AbstractHandlerMethodMapping.java : 548] Mapped "{[/buyer/listData],methods=[POST || GET]}" onto public cn.cy.common.utils.R cn.cy.business.controller.BuyerController.list(java.util.Map<java.lang.String, java.lang.Object>)
2020-06-10 09:50:02,446 [INFO] [main] o.s.w.s.mvc.method.annotation.RequestMappingHandlerMapping [AbstractHandlerMethodMapping.java : 548] Mapped "{[/buyer/buyerList]}" onto public java.lang.String cn.cy.business.controller.BuyerController.buyerList()
2020-06-10 09:50:02,447 [INFO] [main] o.s.w.s.mvc.method.annotation.RequestMappingHandlerMapping [AbstractHandlerMethodMapping.java : 548] Mapped "{[/seller/sellerList]}" onto public java.lang.String cn.cy.business.controller.SellerController.sellerList()
2020-06-10 09:50:02,449 [INFO] [main] o.s.w.s.mvc.method.annotation.RequestMappingHandlerMapping [AbstractHandlerMethodMapping.java : 548] Mapped "{[/index.html]}" onto public java.lang.String cn.cy.system.controller.LoginController.index()
2020-06-10 09:50:02,449 [INFO] [main] o.s.w.s.mvc.method.annotation.RequestMappingHandlerMapping [AbstractHandlerMethodMapping.java : 548] Mapped "{[/login],methods=[POST || GET]}" onto public cn.cy.common.utils.R cn.cy.system.controller.LoginController.login(java.lang.String,java.lang.String,java.lang.String)
2020-06-10 09:50:02,450 [INFO] [main] o.s.w.s.mvc.method.annotation.RequestMappingHandlerMapping [AbstractHandlerMethodMapping.java : 548] Mapped "{[/captcha.jpg]}" onto public void cn.cy.system.controller.LoginController.captcha(javax.servlet.http.HttpServletResponse) throws java.io.IOException
2020-06-10 09:50:02,450 [INFO] [main] o.s.w.s.mvc.method.annotation.RequestMappingHandlerMapping [AbstractHandlerMethodMapping.java : 548] Mapped "{[/logout],methods=[POST || GET]}" onto public java.lang.String cn.cy.system.controller.LoginController.logout()
2020-06-10 09:50:02,452 [INFO] [main] o.s.w.s.mvc.method.annotation.RequestMappingHandlerMapping [AbstractHandlerMethodMapping.java : 548] Mapped "{[/sysMenu/getMenu],methods=[POST || GET]}" onto public cn.cy.common.utils.R cn.cy.system.controller.SysMenuController.getMenu()
2020-06-10 09:50:02,452 [INFO] [main] o.s.w.s.mvc.method.annotation.RequestMappingHandlerMapping [AbstractHandlerMethodMapping.java : 548] Mapped "{[/main.html]}" onto public java.lang.String cn.cy.system.controller.SysPageController.main(javax.servlet.http.HttpServletRequest)
2020-06-10 09:50:02,453 [INFO] [main] o.s.w.s.mvc.method.annotation.RequestMappingHandlerMapping [AbstractHandlerMethodMapping.java : 548] Mapped "{[/homePage.html]}" onto public java.lang.String cn.cy.system.controller.SysPageController.homePage(javax.servlet.http.HttpServletRequest)
2020-06-10 09:50:02,456 [INFO] [main] o.s.w.s.mvc.method.annotation.RequestMappingHandlerMapping [AbstractHandlerMethodMapping.java : 548] Mapped "{[/error]}" onto public org.springframework.http.ResponseEntity<java.util.Map<java.lang.String, java.lang.Object>> org.springframework.boot.autoconfigure.web.servlet.error.BasicErrorController.error(javax.servlet.http.HttpServletRequest)
2020-06-10 09:50:02,457 [INFO] [main] o.s.w.s.mvc.method.annotation.RequestMappingHandlerMapping [AbstractHandlerMethodMapping.java : 548] Mapped "{[/error],produces=[text/html]}" onto public org.springframework.web.servlet.ModelAndView org.springframework.boot.autoconfigure.web.servlet.error.BasicErrorController.errorHtml(javax.servlet.http.HttpServletRequest,javax.servlet.http.HttpServletResponse)
2020-06-10 09:50:02,963 [INFO] [main] o.s.web.servlet.handler.SimpleUrlHandlerMapping [AbstractUrlHandlerMapping.java : 369] Mapped URL path [/statics/**] onto handler of type [class org.springframework.web.servlet.resource.ResourceHttpRequestHandler]
2020-06-10 09:50:02,963 [INFO] [main] o.s.web.servlet.handler.SimpleUrlHandlerMapping [AbstractUrlHandlerMapping.java : 369] Mapped URL path [/webjars/**] onto handler of type [class org.springframework.web.servlet.resource.ResourceHttpRequestHandler]
2020-06-10 09:50:02,964 [INFO] [main] o.s.web.servlet.handler.SimpleUrlHandlerMapping [AbstractUrlHandlerMapping.java : 369] Mapped URL path [/**] onto handler of type [class org.springframework.web.servlet.resource.ResourceHttpRequestHandler]
2020-06-10 09:50:03,360 [INFO] [main] o.s.web.servlet.handler.SimpleUrlHandlerMapping [AbstractUrlHandlerMapping.java : 369] Mapped URL path [/**/favicon.ico] onto handler of type [class org.springframework.web.servlet.resource.ResourceHttpRequestHandler]
2020-06-10 09:50:04,596 [INFO] [main] o.s.web.servlet.view.freemarker.FreeMarkerConfigurer [FreeMarkerConfigurer.java : 127] ClassTemplateLoader for Spring macros added to FreeMarker configuration
2020-06-10 09:50:05,876 [INFO] [main] o.s.jmx.export.annotation.AnnotationMBeanExporter [MBeanExporter.java : 429] Registering beans for JMX exposure on startup
2020-06-10 09:50:05,879 [INFO] [main] o.s.jmx.export.annotation.AnnotationMBeanExporter [MBeanExporter.java : 912] Bean with name 'dataSource' has been autodetected for JMX exposure
2020-06-10 09:50:05,887 [INFO] [main] o.s.jmx.export.annotation.AnnotationMBeanExporter [MBeanExporter.java : 675] Located MBean 'dataSource': registering with JMX server as MBean [com.zaxxer.hikari:name=dataSource,type=HikariDataSource]
2020-06-10 09:50:05,973 [INFO] [main] org.springframework.boot.web.embedded.tomcat.TomcatWebServer [TomcatWebServer.java : 194] Tomcat started on port(s): 7020 (http)
2020-06-10 09:50:05,980 [INFO] [main] cn.cy.AquariusApplication [StartupInfoLogger.java : 57] Started AquariusApplication in 13.745 seconds (JVM running for 14.515)
2020-06-10 09:51:41,500 [INFO] [http-nio-7020-exec-1] o.a.catalina.core.ContainerBase.[Tomcat].[localhost].[/] [DirectJDKLog.java : 179] Initializing Spring FrameworkServlet 'dispatcherServlet'
2020-06-10 09:51:41,500 [INFO] [http-nio-7020-exec-1] org.springframework.web.servlet.DispatcherServlet [FrameworkServlet.java : 488] FrameworkServlet 'dispatcherServlet': initialization started
2020-06-10 09:51:41,569 [INFO] [http-nio-7020-exec-1] org.springframework.web.servlet.DispatcherServlet [FrameworkServlet.java : 507] FrameworkServlet 'dispatcherServlet': initialization completed in 69 ms
2020-06-10 09:51:41,589 [INFO] [http-nio-7020-exec-1] o.apache.shiro.session.mgt.AbstractValidatingSessionManager [AbstractValidatingSessionManager.java : 233] Enabling session validation scheduler...
2020-06-10 09:51:41,648 [DEBUG] [http-nio-7020-exec-3] cn.cy.system.controller.LoginController [LoginController.java : 65] 进入登录页面
2020-06-10 09:51:42,159 [DEBUG] [http-nio-7020-exec-5] cn.cy.system.controller.LoginController [LoginController.java : 65] 进入登录页面
2020-06-10 09:51:46,494 [DEBUG] [http-nio-7020-exec-6] cn.cy.system.dao.ISystemUserDao.selectEntityByUsername [BaseJdbcLogger.java : 159] ==>  Preparing: select * from t_system_user where username = ? 
2020-06-10 09:51:46,522 [DEBUG] [http-nio-7020-exec-6] cn.cy.system.dao.ISystemUserDao.selectEntityByUsername [BaseJdbcLogger.java : 159] ==> Parameters: super(String)
2020-06-10 09:51:46,547 [DEBUG] [http-nio-7020-exec-6] cn.cy.system.dao.ISystemUserDao.selectEntityByUsername [BaseJdbcLogger.java : 159] <==      Total: 1
2020-06-10 09:51:46,602 [DEBUG] [http-nio-7020-exec-6] cn.cy.system.dao.ISystemUserDao.selectOne [BaseJdbcLogger.java : 159] ==>  Preparing: SELECT list_id AS ListId,username,`password`,user_role_id AS userRoleId,remark,is_delete AS isDelete FROM t_system_user WHERE username=? 
2020-06-10 09:51:46,603 [DEBUG] [http-nio-7020-exec-6] cn.cy.system.dao.ISystemUserDao.selectOne [BaseJdbcLogger.java : 159] ==> Parameters: super(String)
2020-06-10 09:51:46,605 [DEBUG] [http-nio-7020-exec-6] cn.cy.system.dao.ISystemUserDao.selectOne [BaseJdbcLogger.java : 159] <==      Total: 1
2020-06-10 09:51:47,259 [DEBUG] [http-nio-7020-exec-17] cn.cy.system.dao.ISystemMenuDao.getAllMenuList [BaseJdbcLogger.java : 159] ==>  Preparing: select * from t_system_menu ORDER BY SORT 
2020-06-10 09:51:47,260 [DEBUG] [http-nio-7020-exec-17] cn.cy.system.dao.ISystemMenuDao.getAllMenuList [BaseJdbcLogger.java : 159] ==> Parameters: 
2020-06-10 09:51:47,283 [DEBUG] [http-nio-7020-exec-17] cn.cy.system.dao.ISystemMenuDao.getAllMenuList [BaseJdbcLogger.java : 159] <==      Total: 6
2020-06-10 09:53:54,978 [DEBUG] [http-nio-7020-exec-4] cn.cy.business.dao.IBuyerDao.selectPage [BaseJdbcLogger.java : 159] ==>  Preparing: SELECT list_id AS listId,`name` FROM t_buyer 
2020-06-10 09:53:54,979 [DEBUG] [http-nio-7020-exec-4] cn.cy.business.dao.IBuyerDao.selectPage [BaseJdbcLogger.java : 159] ==> Parameters: 
2020-06-10 09:53:54,981 [DEBUG] [http-nio-7020-exec-4] cn.cy.business.dao.IBuyerDao.selectPage [BaseJdbcLogger.java : 159] <==      Total: 1
2020-06-10 09:53:57,156 [DEBUG] [http-nio-7020-exec-8] cn.cy.business.dao.IBuyerDao.selectPage [BaseJdbcLogger.java : 159] ==>  Preparing: SELECT list_id AS listId,`name` FROM t_buyer 
2020-06-10 09:53:57,157 [DEBUG] [http-nio-7020-exec-8] cn.cy.business.dao.IBuyerDao.selectPage [BaseJdbcLogger.java : 159] ==> Parameters: 
2020-06-10 09:53:57,160 [DEBUG] [http-nio-7020-exec-8] cn.cy.business.dao.IBuyerDao.selectPage [BaseJdbcLogger.java : 159] <==      Total: 1
2020-06-10 10:51:41,578 [INFO] [SessionValidationThread-1] o.apache.shiro.session.mgt.AbstractValidatingSessionManager [AbstractValidatingSessionManager.java : 275] Validating all active sessions...
2020-06-10 10:51:41,583 [INFO] [SessionValidationThread-1] o.apache.shiro.session.mgt.AbstractValidatingSessionManager [AbstractValidatingSessionManager.java : 308] Finished session validation.  No sessions were stopped.
2020-06-10 16:05:49,888 [INFO] [main] cn.cy.AquariusApplication [StartupInfoLogger.java : 48] Starting AquariusApplication on DESKTOP-7G0GALH with PID 2740 (W:\GitRepository\GitHub\spring-boot-demo\target\classes started by chengyun in W:\GitRepository\GitHub\spring-boot-demo)
2020-06-10 16:05:49,890 [DEBUG] [main] cn.cy.AquariusApplication [StartupInfoLogger.java : 51] Running with Spring Boot v2.0.0.M2, Spring v5.0.0.RC2
2020-06-10 16:05:49,890 [INFO] [main] cn.cy.AquariusApplication [SpringApplication.java : 654] The following profiles are active: scbid
2020-06-10 16:05:49,959 [INFO] [main] o.s.b.w.s.c.AnnotationConfigServletWebServerApplicationContext [AbstractApplicationContext.java : 582] Refreshing org.springframework.boot.web.servlet.context.AnnotationConfigServletWebServerApplicationContext@32f232a5: startup date [Wed Jun 10 16:05:49 CST 2020]; root of context hierarchy
2020-06-10 16:05:50,965 [INFO] [main] o.s.beans.factory.support.DefaultListableBeanFactory [DefaultListableBeanFactory.java : 811] Overriding bean definition for bean 'dataSource' with a different definition: replacing [Root bean: class [null]; scope=; abstract=false; lazyInit=false; autowireMode=3; dependencyCheck=0; autowireCandidate=true; primary=false; factoryBeanName=org.springframework.boot.autoconfigure.jdbc.DataSourceConfiguration$Generic; factoryMethodName=dataSource; initMethodName=null; destroyMethodName=(inferred); defined in class path resource [org/springframework/boot/autoconfigure/jdbc/DataSourceConfiguration$Generic.class]] with [Root bean: class [null]; scope=; abstract=false; lazyInit=false; autowireMode=3; dependencyCheck=0; autowireCandidate=true; primary=false; factoryBeanName=org.springframework.boot.autoconfigure.jdbc.DataSourceConfiguration$Hikari; factoryMethodName=dataSource; initMethodName=null; destroyMethodName=(inferred); defined in class path resource [org/springframework/boot/autoconfigure/jdbc/DataSourceConfiguration$Hikari.class]]
2020-06-10 16:05:51,022 [INFO] [main] o.s.data.repository.config.RepositoryConfigurationDelegate [RepositoryConfigurationDelegate.java : 160] Multiple Spring Data modules found, entering strict repository configuration mode!
2020-06-10 16:05:51,535 [INFO] [main] o.s.c.s.PostProcessorRegistrationDelegate$BeanPostProcessorChecker [PostProcessorRegistrationDelegate.java : 326] Bean 'shiroConfig' of type [cn.cy.common.config.ShiroConfig$$EnhancerBySpringCGLIB$$fd835684] is not eligible for getting processed by all BeanPostProcessors (for example: not eligible for auto-proxying)
2020-06-10 16:05:51,899 [INFO] [main] o.s.c.s.PostProcessorRegistrationDelegate$BeanPostProcessorChecker [PostProcessorRegistrationDelegate.java : 326] Bean 'mybatis-plus-com.baomidou.mybatisplus.spring.boot.starter.MybatisPlusProperties' of type [com.baomidou.mybatisplus.spring.boot.starter.MybatisPlusProperties] is not eligible for getting processed by all BeanPostProcessors (for example: not eligible for auto-proxying)
2020-06-10 16:05:51,911 [INFO] [main] o.s.c.s.PostProcessorRegistrationDelegate$BeanPostProcessorChecker [PostProcessorRegistrationDelegate.java : 326] Bean 'com.baomidou.mybatisplus.spring.boot.starter.MybatisPlusAutoConfiguration' of type [com.baomidou.mybatisplus.spring.boot.starter.MybatisPlusAutoConfiguration$$EnhancerBySpringCGLIB$$1d1bd407] is not eligible for getting processed by all BeanPostProcessors (for example: not eligible for auto-proxying)
2020-06-10 16:05:51,916 [INFO] [main] o.s.c.s.PostProcessorRegistrationDelegate$BeanPostProcessorChecker [PostProcessorRegistrationDelegate.java : 326] Bean 'org.springframework.boot.autoconfigure.jdbc.DataSourceConfiguration$Hikari' of type [org.springframework.boot.autoconfigure.jdbc.DataSourceConfiguration$Hikari] is not eligible for getting processed by all BeanPostProcessors (for example: not eligible for auto-proxying)
2020-06-10 16:05:51,944 [INFO] [main] o.s.c.s.PostProcessorRegistrationDelegate$BeanPostProcessorChecker [PostProcessorRegistrationDelegate.java : 326] Bean 'spring.datasource-org.springframework.boot.autoconfigure.jdbc.DataSourceProperties' of type [org.springframework.boot.autoconfigure.jdbc.DataSourceProperties] is not eligible for getting processed by all BeanPostProcessors (for example: not eligible for auto-proxying)
2020-06-10 16:05:52,020 [INFO] [main] o.s.c.s.PostProcessorRegistrationDelegate$BeanPostProcessorChecker [PostProcessorRegistrationDelegate.java : 326] Bean 'dataSource' of type [com.zaxxer.hikari.HikariDataSource] is not eligible for getting processed by all BeanPostProcessors (for example: not eligible for auto-proxying)
2020-06-10 16:05:52,042 [INFO] [main] com.zaxxer.hikari.HikariDataSource [HikariDataSource.java : 95] DatebookHikariCP - Starting...
2020-06-10 16:05:52,050 [WARN] [main] com.zaxxer.hikari.util.DriverDataSource [DriverDataSource.java : 68] Registered driver with driverClassName=com.mysql.jdbc.Driver was not found, trying direct instantiation.
2020-06-10 16:05:52,842 [INFO] [main] com.zaxxer.hikari.HikariDataSource [HikariDataSource.java : 107] DatebookHikariCP - Start completed.
2020-06-10 16:05:53,255 [INFO] [main] o.s.c.s.PostProcessorRegistrationDelegate$BeanPostProcessorChecker [PostProcessorRegistrationDelegate.java : 326] Bean 'sqlSessionFactory' of type [org.apache.ibatis.session.defaults.DefaultSqlSessionFactory] is not eligible for getting processed by all BeanPostProcessors (for example: not eligible for auto-proxying)
2020-06-10 16:05:53,267 [INFO] [main] o.s.c.s.PostProcessorRegistrationDelegate$BeanPostProcessorChecker [PostProcessorRegistrationDelegate.java : 326] Bean 'sqlSessionTemplate' of type [org.mybatis.spring.SqlSessionTemplate] is not eligible for getting processed by all BeanPostProcessors (for example: not eligible for auto-proxying)
2020-06-10 16:05:53,268 [INFO] [main] o.s.c.s.PostProcessorRegistrationDelegate$BeanPostProcessorChecker [PostProcessorRegistrationDelegate.java : 326] Bean 'ISystemUserDao' of type [org.mybatis.spring.mapper.MapperFactoryBean] is not eligible for getting processed by all BeanPostProcessors (for example: not eligible for auto-proxying)
2020-06-10 16:05:53,272 [INFO] [main] o.s.c.s.PostProcessorRegistrationDelegate$BeanPostProcessorChecker [PostProcessorRegistrationDelegate.java : 326] Bean 'ISystemUserDao' of type [com.sun.proxy.$Proxy59] is not eligible for getting processed by all BeanPostProcessors (for example: not eligible for auto-proxying)
2020-06-10 16:05:53,277 [INFO] [main] o.s.c.s.PostProcessorRegistrationDelegate$BeanPostProcessorChecker [PostProcessorRegistrationDelegate.java : 326] Bean 'ISystemMenuDao' of type [org.mybatis.spring.mapper.MapperFactoryBean] is not eligible for getting processed by all BeanPostProcessors (for example: not eligible for auto-proxying)
2020-06-10 16:05:53,280 [INFO] [main] o.s.c.s.PostProcessorRegistrationDelegate$BeanPostProcessorChecker [PostProcessorRegistrationDelegate.java : 326] Bean 'ISystemMenuDao' of type [com.sun.proxy.$Proxy60] is not eligible for getting processed by all BeanPostProcessors (for example: not eligible for auto-proxying)
2020-06-10 16:05:53,281 [INFO] [main] o.s.c.s.PostProcessorRegistrationDelegate$BeanPostProcessorChecker [PostProcessorRegistrationDelegate.java : 326] Bean 'userRealm' of type [cn.cy.common.shrio.UserRealm] is not eligible for getting processed by all BeanPostProcessors (for example: not eligible for auto-proxying)
2020-06-10 16:05:53,317 [INFO] [main] o.s.c.s.PostProcessorRegistrationDelegate$BeanPostProcessorChecker [PostProcessorRegistrationDelegate.java : 326] Bean 'sessionManager' of type [org.apache.shiro.web.session.mgt.DefaultWebSessionManager] is not eligible for getting processed by all BeanPostProcessors (for example: not eligible for auto-proxying)
2020-06-10 16:05:53,356 [INFO] [main] o.s.c.s.PostProcessorRegistrationDelegate$BeanPostProcessorChecker [PostProcessorRegistrationDelegate.java : 326] Bean 'securityManager' of type [org.apache.shiro.web.mgt.DefaultWebSecurityManager] is not eligible for getting processed by all BeanPostProcessors (for example: not eligible for auto-proxying)
2020-06-10 16:05:53,447 [INFO] [main] o.s.c.s.PostProcessorRegistrationDelegate$BeanPostProcessorChecker [PostProcessorRegistrationDelegate.java : 326] Bean 'authorizationAttributeSourceAdvisor' of type [org.apache.shiro.spring.security.interceptor.AuthorizationAttributeSourceAdvisor] is not eligible for getting processed by all BeanPostProcessors (for example: not eligible for auto-proxying)
2020-06-10 16:05:53,493 [INFO] [main] o.s.c.s.PostProcessorRegistrationDelegate$BeanPostProcessorChecker [PostProcessorRegistrationDelegate.java : 326] Bean 'org.springframework.transaction.annotation.ProxyTransactionManagementConfiguration' of type [org.springframework.transaction.annotation.ProxyTransactionManagementConfiguration$$EnhancerBySpringCGLIB$$cf7c35aa] is not eligible for getting processed by all BeanPostProcessors (for example: not eligible for auto-proxying)
2020-06-10 16:05:54,289 [INFO] [main] org.springframework.boot.web.embedded.tomcat.TomcatWebServer [TomcatWebServer.java : 86] Tomcat initialized with port(s): 7020 (http)
2020-06-10 16:05:54,304 [INFO] [main] org.apache.catalina.core.StandardService [DirectJDKLog.java : 179] Starting service [Tomcat]
2020-06-10 16:05:54,305 [INFO] [main] org.apache.catalina.core.StandardEngine [DirectJDKLog.java : 179] Starting Servlet Engine: Apache Tomcat/8.5.15
2020-06-10 16:05:54,504 [INFO] [localhost-startStop-1] o.a.catalina.core.ContainerBase.[Tomcat].[localhost].[/] [DirectJDKLog.java : 179] Initializing Spring embedded WebApplicationContext
2020-06-10 16:05:54,504 [INFO] [localhost-startStop-1] org.springframework.web.context.ContextLoader [ServletWebServerApplicationContext.java : 272] Root WebApplicationContext: initialization completed in 4545 ms
2020-06-10 16:05:55,403 [INFO] [localhost-startStop-1] org.springframework.boot.web.servlet.FilterRegistrationBean [AbstractFilterRegistrationBean.java : 251] Mapping filter: 'characterEncodingFilter' to: [/*]
2020-06-10 16:05:55,404 [INFO] [localhost-startStop-1] org.springframework.boot.web.servlet.FilterRegistrationBean [AbstractFilterRegistrationBean.java : 251] Mapping filter: 'hiddenHttpMethodFilter' to: [/*]
2020-06-10 16:05:55,405 [INFO] [localhost-startStop-1] org.springframework.boot.web.servlet.FilterRegistrationBean [AbstractFilterRegistrationBean.java : 251] Mapping filter: 'httpPutFormContentFilter' to: [/*]
2020-06-10 16:05:55,405 [INFO] [localhost-startStop-1] org.springframework.boot.web.servlet.FilterRegistrationBean [AbstractFilterRegistrationBean.java : 251] Mapping filter: 'requestContextFilter' to: [/*]
2020-06-10 16:05:55,406 [INFO] [localhost-startStop-1] org.springframework.boot.web.servlet.FilterRegistrationBean [AbstractFilterRegistrationBean.java : 264] Mapping filter: 'delegatingFilterProxy' to urls: [/*]
2020-06-10 16:05:55,406 [INFO] [localhost-startStop-1] org.springframework.boot.web.servlet.FilterRegistrationBean [AbstractFilterRegistrationBean.java : 264] Mapping filter: 'xssFilter' to urls: [/*]
2020-06-10 16:05:55,406 [INFO] [localhost-startStop-1] org.springframework.boot.web.servlet.FilterRegistrationBean [AbstractFilterRegistrationBean.java : 251] Mapping filter: 'shiroFilter' to: [/*]
2020-06-10 16:05:55,406 [INFO] [localhost-startStop-1] org.springframework.boot.web.servlet.ServletRegistrationBean [ServletRegistrationBean.java : 191] Mapping servlet: 'dispatcherServlet' to [/]
2020-06-10 16:05:59,270 [INFO] [main] o.s.w.s.mvc.method.annotation.RequestMappingHandlerAdapter [RequestMappingHandlerAdapter.java : 560] Looking for @ControllerAdvice: org.springframework.boot.web.servlet.context.AnnotationConfigServletWebServerApplicationContext@32f232a5: startup date [Wed Jun 10 16:05:49 CST 2020]; root of context hierarchy
2020-06-10 16:05:59,603 [INFO] [main] o.s.w.s.mvc.method.annotation.RequestMappingHandlerMapping [AbstractHandlerMethodMapping.java : 548] Mapped "{[/buyer/listData],methods=[POST || GET]}" onto public cn.cy.common.utils.R cn.cy.business.controller.BuyerController.list(java.util.Map<java.lang.String, java.lang.Object>)
2020-06-10 16:05:59,605 [INFO] [main] o.s.w.s.mvc.method.annotation.RequestMappingHandlerMapping [AbstractHandlerMethodMapping.java : 548] Mapped "{[/buyer/buyerList]}" onto public java.lang.String cn.cy.business.controller.BuyerController.buyerList()
2020-06-10 16:05:59,606 [INFO] [main] o.s.w.s.mvc.method.annotation.RequestMappingHandlerMapping [AbstractHandlerMethodMapping.java : 548] Mapped "{[/seller/sellerList]}" onto public java.lang.String cn.cy.business.controller.SellerController.sellerList()
2020-06-10 16:05:59,608 [INFO] [main] o.s.w.s.mvc.method.annotation.RequestMappingHandlerMapping [AbstractHandlerMethodMapping.java : 548] Mapped "{[/index.html]}" onto public java.lang.String cn.cy.system.controller.LoginController.index()
2020-06-10 16:05:59,608 [INFO] [main] o.s.w.s.mvc.method.annotation.RequestMappingHandlerMapping [AbstractHandlerMethodMapping.java : 548] Mapped "{[/captcha.jpg]}" onto public void cn.cy.system.controller.LoginController.captcha(javax.servlet.http.HttpServletResponse) throws java.io.IOException
2020-06-10 16:05:59,608 [INFO] [main] o.s.w.s.mvc.method.annotation.RequestMappingHandlerMapping [AbstractHandlerMethodMapping.java : 548] Mapped "{[/login],methods=[POST || GET]}" onto public cn.cy.common.utils.R cn.cy.system.controller.LoginController.login(java.lang.String,java.lang.String,java.lang.String)
2020-06-10 16:05:59,609 [INFO] [main] o.s.w.s.mvc.method.annotation.RequestMappingHandlerMapping [AbstractHandlerMethodMapping.java : 548] Mapped "{[/logout],methods=[POST || GET]}" onto public java.lang.String cn.cy.system.controller.LoginController.logout()
2020-06-10 16:05:59,610 [INFO] [main] o.s.w.s.mvc.method.annotation.RequestMappingHandlerMapping [AbstractHandlerMethodMapping.java : 548] Mapped "{[/sysMenu/getMenu],methods=[POST || GET]}" onto public cn.cy.common.utils.R cn.cy.system.controller.SysMenuController.getMenu()
2020-06-10 16:05:59,611 [INFO] [main] o.s.w.s.mvc.method.annotation.RequestMappingHandlerMapping [AbstractHandlerMethodMapping.java : 548] Mapped "{[/main.html]}" onto public java.lang.String cn.cy.system.controller.SysPageController.main(javax.servlet.http.HttpServletRequest)
2020-06-10 16:05:59,612 [INFO] [main] o.s.w.s.mvc.method.annotation.RequestMappingHandlerMapping [AbstractHandlerMethodMapping.java : 548] Mapped "{[/homePage.html]}" onto public java.lang.String cn.cy.system.controller.SysPageController.homePage(javax.servlet.http.HttpServletRequest)
2020-06-10 16:05:59,616 [INFO] [main] o.s.w.s.mvc.method.annotation.RequestMappingHandlerMapping [AbstractHandlerMethodMapping.java : 548] Mapped "{[/error]}" onto public org.springframework.http.ResponseEntity<java.util.Map<java.lang.String, java.lang.Object>> org.springframework.boot.autoconfigure.web.servlet.error.BasicErrorController.error(javax.servlet.http.HttpServletRequest)
2020-06-10 16:05:59,618 [INFO] [main] o.s.w.s.mvc.method.annotation.RequestMappingHandlerMapping [AbstractHandlerMethodMapping.java : 548] Mapped "{[/error],produces=[text/html]}" onto public org.springframework.web.servlet.ModelAndView org.springframework.boot.autoconfigure.web.servlet.error.BasicErrorController.errorHtml(javax.servlet.http.HttpServletRequest,javax.servlet.http.HttpServletResponse)
2020-06-10 16:06:00,144 [INFO] [main] o.s.web.servlet.handler.SimpleUrlHandlerMapping [AbstractUrlHandlerMapping.java : 369] Mapped URL path [/statics/**] onto handler of type [class org.springframework.web.servlet.resource.ResourceHttpRequestHandler]
2020-06-10 16:06:00,144 [INFO] [main] o.s.web.servlet.handler.SimpleUrlHandlerMapping [AbstractUrlHandlerMapping.java : 369] Mapped URL path [/webjars/**] onto handler of type [class org.springframework.web.servlet.resource.ResourceHttpRequestHandler]
2020-06-10 16:06:00,144 [INFO] [main] o.s.web.servlet.handler.SimpleUrlHandlerMapping [AbstractUrlHandlerMapping.java : 369] Mapped URL path [/**] onto handler of type [class org.springframework.web.servlet.resource.ResourceHttpRequestHandler]
2020-06-10 16:06:00,492 [INFO] [main] o.s.web.servlet.handler.SimpleUrlHandlerMapping [AbstractUrlHandlerMapping.java : 369] Mapped URL path [/**/favicon.ico] onto handler of type [class org.springframework.web.servlet.resource.ResourceHttpRequestHandler]
2020-06-10 16:06:01,918 [INFO] [main] o.s.web.servlet.view.freemarker.FreeMarkerConfigurer [FreeMarkerConfigurer.java : 127] ClassTemplateLoader for Spring macros added to FreeMarker configuration
2020-06-10 16:06:03,053 [INFO] [main] o.s.jmx.export.annotation.AnnotationMBeanExporter [MBeanExporter.java : 429] Registering beans for JMX exposure on startup
2020-06-10 16:06:03,055 [INFO] [main] o.s.jmx.export.annotation.AnnotationMBeanExporter [MBeanExporter.java : 912] Bean with name 'dataSource' has been autodetected for JMX exposure
2020-06-10 16:06:03,060 [INFO] [main] o.s.jmx.export.annotation.AnnotationMBeanExporter [MBeanExporter.java : 675] Located MBean 'dataSource': registering with JMX server as MBean [com.zaxxer.hikari:name=dataSource,type=HikariDataSource]
2020-06-10 16:06:03,135 [INFO] [main] org.springframework.boot.web.embedded.tomcat.TomcatWebServer [TomcatWebServer.java : 194] Tomcat started on port(s): 7020 (http)
2020-06-10 16:06:03,141 [INFO] [main] cn.cy.AquariusApplication [StartupInfoLogger.java : 57] Started AquariusApplication in 13.88 seconds (JVM running for 14.668)
2020-06-10 16:06:54,334 [INFO] [http-nio-7020-exec-1] o.a.catalina.core.ContainerBase.[Tomcat].[localhost].[/] [DirectJDKLog.java : 179] Initializing Spring FrameworkServlet 'dispatcherServlet'
2020-06-10 16:06:54,334 [INFO] [http-nio-7020-exec-1] org.springframework.web.servlet.DispatcherServlet [FrameworkServlet.java : 488] FrameworkServlet 'dispatcherServlet': initialization started
2020-06-10 16:06:54,401 [INFO] [http-nio-7020-exec-1] org.springframework.web.servlet.DispatcherServlet [FrameworkServlet.java : 507] FrameworkServlet 'dispatcherServlet': initialization completed in 67 ms
2020-06-10 16:06:54,427 [INFO] [http-nio-7020-exec-1] o.apache.shiro.session.mgt.AbstractValidatingSessionManager [AbstractValidatingSessionManager.java : 233] Enabling session validation scheduler...
2020-06-10 16:06:54,472 [DEBUG] [http-nio-7020-exec-1] cn.cy.system.controller.LoginController [LoginController.java : 65] 进入登录页面
2020-06-10 16:06:56,090 [DEBUG] [http-nio-7020-exec-20] cn.cy.system.dao.ISystemUserDao.selectEntityByUsername [BaseJdbcLogger.java : 159] ==>  Preparing: select * from t_system_user where username = ? 
2020-06-10 16:06:56,112 [DEBUG] [http-nio-7020-exec-20] cn.cy.system.dao.ISystemUserDao.selectEntityByUsername [BaseJdbcLogger.java : 159] ==> Parameters: super(String)
2020-06-10 16:06:56,130 [DEBUG] [http-nio-7020-exec-20] cn.cy.system.dao.ISystemUserDao.selectEntityByUsername [BaseJdbcLogger.java : 159] <==      Total: 1
2020-06-10 16:06:56,171 [DEBUG] [http-nio-7020-exec-20] cn.cy.system.dao.ISystemUserDao.selectOne [BaseJdbcLogger.java : 159] ==>  Preparing: SELECT list_id AS ListId,username,`password`,user_role_id AS userRoleId,remark,is_delete AS isDelete FROM t_system_user WHERE username=? 
2020-06-10 16:06:56,172 [DEBUG] [http-nio-7020-exec-20] cn.cy.system.dao.ISystemUserDao.selectOne [BaseJdbcLogger.java : 159] ==> Parameters: super(String)
2020-06-10 16:06:56,174 [DEBUG] [http-nio-7020-exec-20] cn.cy.system.dao.ISystemUserDao.selectOne [BaseJdbcLogger.java : 159] <==      Total: 1
2020-06-10 16:06:56,427 [DEBUG] [http-nio-7020-exec-15] cn.cy.system.dao.ISystemUserDao.selectEntityByUsername [BaseJdbcLogger.java : 159] ==>  Preparing: select * from t_system_user where username = ? 
2020-06-10 16:06:56,428 [DEBUG] [http-nio-7020-exec-15] cn.cy.system.dao.ISystemUserDao.selectEntityByUsername [BaseJdbcLogger.java : 159] ==> Parameters: super(String)
2020-06-10 16:06:56,431 [DEBUG] [http-nio-7020-exec-15] cn.cy.system.dao.ISystemUserDao.selectEntityByUsername [BaseJdbcLogger.java : 159] <==      Total: 1
2020-06-10 16:06:56,881 [DEBUG] [http-nio-7020-exec-24] cn.cy.system.dao.ISystemMenuDao.getAllMenuList [BaseJdbcLogger.java : 159] ==>  Preparing: select * from t_system_menu ORDER BY SORT 
2020-06-10 16:06:56,882 [DEBUG] [http-nio-7020-exec-24] cn.cy.system.dao.ISystemMenuDao.getAllMenuList [BaseJdbcLogger.java : 159] ==> Parameters: 
2020-06-10 16:06:56,886 [DEBUG] [http-nio-7020-exec-24] cn.cy.system.dao.ISystemMenuDao.getAllMenuList [BaseJdbcLogger.java : 159] <==      Total: 6
2020-06-10 16:06:58,414 [DEBUG] [http-nio-7020-exec-9] cn.cy.business.dao.IBuyerDao.selectPage [BaseJdbcLogger.java : 159] ==>  Preparing: SELECT list_id AS listId,`name` FROM t_buyer 
2020-06-10 16:06:58,414 [DEBUG] [http-nio-7020-exec-9] cn.cy.business.dao.IBuyerDao.selectPage [BaseJdbcLogger.java : 159] ==> Parameters: 
2020-06-10 16:06:58,416 [DEBUG] [http-nio-7020-exec-9] cn.cy.business.dao.IBuyerDao.selectPage [BaseJdbcLogger.java : 159] <==      Total: 1
2020-06-10 16:19:08,938 [DEBUG] [http-nio-7020-exec-29] cn.cy.system.controller.LoginController [LoginController.java : 65] 进入登录页面
2020-06-10 16:19:10,160 [DEBUG] [http-nio-7020-exec-30] cn.cy.system.dao.ISystemUserDao.selectEntityByUsername [BaseJdbcLogger.java : 159] ==>  Preparing: select * from t_system_user where username = ? 
2020-06-10 16:19:10,161 [DEBUG] [http-nio-7020-exec-30] cn.cy.system.dao.ISystemUserDao.selectEntityByUsername [BaseJdbcLogger.java : 159] ==> Parameters: super(String)
2020-06-10 16:19:10,163 [DEBUG] [http-nio-7020-exec-30] cn.cy.system.dao.ISystemUserDao.selectEntityByUsername [BaseJdbcLogger.java : 159] <==      Total: 1
2020-06-10 16:19:10,164 [DEBUG] [http-nio-7020-exec-30] cn.cy.system.dao.ISystemUserDao.selectOne [BaseJdbcLogger.java : 159] ==>  Preparing: SELECT list_id AS ListId,username,`password`,user_role_id AS userRoleId,remark,is_delete AS isDelete FROM t_system_user WHERE username=? 
2020-06-10 16:19:10,165 [DEBUG] [http-nio-7020-exec-30] cn.cy.system.dao.ISystemUserDao.selectOne [BaseJdbcLogger.java : 159] ==> Parameters: super(String)
2020-06-10 16:19:10,166 [DEBUG] [http-nio-7020-exec-30] cn.cy.system.dao.ISystemUserDao.selectOne [BaseJdbcLogger.java : 159] <==      Total: 1
2020-06-10 16:19:10,226 [DEBUG] [http-nio-7020-exec-3] cn.cy.system.dao.ISystemMenuDao.getAllMenuList [BaseJdbcLogger.java : 159] ==>  Preparing: select * from t_system_menu ORDER BY SORT 
2020-06-10 16:19:10,227 [DEBUG] [http-nio-7020-exec-3] cn.cy.system.dao.ISystemMenuDao.getAllMenuList [BaseJdbcLogger.java : 159] ==> Parameters: 
2020-06-10 16:19:10,231 [DEBUG] [http-nio-7020-exec-3] cn.cy.system.dao.ISystemMenuDao.getAllMenuList [BaseJdbcLogger.java : 159] <==      Total: 6
2020-06-10 16:19:11,178 [DEBUG] [http-nio-7020-exec-6] cn.cy.business.dao.IBuyerDao.selectPage [BaseJdbcLogger.java : 159] ==>  Preparing: SELECT list_id AS listId,`name` FROM t_buyer 
2020-06-10 16:19:11,178 [DEBUG] [http-nio-7020-exec-6] cn.cy.business.dao.IBuyerDao.selectPage [BaseJdbcLogger.java : 159] ==> Parameters: 
2020-06-10 16:19:11,180 [DEBUG] [http-nio-7020-exec-6] cn.cy.business.dao.IBuyerDao.selectPage [BaseJdbcLogger.java : 159] <==      Total: 1
2020-06-10 16:20:26,384 [DEBUG] [http-nio-7020-exec-8] cn.cy.business.dao.IBuyerDao.selectPage [BaseJdbcLogger.java : 159] ==>  Preparing: SELECT list_id AS listId,`name` FROM t_buyer 
2020-06-10 16:20:26,385 [DEBUG] [http-nio-7020-exec-8] cn.cy.business.dao.IBuyerDao.selectPage [BaseJdbcLogger.java : 159] ==> Parameters: 
2020-06-10 16:20:26,387 [DEBUG] [http-nio-7020-exec-8] cn.cy.business.dao.IBuyerDao.selectPage [BaseJdbcLogger.java : 159] <==      Total: 1
2020-06-10 16:21:59,292 [DEBUG] [http-nio-7020-exec-20] cn.cy.system.dao.ISystemMenuDao.getAllMenuList [BaseJdbcLogger.java : 159] ==>  Preparing: select * from t_system_menu ORDER BY SORT 
2020-06-10 16:21:59,293 [DEBUG] [http-nio-7020-exec-20] cn.cy.system.dao.ISystemMenuDao.getAllMenuList [BaseJdbcLogger.java : 159] ==> Parameters: 
2020-06-10 16:21:59,299 [DEBUG] [http-nio-7020-exec-20] cn.cy.system.dao.ISystemMenuDao.getAllMenuList [BaseJdbcLogger.java : 159] <==      Total: 6
2020-06-10 16:22:01,012 [DEBUG] [http-nio-7020-exec-24] cn.cy.business.dao.IBuyerDao.selectPage [BaseJdbcLogger.java : 159] ==>  Preparing: SELECT list_id AS listId,`name` FROM t_buyer 
2020-06-10 16:22:01,012 [DEBUG] [http-nio-7020-exec-24] cn.cy.business.dao.IBuyerDao.selectPage [BaseJdbcLogger.java : 159] ==> Parameters: 
2020-06-10 16:22:01,014 [DEBUG] [http-nio-7020-exec-24] cn.cy.business.dao.IBuyerDao.selectPage [BaseJdbcLogger.java : 159] <==      Total: 1
2020-06-10 16:22:47,069 [DEBUG] [http-nio-7020-exec-18] cn.cy.system.dao.ISystemMenuDao.getAllMenuList [BaseJdbcLogger.java : 159] ==>  Preparing: select * from t_system_menu ORDER BY SORT 
2020-06-10 16:22:47,070 [DEBUG] [http-nio-7020-exec-18] cn.cy.system.dao.ISystemMenuDao.getAllMenuList [BaseJdbcLogger.java : 159] ==> Parameters: 
2020-06-10 16:22:47,073 [DEBUG] [http-nio-7020-exec-18] cn.cy.system.dao.ISystemMenuDao.getAllMenuList [BaseJdbcLogger.java : 159] <==      Total: 6
2020-06-10 16:22:47,248 [DEBUG] [http-nio-7020-exec-26] cn.cy.system.dao.ISystemMenuDao.getAllMenuList [BaseJdbcLogger.java : 159] ==>  Preparing: select * from t_system_menu ORDER BY SORT 
2020-06-10 16:22:47,249 [DEBUG] [http-nio-7020-exec-26] cn.cy.system.dao.ISystemMenuDao.getAllMenuList [BaseJdbcLogger.java : 159] ==> Parameters: 
2020-06-10 16:22:47,253 [DEBUG] [http-nio-7020-exec-26] cn.cy.system.dao.ISystemMenuDao.getAllMenuList [BaseJdbcLogger.java : 159] <==      Total: 6
2020-06-10 16:22:47,412 [DEBUG] [http-nio-7020-exec-1] cn.cy.system.dao.ISystemMenuDao.getAllMenuList [BaseJdbcLogger.java : 159] ==>  Preparing: select * from t_system_menu ORDER BY SORT 
2020-06-10 16:22:47,413 [DEBUG] [http-nio-7020-exec-1] cn.cy.system.dao.ISystemMenuDao.getAllMenuList [BaseJdbcLogger.java : 159] ==> Parameters: 
2020-06-10 16:22:47,416 [DEBUG] [http-nio-7020-exec-1] cn.cy.system.dao.ISystemMenuDao.getAllMenuList [BaseJdbcLogger.java : 159] <==      Total: 6
2020-06-10 16:22:47,603 [DEBUG] [http-nio-7020-exec-6] cn.cy.system.dao.ISystemMenuDao.getAllMenuList [BaseJdbcLogger.java : 159] ==>  Preparing: select * from t_system_menu ORDER BY SORT 
2020-06-10 16:22:47,604 [DEBUG] [http-nio-7020-exec-6] cn.cy.system.dao.ISystemMenuDao.getAllMenuList [BaseJdbcLogger.java : 159] ==> Parameters: 
2020-06-10 16:22:47,608 [DEBUG] [http-nio-7020-exec-6] cn.cy.system.dao.ISystemMenuDao.getAllMenuList [BaseJdbcLogger.java : 159] <==      Total: 6
2020-06-10 16:22:47,772 [DEBUG] [http-nio-7020-exec-12] cn.cy.system.dao.ISystemMenuDao.getAllMenuList [BaseJdbcLogger.java : 159] ==>  Preparing: select * from t_system_menu ORDER BY SORT 
2020-06-10 16:22:47,773 [DEBUG] [http-nio-7020-exec-12] cn.cy.system.dao.ISystemMenuDao.getAllMenuList [BaseJdbcLogger.java : 159] ==> Parameters: 
2020-06-10 16:22:47,777 [DEBUG] [http-nio-7020-exec-12] cn.cy.system.dao.ISystemMenuDao.getAllMenuList [BaseJdbcLogger.java : 159] <==      Total: 6
2020-06-10 16:22:47,950 [DEBUG] [http-nio-7020-exec-14] cn.cy.system.dao.ISystemMenuDao.getAllMenuList [BaseJdbcLogger.java : 159] ==>  Preparing: select * from t_system_menu ORDER BY SORT 
2020-06-10 16:22:47,951 [DEBUG] [http-nio-7020-exec-14] cn.cy.system.dao.ISystemMenuDao.getAllMenuList [BaseJdbcLogger.java : 159] ==> Parameters: 
2020-06-10 16:22:47,955 [DEBUG] [http-nio-7020-exec-14] cn.cy.system.dao.ISystemMenuDao.getAllMenuList [BaseJdbcLogger.java : 159] <==      Total: 6
2020-06-10 16:22:48,471 [DEBUG] [http-nio-7020-exec-17] cn.cy.business.dao.IBuyerDao.selectPage [BaseJdbcLogger.java : 159] ==>  Preparing: SELECT list_id AS listId,`name` FROM t_buyer 
2020-06-10 16:22:48,472 [DEBUG] [http-nio-7020-exec-17] cn.cy.business.dao.IBuyerDao.selectPage [BaseJdbcLogger.java : 159] ==> Parameters: 
2020-06-10 16:22:48,474 [DEBUG] [http-nio-7020-exec-17] cn.cy.business.dao.IBuyerDao.selectPage [BaseJdbcLogger.java : 159] <==      Total: 1
2020-06-10 16:22:50,514 [DEBUG] [http-nio-7020-exec-4] cn.cy.system.dao.ISystemMenuDao.getAllMenuList [BaseJdbcLogger.java : 159] ==>  Preparing: select * from t_system_menu ORDER BY SORT 
2020-06-10 16:22:50,514 [DEBUG] [http-nio-7020-exec-4] cn.cy.system.dao.ISystemMenuDao.getAllMenuList [BaseJdbcLogger.java : 159] ==> Parameters: 
2020-06-10 16:22:50,518 [DEBUG] [http-nio-7020-exec-4] cn.cy.system.dao.ISystemMenuDao.getAllMenuList [BaseJdbcLogger.java : 159] <==      Total: 6
2020-06-10 16:22:52,798 [DEBUG] [http-nio-7020-exec-11] cn.cy.system.dao.ISystemMenuDao.getAllMenuList [BaseJdbcLogger.java : 159] ==>  Preparing: select * from t_system_menu ORDER BY SORT 
2020-06-10 16:22:52,798 [DEBUG] [http-nio-7020-exec-11] cn.cy.system.dao.ISystemMenuDao.getAllMenuList [BaseJdbcLogger.java : 159] ==> Parameters: 
2020-06-10 16:22:52,801 [DEBUG] [http-nio-7020-exec-11] cn.cy.system.dao.ISystemMenuDao.getAllMenuList [BaseJdbcLogger.java : 159] <==      Total: 6
2020-06-10 16:22:52,940 [DEBUG] [http-nio-7020-exec-15] cn.cy.system.dao.ISystemMenuDao.getAllMenuList [BaseJdbcLogger.java : 159] ==>  Preparing: select * from t_system_menu ORDER BY SORT 
2020-06-10 16:22:52,941 [DEBUG] [http-nio-7020-exec-15] cn.cy.system.dao.ISystemMenuDao.getAllMenuList [BaseJdbcLogger.java : 159] ==> Parameters: 
2020-06-10 16:22:52,945 [DEBUG] [http-nio-7020-exec-15] cn.cy.system.dao.ISystemMenuDao.getAllMenuList [BaseJdbcLogger.java : 159] <==      Total: 6
2020-06-10 16:22:53,853 [DEBUG] [http-nio-7020-exec-24] cn.cy.business.dao.IBuyerDao.selectPage [BaseJdbcLogger.java : 159] ==>  Preparing: SELECT list_id AS listId,`name` FROM t_buyer 
2020-06-10 16:22:53,853 [DEBUG] [http-nio-7020-exec-24] cn.cy.business.dao.IBuyerDao.selectPage [BaseJdbcLogger.java : 159] ==> Parameters: 
2020-06-10 16:22:53,855 [DEBUG] [http-nio-7020-exec-24] cn.cy.business.dao.IBuyerDao.selectPage [BaseJdbcLogger.java : 159] <==      Total: 1
2020-06-10 16:23:48,918 [DEBUG] [http-nio-7020-exec-27] cn.cy.system.dao.ISystemMenuDao.getAllMenuList [BaseJdbcLogger.java : 159] ==>  Preparing: select * from t_system_menu ORDER BY SORT 
2020-06-10 16:23:48,919 [DEBUG] [http-nio-7020-exec-27] cn.cy.system.dao.ISystemMenuDao.getAllMenuList [BaseJdbcLogger.java : 159] ==> Parameters: 
2020-06-10 16:23:48,921 [DEBUG] [http-nio-7020-exec-27] cn.cy.system.dao.ISystemMenuDao.getAllMenuList [BaseJdbcLogger.java : 159] <==      Total: 6
2020-06-10 16:23:49,057 [DEBUG] [http-nio-7020-exec-22] cn.cy.system.dao.ISystemMenuDao.getAllMenuList [BaseJdbcLogger.java : 159] ==>  Preparing: select * from t_system_menu ORDER BY SORT 
2020-06-10 16:23:49,058 [DEBUG] [http-nio-7020-exec-22] cn.cy.system.dao.ISystemMenuDao.getAllMenuList [BaseJdbcLogger.java : 159] ==> Parameters: 
2020-06-10 16:23:49,061 [DEBUG] [http-nio-7020-exec-22] cn.cy.system.dao.ISystemMenuDao.getAllMenuList [BaseJdbcLogger.java : 159] <==      Total: 6
2020-06-10 16:23:49,257 [DEBUG] [http-nio-7020-exec-4] cn.cy.system.dao.ISystemMenuDao.getAllMenuList [BaseJdbcLogger.java : 159] ==>  Preparing: select * from t_system_menu ORDER BY SORT 
2020-06-10 16:23:49,258 [DEBUG] [http-nio-7020-exec-4] cn.cy.system.dao.ISystemMenuDao.getAllMenuList [BaseJdbcLogger.java : 159] ==> Parameters: 
2020-06-10 16:23:49,261 [DEBUG] [http-nio-7020-exec-4] cn.cy.system.dao.ISystemMenuDao.getAllMenuList [BaseJdbcLogger.java : 159] <==      Total: 6
2020-06-10 16:23:49,404 [DEBUG] [http-nio-7020-exec-10] cn.cy.system.dao.ISystemMenuDao.getAllMenuList [BaseJdbcLogger.java : 159] ==>  Preparing: select * from t_system_menu ORDER BY SORT 
2020-06-10 16:23:49,405 [DEBUG] [http-nio-7020-exec-10] cn.cy.system.dao.ISystemMenuDao.getAllMenuList [BaseJdbcLogger.java : 159] ==> Parameters: 
2020-06-10 16:23:49,407 [DEBUG] [http-nio-7020-exec-10] cn.cy.system.dao.ISystemMenuDao.getAllMenuList [BaseJdbcLogger.java : 159] <==      Total: 6
2020-06-10 16:23:49,927 [DEBUG] [http-nio-7020-exec-12] cn.cy.business.dao.IBuyerDao.selectPage [BaseJdbcLogger.java : 159] ==>  Preparing: SELECT list_id AS listId,`name` FROM t_buyer 
2020-06-10 16:23:49,927 [DEBUG] [http-nio-7020-exec-12] cn.cy.business.dao.IBuyerDao.selectPage [BaseJdbcLogger.java : 159] ==> Parameters: 
2020-06-10 16:23:49,928 [DEBUG] [http-nio-7020-exec-12] cn.cy.business.dao.IBuyerDao.selectPage [BaseJdbcLogger.java : 159] <==      Total: 1
2020-06-10 16:27:16,863 [DEBUG] [http-nio-7020-exec-18] cn.cy.system.dao.ISystemMenuDao.getAllMenuList [BaseJdbcLogger.java : 159] ==>  Preparing: select * from t_system_menu ORDER BY SORT 
2020-06-10 16:27:16,863 [DEBUG] [http-nio-7020-exec-18] cn.cy.system.dao.ISystemMenuDao.getAllMenuList [BaseJdbcLogger.java : 159] ==> Parameters: 
2020-06-10 16:27:16,866 [DEBUG] [http-nio-7020-exec-18] cn.cy.system.dao.ISystemMenuDao.getAllMenuList [BaseJdbcLogger.java : 159] <==      Total: 6
2020-06-10 16:27:16,984 [DEBUG] [http-nio-7020-exec-25] cn.cy.system.dao.ISystemMenuDao.getAllMenuList [BaseJdbcLogger.java : 159] ==>  Preparing: select * from t_system_menu ORDER BY SORT 
2020-06-10 16:27:16,985 [DEBUG] [http-nio-7020-exec-25] cn.cy.system.dao.ISystemMenuDao.getAllMenuList [BaseJdbcLogger.java : 159] ==> Parameters: 
2020-06-10 16:27:16,986 [DEBUG] [http-nio-7020-exec-25] cn.cy.system.dao.ISystemMenuDao.getAllMenuList [BaseJdbcLogger.java : 159] <==      Total: 6
2020-06-10 16:27:17,177 [DEBUG] [http-nio-7020-exec-1] cn.cy.system.dao.ISystemMenuDao.getAllMenuList [BaseJdbcLogger.java : 159] ==>  Preparing: select * from t_system_menu ORDER BY SORT 
2020-06-10 16:27:17,178 [DEBUG] [http-nio-7020-exec-1] cn.cy.system.dao.ISystemMenuDao.getAllMenuList [BaseJdbcLogger.java : 159] ==> Parameters: 
2020-06-10 16:27:17,180 [DEBUG] [http-nio-7020-exec-1] cn.cy.system.dao.ISystemMenuDao.getAllMenuList [BaseJdbcLogger.java : 159] <==      Total: 6
2020-06-10 16:27:18,056 [DEBUG] [http-nio-7020-exec-5] cn.cy.business.dao.IBuyerDao.selectPage [BaseJdbcLogger.java : 159] ==>  Preparing: SELECT list_id AS listId,`name` FROM t_buyer 
2020-06-10 16:27:18,057 [DEBUG] [http-nio-7020-exec-5] cn.cy.business.dao.IBuyerDao.selectPage [BaseJdbcLogger.java : 159] ==> Parameters: 
2020-06-10 16:27:18,059 [DEBUG] [http-nio-7020-exec-5] cn.cy.business.dao.IBuyerDao.selectPage [BaseJdbcLogger.java : 159] <==      Total: 1
2020-06-10 16:27:54,223 [DEBUG] [http-nio-7020-exec-8] cn.cy.system.dao.ISystemMenuDao.getAllMenuList [BaseJdbcLogger.java : 159] ==>  Preparing: select * from t_system_menu ORDER BY SORT 
2020-06-10 16:27:54,224 [DEBUG] [http-nio-7020-exec-8] cn.cy.system.dao.ISystemMenuDao.getAllMenuList [BaseJdbcLogger.java : 159] ==> Parameters: 
2020-06-10 16:27:54,226 [DEBUG] [http-nio-7020-exec-8] cn.cy.system.dao.ISystemMenuDao.getAllMenuList [BaseJdbcLogger.java : 159] <==      Total: 6
2020-06-10 16:27:54,376 [DEBUG] [http-nio-7020-exec-20] cn.cy.system.dao.ISystemMenuDao.getAllMenuList [BaseJdbcLogger.java : 159] ==>  Preparing: select * from t_system_menu ORDER BY SORT 
2020-06-10 16:27:54,376 [DEBUG] [http-nio-7020-exec-20] cn.cy.system.dao.ISystemMenuDao.getAllMenuList [BaseJdbcLogger.java : 159] ==> Parameters: 
2020-06-10 16:27:54,378 [DEBUG] [http-nio-7020-exec-20] cn.cy.system.dao.ISystemMenuDao.getAllMenuList [BaseJdbcLogger.java : 159] <==      Total: 6
2020-06-10 16:27:54,532 [DEBUG] [http-nio-7020-exec-17] cn.cy.system.dao.ISystemMenuDao.getAllMenuList [BaseJdbcLogger.java : 159] ==>  Preparing: select * from t_system_menu ORDER BY SORT 
2020-06-10 16:27:54,533 [DEBUG] [http-nio-7020-exec-17] cn.cy.system.dao.ISystemMenuDao.getAllMenuList [BaseJdbcLogger.java : 159] ==> Parameters: 
2020-06-10 16:27:54,535 [DEBUG] [http-nio-7020-exec-17] cn.cy.system.dao.ISystemMenuDao.getAllMenuList [BaseJdbcLogger.java : 159] <==      Total: 6
2020-06-10 16:27:54,716 [DEBUG] [http-nio-7020-exec-28] cn.cy.system.dao.ISystemMenuDao.getAllMenuList [BaseJdbcLogger.java : 159] ==>  Preparing: select * from t_system_menu ORDER BY SORT 
2020-06-10 16:27:54,717 [DEBUG] [http-nio-7020-exec-28] cn.cy.system.dao.ISystemMenuDao.getAllMenuList [BaseJdbcLogger.java : 159] ==> Parameters: 
2020-06-10 16:27:54,719 [DEBUG] [http-nio-7020-exec-28] cn.cy.system.dao.ISystemMenuDao.getAllMenuList [BaseJdbcLogger.java : 159] <==      Total: 6
2020-06-10 16:27:55,520 [DEBUG] [http-nio-7020-exec-30] cn.cy.business.dao.IBuyerDao.selectPage [BaseJdbcLogger.java : 159] ==>  Preparing: SELECT list_id AS listId,`name` FROM t_buyer 
2020-06-10 16:27:55,520 [DEBUG] [http-nio-7020-exec-30] cn.cy.business.dao.IBuyerDao.selectPage [BaseJdbcLogger.java : 159] ==> Parameters: 
2020-06-10 16:27:55,522 [DEBUG] [http-nio-7020-exec-30] cn.cy.business.dao.IBuyerDao.selectPage [BaseJdbcLogger.java : 159] <==      Total: 1
2020-06-10 16:28:12,809 [DEBUG] [http-nio-7020-exec-3] cn.cy.system.dao.ISystemMenuDao.getAllMenuList [BaseJdbcLogger.java : 159] ==>  Preparing: select * from t_system_menu ORDER BY SORT 
2020-06-10 16:28:12,810 [DEBUG] [http-nio-7020-exec-3] cn.cy.system.dao.ISystemMenuDao.getAllMenuList [BaseJdbcLogger.java : 159] ==> Parameters: 
2020-06-10 16:28:12,812 [DEBUG] [http-nio-7020-exec-3] cn.cy.system.dao.ISystemMenuDao.getAllMenuList [BaseJdbcLogger.java : 159] <==      Total: 6
2020-06-10 16:28:12,959 [DEBUG] [http-nio-7020-exec-11] cn.cy.system.dao.ISystemMenuDao.getAllMenuList [BaseJdbcLogger.java : 159] ==>  Preparing: select * from t_system_menu ORDER BY SORT 
2020-06-10 16:28:12,960 [DEBUG] [http-nio-7020-exec-11] cn.cy.system.dao.ISystemMenuDao.getAllMenuList [BaseJdbcLogger.java : 159] ==> Parameters: 
2020-06-10 16:28:12,963 [DEBUG] [http-nio-7020-exec-11] cn.cy.system.dao.ISystemMenuDao.getAllMenuList [BaseJdbcLogger.java : 159] <==      Total: 6
2020-06-10 16:28:13,974 [DEBUG] [http-nio-7020-exec-16] cn.cy.business.dao.IBuyerDao.selectPage [BaseJdbcLogger.java : 159] ==>  Preparing: SELECT list_id AS listId,`name` FROM t_buyer 
2020-06-10 16:28:13,975 [DEBUG] [http-nio-7020-exec-16] cn.cy.business.dao.IBuyerDao.selectPage [BaseJdbcLogger.java : 159] ==> Parameters: 
2020-06-10 16:28:13,977 [DEBUG] [http-nio-7020-exec-16] cn.cy.business.dao.IBuyerDao.selectPage [BaseJdbcLogger.java : 159] <==      Total: 1
2020-06-10 16:28:54,032 [DEBUG] [http-nio-7020-exec-13] cn.cy.system.dao.ISystemMenuDao.getAllMenuList [BaseJdbcLogger.java : 159] ==>  Preparing: select * from t_system_menu ORDER BY SORT 
2020-06-10 16:28:54,032 [DEBUG] [http-nio-7020-exec-13] cn.cy.system.dao.ISystemMenuDao.getAllMenuList [BaseJdbcLogger.java : 159] ==> Parameters: 
2020-06-10 16:28:54,034 [DEBUG] [http-nio-7020-exec-13] cn.cy.system.dao.ISystemMenuDao.getAllMenuList [BaseJdbcLogger.java : 159] <==      Total: 6
2020-06-10 16:28:54,166 [DEBUG] [http-nio-7020-exec-27] cn.cy.system.dao.ISystemMenuDao.getAllMenuList [BaseJdbcLogger.java : 159] ==>  Preparing: select * from t_system_menu ORDER BY SORT 
2020-06-10 16:28:54,166 [DEBUG] [http-nio-7020-exec-27] cn.cy.system.dao.ISystemMenuDao.getAllMenuList [BaseJdbcLogger.java : 159] ==> Parameters: 
2020-06-10 16:28:54,168 [DEBUG] [http-nio-7020-exec-27] cn.cy.system.dao.ISystemMenuDao.getAllMenuList [BaseJdbcLogger.java : 159] <==      Total: 6
2020-06-10 16:28:55,375 [DEBUG] [http-nio-7020-exec-25] cn.cy.business.dao.IBuyerDao.selectPage [BaseJdbcLogger.java : 159] ==>  Preparing: SELECT list_id AS listId,`name` FROM t_buyer 
2020-06-10 16:28:55,376 [DEBUG] [http-nio-7020-exec-25] cn.cy.business.dao.IBuyerDao.selectPage [BaseJdbcLogger.java : 159] ==> Parameters: 
2020-06-10 16:28:55,377 [DEBUG] [http-nio-7020-exec-25] cn.cy.business.dao.IBuyerDao.selectPage [BaseJdbcLogger.java : 159] <==      Total: 1
2020-06-10 16:29:44,988 [DEBUG] [http-nio-7020-exec-30] cn.cy.business.dao.IBuyerDao.selectPage [BaseJdbcLogger.java : 159] ==>  Preparing: SELECT list_id AS listId,`name` FROM t_buyer 
2020-06-10 16:29:44,989 [DEBUG] [http-nio-7020-exec-30] cn.cy.business.dao.IBuyerDao.selectPage [BaseJdbcLogger.java : 159] ==> Parameters: 
2020-06-10 16:29:44,990 [DEBUG] [http-nio-7020-exec-30] cn.cy.business.dao.IBuyerDao.selectPage [BaseJdbcLogger.java : 159] <==      Total: 1
2020-06-10 16:42:24,624 [DEBUG] [http-nio-7020-exec-2] cn.cy.system.dao.ISystemMenuDao.getAllMenuList [BaseJdbcLogger.java : 159] ==>  Preparing: select * from t_system_menu ORDER BY SORT 
2020-06-10 16:42:24,624 [DEBUG] [http-nio-7020-exec-2] cn.cy.system.dao.ISystemMenuDao.getAllMenuList [BaseJdbcLogger.java : 159] ==> Parameters: 
2020-06-10 16:42:24,627 [DEBUG] [http-nio-7020-exec-2] cn.cy.system.dao.ISystemMenuDao.getAllMenuList [BaseJdbcLogger.java : 159] <==      Total: 6
2020-06-10 16:42:24,803 [DEBUG] [http-nio-7020-exec-7] cn.cy.system.dao.ISystemMenuDao.getAllMenuList [BaseJdbcLogger.java : 159] ==>  Preparing: select * from t_system_menu ORDER BY SORT 
2020-06-10 16:42:24,803 [DEBUG] [http-nio-7020-exec-7] cn.cy.system.dao.ISystemMenuDao.getAllMenuList [BaseJdbcLogger.java : 159] ==> Parameters: 
2020-06-10 16:42:24,806 [DEBUG] [http-nio-7020-exec-7] cn.cy.system.dao.ISystemMenuDao.getAllMenuList [BaseJdbcLogger.java : 159] <==      Total: 6
2020-06-10 16:42:38,319 [DEBUG] [http-nio-7020-exec-28] cn.cy.system.dao.ISystemMenuDao.getAllMenuList [BaseJdbcLogger.java : 159] ==>  Preparing: select * from t_system_menu ORDER BY SORT 
2020-06-10 16:42:38,320 [DEBUG] [http-nio-7020-exec-28] cn.cy.system.dao.ISystemMenuDao.getAllMenuList [BaseJdbcLogger.java : 159] ==> Parameters: 
2020-06-10 16:42:38,324 [DEBUG] [http-nio-7020-exec-28] cn.cy.system.dao.ISystemMenuDao.getAllMenuList [BaseJdbcLogger.java : 159] <==      Total: 6
2020-06-10 16:42:39,623 [DEBUG] [http-nio-7020-exec-21] cn.cy.system.dao.ISystemMenuDao.getAllMenuList [BaseJdbcLogger.java : 159] ==>  Preparing: select * from t_system_menu ORDER BY SORT 
2020-06-10 16:42:39,624 [DEBUG] [http-nio-7020-exec-21] cn.cy.system.dao.ISystemMenuDao.getAllMenuList [BaseJdbcLogger.java : 159] ==> Parameters: 
2020-06-10 16:42:39,626 [DEBUG] [http-nio-7020-exec-21] cn.cy.system.dao.ISystemMenuDao.getAllMenuList [BaseJdbcLogger.java : 159] <==      Total: 6
2020-06-10 16:42:39,773 [DEBUG] [http-nio-7020-exec-5] cn.cy.system.dao.ISystemMenuDao.getAllMenuList [BaseJdbcLogger.java : 159] ==>  Preparing: select * from t_system_menu ORDER BY SORT 
2020-06-10 16:42:39,774 [DEBUG] [http-nio-7020-exec-5] cn.cy.system.dao.ISystemMenuDao.getAllMenuList [BaseJdbcLogger.java : 159] ==> Parameters: 
2020-06-10 16:42:39,776 [DEBUG] [http-nio-7020-exec-5] cn.cy.system.dao.ISystemMenuDao.getAllMenuList [BaseJdbcLogger.java : 159] <==      Total: 6
2020-06-10 16:42:39,943 [DEBUG] [http-nio-7020-exec-8] cn.cy.system.dao.ISystemMenuDao.getAllMenuList [BaseJdbcLogger.java : 159] ==>  Preparing: select * from t_system_menu ORDER BY SORT 
2020-06-10 16:42:39,944 [DEBUG] [http-nio-7020-exec-8] cn.cy.system.dao.ISystemMenuDao.getAllMenuList [BaseJdbcLogger.java : 159] ==> Parameters: 
2020-06-10 16:42:39,946 [DEBUG] [http-nio-7020-exec-8] cn.cy.system.dao.ISystemMenuDao.getAllMenuList [BaseJdbcLogger.java : 159] <==      Total: 6
2020-06-10 16:42:40,114 [DEBUG] [http-nio-7020-exec-20] cn.cy.system.dao.ISystemMenuDao.getAllMenuList [BaseJdbcLogger.java : 159] ==>  Preparing: select * from t_system_menu ORDER BY SORT 
2020-06-10 16:42:40,115 [DEBUG] [http-nio-7020-exec-20] cn.cy.system.dao.ISystemMenuDao.getAllMenuList [BaseJdbcLogger.java : 159] ==> Parameters: 
2020-06-10 16:42:40,118 [DEBUG] [http-nio-7020-exec-20] cn.cy.system.dao.ISystemMenuDao.getAllMenuList [BaseJdbcLogger.java : 159] <==      Total: 6
2020-06-10 16:42:40,282 [DEBUG] [http-nio-7020-exec-17] cn.cy.system.dao.ISystemMenuDao.getAllMenuList [BaseJdbcLogger.java : 159] ==>  Preparing: select * from t_system_menu ORDER BY SORT 
2020-06-10 16:42:40,283 [DEBUG] [http-nio-7020-exec-17] cn.cy.system.dao.ISystemMenuDao.getAllMenuList [BaseJdbcLogger.java : 159] ==> Parameters: 
2020-06-10 16:42:40,286 [DEBUG] [http-nio-7020-exec-17] cn.cy.system.dao.ISystemMenuDao.getAllMenuList [BaseJdbcLogger.java : 159] <==      Total: 6
2020-06-10 16:42:40,507 [DEBUG] [http-nio-7020-exec-28] cn.cy.system.dao.ISystemMenuDao.getAllMenuList [BaseJdbcLogger.java : 159] ==>  Preparing: select * from t_system_menu ORDER BY SORT 
2020-06-10 16:42:40,507 [DEBUG] [http-nio-7020-exec-28] cn.cy.system.dao.ISystemMenuDao.getAllMenuList [BaseJdbcLogger.java : 159] ==> Parameters: 
2020-06-10 16:42:40,509 [DEBUG] [http-nio-7020-exec-28] cn.cy.system.dao.ISystemMenuDao.getAllMenuList [BaseJdbcLogger.java : 159] <==      Total: 6
2020-06-10 16:42:41,631 [DEBUG] [http-nio-7020-exec-30] cn.cy.system.controller.LoginController [LoginController.java : 65] 进入登录页面
2020-06-10 16:42:43,369 [DEBUG] [http-nio-7020-exec-1] cn.cy.system.dao.ISystemUserDao.selectEntityByUsername [BaseJdbcLogger.java : 159] ==>  Preparing: select * from t_system_user where username = ? 
2020-06-10 16:42:43,370 [DEBUG] [http-nio-7020-exec-1] cn.cy.system.dao.ISystemUserDao.selectEntityByUsername [BaseJdbcLogger.java : 159] ==> Parameters: super(String)
2020-06-10 16:42:43,372 [DEBUG] [http-nio-7020-exec-1] cn.cy.system.dao.ISystemUserDao.selectEntityByUsername [BaseJdbcLogger.java : 159] <==      Total: 1
2020-06-10 16:42:43,373 [DEBUG] [http-nio-7020-exec-1] cn.cy.system.dao.ISystemUserDao.selectOne [BaseJdbcLogger.java : 159] ==>  Preparing: SELECT list_id AS ListId,username,`password`,user_role_id AS userRoleId,remark,is_delete AS isDelete FROM t_system_user WHERE username=? 
2020-06-10 16:42:43,373 [DEBUG] [http-nio-7020-exec-1] cn.cy.system.dao.ISystemUserDao.selectOne [BaseJdbcLogger.java : 159] ==> Parameters: super(String)
2020-06-10 16:42:43,375 [DEBUG] [http-nio-7020-exec-1] cn.cy.system.dao.ISystemUserDao.selectOne [BaseJdbcLogger.java : 159] <==      Total: 1
2020-06-10 16:42:43,457 [DEBUG] [http-nio-7020-exec-2] cn.cy.system.dao.ISystemMenuDao.getAllMenuList [BaseJdbcLogger.java : 159] ==>  Preparing: select * from t_system_menu ORDER BY SORT 
2020-06-10 16:42:43,457 [DEBUG] [http-nio-7020-exec-2] cn.cy.system.dao.ISystemMenuDao.getAllMenuList [BaseJdbcLogger.java : 159] ==> Parameters: 
2020-06-10 16:42:43,459 [DEBUG] [http-nio-7020-exec-2] cn.cy.system.dao.ISystemMenuDao.getAllMenuList [BaseJdbcLogger.java : 159] <==      Total: 6
2020-06-10 16:43:07,736 [DEBUG] [http-nio-7020-exec-7] cn.cy.system.dao.ISystemMenuDao.getAllMenuList [BaseJdbcLogger.java : 159] ==>  Preparing: select * from t_system_menu ORDER BY SORT 
2020-06-10 16:43:07,737 [DEBUG] [http-nio-7020-exec-7] cn.cy.system.dao.ISystemMenuDao.getAllMenuList [BaseJdbcLogger.java : 159] ==> Parameters: 
2020-06-10 16:43:07,738 [DEBUG] [http-nio-7020-exec-7] cn.cy.system.dao.ISystemMenuDao.getAllMenuList [BaseJdbcLogger.java : 159] <==      Total: 6
2020-06-10 16:43:08,058 [DEBUG] [http-nio-7020-exec-15] cn.cy.system.dao.ISystemMenuDao.getAllMenuList [BaseJdbcLogger.java : 159] ==>  Preparing: select * from t_system_menu ORDER BY SORT 
2020-06-10 16:43:08,059 [DEBUG] [http-nio-7020-exec-15] cn.cy.system.dao.ISystemMenuDao.getAllMenuList [BaseJdbcLogger.java : 159] ==> Parameters: 
2020-06-10 16:43:08,060 [DEBUG] [http-nio-7020-exec-15] cn.cy.system.dao.ISystemMenuDao.getAllMenuList [BaseJdbcLogger.java : 159] <==      Total: 6
2020-06-10 16:43:43,823 [DEBUG] [http-nio-7020-exec-28] cn.cy.system.dao.ISystemMenuDao.getAllMenuList [BaseJdbcLogger.java : 159] ==>  Preparing: select * from t_system_menu ORDER BY SORT 
2020-06-10 16:43:43,824 [DEBUG] [http-nio-7020-exec-28] cn.cy.system.dao.ISystemMenuDao.getAllMenuList [BaseJdbcLogger.java : 159] ==> Parameters: 
2020-06-10 16:43:43,827 [DEBUG] [http-nio-7020-exec-28] cn.cy.system.dao.ISystemMenuDao.getAllMenuList [BaseJdbcLogger.java : 159] <==      Total: 6
2020-06-10 16:43:44,197 [DEBUG] [http-nio-7020-exec-21] cn.cy.system.dao.ISystemMenuDao.getAllMenuList [BaseJdbcLogger.java : 159] ==>  Preparing: select * from t_system_menu ORDER BY SORT 
2020-06-10 16:43:44,198 [DEBUG] [http-nio-7020-exec-21] cn.cy.system.dao.ISystemMenuDao.getAllMenuList [BaseJdbcLogger.java : 159] ==> Parameters: 
2020-06-10 16:43:44,201 [DEBUG] [http-nio-7020-exec-21] cn.cy.system.dao.ISystemMenuDao.getAllMenuList [BaseJdbcLogger.java : 159] <==      Total: 6
2020-06-10 16:43:46,676 [DEBUG] [http-nio-7020-exec-5] cn.cy.system.dao.ISystemMenuDao.getAllMenuList [BaseJdbcLogger.java : 159] ==>  Preparing: select * from t_system_menu ORDER BY SORT 
2020-06-10 16:43:46,676 [DEBUG] [http-nio-7020-exec-5] cn.cy.system.dao.ISystemMenuDao.getAllMenuList [BaseJdbcLogger.java : 159] ==> Parameters: 
2020-06-10 16:43:46,679 [DEBUG] [http-nio-7020-exec-5] cn.cy.system.dao.ISystemMenuDao.getAllMenuList [BaseJdbcLogger.java : 159] <==      Total: 6
2020-06-10 16:43:46,856 [DEBUG] [http-nio-7020-exec-8] cn.cy.system.dao.ISystemMenuDao.getAllMenuList [BaseJdbcLogger.java : 159] ==>  Preparing: select * from t_system_menu ORDER BY SORT 
2020-06-10 16:43:46,856 [DEBUG] [http-nio-7020-exec-8] cn.cy.system.dao.ISystemMenuDao.getAllMenuList [BaseJdbcLogger.java : 159] ==> Parameters: 
2020-06-10 16:43:46,858 [DEBUG] [http-nio-7020-exec-8] cn.cy.system.dao.ISystemMenuDao.getAllMenuList [BaseJdbcLogger.java : 159] <==      Total: 6
2020-06-10 16:44:17,451 [DEBUG] [http-nio-7020-exec-13] cn.cy.system.dao.ISystemMenuDao.getAllMenuList [BaseJdbcLogger.java : 159] ==>  Preparing: select * from t_system_menu ORDER BY SORT 
2020-06-10 16:44:17,451 [DEBUG] [http-nio-7020-exec-13] cn.cy.system.dao.ISystemMenuDao.getAllMenuList [BaseJdbcLogger.java : 159] ==> Parameters: 
2020-06-10 16:44:17,453 [DEBUG] [http-nio-7020-exec-13] cn.cy.system.dao.ISystemMenuDao.getAllMenuList [BaseJdbcLogger.java : 159] <==      Total: 6
2020-06-10 16:44:17,734 [DEBUG] [http-nio-7020-exec-9] cn.cy.system.dao.ISystemMenuDao.getAllMenuList [BaseJdbcLogger.java : 159] ==>  Preparing: select * from t_system_menu ORDER BY SORT 
2020-06-10 16:44:17,734 [DEBUG] [http-nio-7020-exec-9] cn.cy.system.dao.ISystemMenuDao.getAllMenuList [BaseJdbcLogger.java : 159] ==> Parameters: 
2020-06-10 16:44:17,736 [DEBUG] [http-nio-7020-exec-9] cn.cy.system.dao.ISystemMenuDao.getAllMenuList [BaseJdbcLogger.java : 159] <==      Total: 6
2020-06-10 16:45:02,920 [DEBUG] [http-nio-7020-exec-21] cn.cy.system.dao.ISystemMenuDao.getAllMenuList [BaseJdbcLogger.java : 159] ==>  Preparing: select * from t_system_menu ORDER BY SORT 
2020-06-10 16:45:02,921 [DEBUG] [http-nio-7020-exec-21] cn.cy.system.dao.ISystemMenuDao.getAllMenuList [BaseJdbcLogger.java : 159] ==> Parameters: 
2020-06-10 16:45:02,923 [DEBUG] [http-nio-7020-exec-21] cn.cy.system.dao.ISystemMenuDao.getAllMenuList [BaseJdbcLogger.java : 159] <==      Total: 6
2020-06-10 16:45:03,191 [DEBUG] [http-nio-7020-exec-5] cn.cy.system.dao.ISystemMenuDao.getAllMenuList [BaseJdbcLogger.java : 159] ==>  Preparing: select * from t_system_menu ORDER BY SORT 
2020-06-10 16:45:03,191 [DEBUG] [http-nio-7020-exec-5] cn.cy.system.dao.ISystemMenuDao.getAllMenuList [BaseJdbcLogger.java : 159] ==> Parameters: 
2020-06-10 16:45:03,193 [DEBUG] [http-nio-7020-exec-5] cn.cy.system.dao.ISystemMenuDao.getAllMenuList [BaseJdbcLogger.java : 159] <==      Total: 6
2020-06-10 16:45:04,816 [DEBUG] [http-nio-7020-exec-8] cn.cy.business.dao.IBuyerDao.selectPage [BaseJdbcLogger.java : 159] ==>  Preparing: SELECT list_id AS listId,`name` FROM t_buyer 
2020-06-10 16:45:04,816 [DEBUG] [http-nio-7020-exec-8] cn.cy.business.dao.IBuyerDao.selectPage [BaseJdbcLogger.java : 159] ==> Parameters: 
2020-06-10 16:45:04,818 [DEBUG] [http-nio-7020-exec-8] cn.cy.business.dao.IBuyerDao.selectPage [BaseJdbcLogger.java : 159] <==      Total: 1
2020-06-10 16:46:24,688 [DEBUG] [http-nio-7020-exec-20] cn.cy.system.dao.ISystemMenuDao.getAllMenuList [BaseJdbcLogger.java : 159] ==>  Preparing: select * from t_system_menu ORDER BY SORT 
2020-06-10 16:46:24,688 [DEBUG] [http-nio-7020-exec-20] cn.cy.system.dao.ISystemMenuDao.getAllMenuList [BaseJdbcLogger.java : 159] ==> Parameters: 
2020-06-10 16:46:24,690 [DEBUG] [http-nio-7020-exec-20] cn.cy.system.dao.ISystemMenuDao.getAllMenuList [BaseJdbcLogger.java : 159] <==      Total: 6
2020-06-10 16:46:25,770 [DEBUG] [http-nio-7020-exec-23] cn.cy.business.dao.IBuyerDao.selectPage [BaseJdbcLogger.java : 159] ==>  Preparing: SELECT list_id AS listId,`name` FROM t_buyer 
2020-06-10 16:46:25,770 [DEBUG] [http-nio-7020-exec-23] cn.cy.business.dao.IBuyerDao.selectPage [BaseJdbcLogger.java : 159] ==> Parameters: 
2020-06-10 16:46:25,772 [DEBUG] [http-nio-7020-exec-23] cn.cy.business.dao.IBuyerDao.selectPage [BaseJdbcLogger.java : 159] <==      Total: 1
2020-06-10 16:47:02,971 [DEBUG] [http-nio-7020-exec-27] cn.cy.system.dao.ISystemMenuDao.getAllMenuList [BaseJdbcLogger.java : 159] ==>  Preparing: select * from t_system_menu ORDER BY SORT 
2020-06-10 16:47:02,972 [DEBUG] [http-nio-7020-exec-27] cn.cy.system.dao.ISystemMenuDao.getAllMenuList [BaseJdbcLogger.java : 159] ==> Parameters: 
2020-06-10 16:47:02,975 [DEBUG] [http-nio-7020-exec-27] cn.cy.system.dao.ISystemMenuDao.getAllMenuList [BaseJdbcLogger.java : 159] <==      Total: 6
2020-06-10 16:47:03,124 [DEBUG] [http-nio-7020-exec-29] cn.cy.system.dao.ISystemMenuDao.getAllMenuList [BaseJdbcLogger.java : 159] ==>  Preparing: select * from t_system_menu ORDER BY SORT 
2020-06-10 16:47:03,124 [DEBUG] [http-nio-7020-exec-29] cn.cy.system.dao.ISystemMenuDao.getAllMenuList [BaseJdbcLogger.java : 159] ==> Parameters: 
2020-06-10 16:47:03,126 [DEBUG] [http-nio-7020-exec-29] cn.cy.system.dao.ISystemMenuDao.getAllMenuList [BaseJdbcLogger.java : 159] <==      Total: 6
2020-06-10 16:47:03,932 [DEBUG] [http-nio-7020-exec-4] cn.cy.business.dao.IBuyerDao.selectPage [BaseJdbcLogger.java : 159] ==>  Preparing: SELECT list_id AS listId,`name` FROM t_buyer 
2020-06-10 16:47:03,932 [DEBUG] [http-nio-7020-exec-4] cn.cy.business.dao.IBuyerDao.selectPage [BaseJdbcLogger.java : 159] ==> Parameters: 
2020-06-10 16:47:03,933 [DEBUG] [http-nio-7020-exec-4] cn.cy.business.dao.IBuyerDao.selectPage [BaseJdbcLogger.java : 159] <==      Total: 1
2020-06-10 17:06:54,365 [INFO] [SessionValidationThread-1] o.apache.shiro.session.mgt.AbstractValidatingSessionManager [AbstractValidatingSessionManager.java : 275] Validating all active sessions...
2020-06-10 17:06:54,366 [INFO] [SessionValidationThread-1] o.apache.shiro.session.mgt.AbstractValidatingSessionManager [AbstractValidatingSessionManager.java : 308] Finished session validation.  No sessions were stopped.
2020-06-10 18:06:54,327 [INFO] [SessionValidationThread-1] o.apache.shiro.session.mgt.AbstractValidatingSessionManager [AbstractValidatingSessionManager.java : 275] Validating all active sessions...
2020-06-10 18:06:54,327 [INFO] [SessionValidationThread-1] o.apache.shiro.session.mgt.AbstractValidatingSessionManager [AbstractValidatingSessionManager.java : 308] Finished session validation.  No sessions were stopped.
2020-06-10 19:06:54,304 [INFO] [SessionValidationThread-1] o.apache.shiro.session.mgt.AbstractValidatingSessionManager [AbstractValidatingSessionManager.java : 275] Validating all active sessions...
2020-06-10 19:06:54,306 [INFO] [SessionValidationThread-1] o.apache.shiro.session.mgt.AbstractValidatingSessionManager [AbstractValidatingSessionManager.java : 308] Finished session validation.  [1] sessions were stopped.
2020-06-10 20:06:54,288 [INFO] [SessionValidationThread-1] o.apache.shiro.session.mgt.AbstractValidatingSessionManager [AbstractValidatingSessionManager.java : 275] Validating all active sessions...
2020-06-10 20:06:54,288 [INFO] [SessionValidationThread-1] o.apache.shiro.session.mgt.AbstractValidatingSessionManager [AbstractValidatingSessionManager.java : 308] Finished session validation.  No sessions were stopped.
2020-06-10 21:06:54,279 [INFO] [SessionValidationThread-1] o.apache.shiro.session.mgt.AbstractValidatingSessionManager [AbstractValidatingSessionManager.java : 275] Validating all active sessions...
2020-06-10 21:06:54,279 [INFO] [SessionValidationThread-1] o.apache.shiro.session.mgt.AbstractValidatingSessionManager [AbstractValidatingSessionManager.java : 308] Finished session validation.  No sessions were stopped.
2020-06-10 22:06:54,270 [INFO] [SessionValidationThread-1] o.apache.shiro.session.mgt.AbstractValidatingSessionManager [AbstractValidatingSessionManager.java : 275] Validating all active sessions...
2020-06-10 22:06:54,270 [INFO] [SessionValidationThread-1] o.apache.shiro.session.mgt.AbstractValidatingSessionManager [AbstractValidatingSessionManager.java : 308] Finished session validation.  No sessions were stopped.
2020-06-10 23:06:54,265 [INFO] [SessionValidationThread-1] o.apache.shiro.session.mgt.AbstractValidatingSessionManager [AbstractValidatingSessionManager.java : 275] Validating all active sessions...
2020-06-10 23:06:54,265 [INFO] [SessionValidationThread-1] o.apache.shiro.session.mgt.AbstractValidatingSessionManager [AbstractValidatingSessionManager.java : 308] Finished session validation.  No sessions were stopped.
