2020-06-01 00:12:21,724 [INFO] [SessionValidationThread-1] o.apache.shiro.session.mgt.AbstractValidatingSessionManager [AbstractValidatingSessionManager.java : 275] Validating all active sessions...
2020-06-01 00:12:21,727 [INFO] [SessionValidationThread-1] o.apache.shiro.session.mgt.AbstractValidatingSessionManager [AbstractValidatingSessionManager.java : 308] Finished session validation.  No sessions were stopped.
2020-06-01 01:12:21,723 [INFO] [SessionValidationThread-1] o.apache.shiro.session.mgt.AbstractValidatingSessionManager [AbstractValidatingSessionManager.java : 275] Validating all active sessions...
2020-06-01 01:12:21,724 [INFO] [SessionValidationThread-1] o.apache.shiro.session.mgt.AbstractValidatingSessionManager [AbstractValidatingSessionManager.java : 308] Finished session validation.  No sessions were stopped.
2020-06-01 02:12:21,724 [INFO] [SessionValidationThread-1] o.apache.shiro.session.mgt.AbstractValidatingSessionManager [AbstractValidatingSessionManager.java : 275] Validating all active sessions...
2020-06-01 02:12:21,724 [INFO] [SessionValidationThread-1] o.apache.shiro.session.mgt.AbstractValidatingSessionManager [AbstractValidatingSessionManager.java : 308] Finished session validation.  No sessions were stopped.
2020-06-01 03:12:21,724 [INFO] [SessionValidationThread-1] o.apache.shiro.session.mgt.AbstractValidatingSessionManager [AbstractValidatingSessionManager.java : 275] Validating all active sessions...
2020-06-01 03:12:21,724 [INFO] [SessionValidationThread-1] o.apache.shiro.session.mgt.AbstractValidatingSessionManager [AbstractValidatingSessionManager.java : 308] Finished session validation.  No sessions were stopped.
2020-06-01 04:12:21,723 [INFO] [SessionValidationThread-1] o.apache.shiro.session.mgt.AbstractValidatingSessionManager [AbstractValidatingSessionManager.java : 275] Validating all active sessions...
2020-06-01 04:12:21,723 [INFO] [SessionValidationThread-1] o.apache.shiro.session.mgt.AbstractValidatingSessionManager [AbstractValidatingSessionManager.java : 308] Finished session validation.  No sessions were stopped.
2020-06-01 05:12:21,723 [INFO] [SessionValidationThread-1] o.apache.shiro.session.mgt.AbstractValidatingSessionManager [AbstractValidatingSessionManager.java : 275] Validating all active sessions...
2020-06-01 05:12:21,723 [INFO] [SessionValidationThread-1] o.apache.shiro.session.mgt.AbstractValidatingSessionManager [AbstractValidatingSessionManager.java : 308] Finished session validation.  No sessions were stopped.
2020-06-01 06:12:21,724 [INFO] [SessionValidationThread-1] o.apache.shiro.session.mgt.AbstractValidatingSessionManager [AbstractValidatingSessionManager.java : 275] Validating all active sessions...
2020-06-01 06:12:21,724 [INFO] [SessionValidationThread-1] o.apache.shiro.session.mgt.AbstractValidatingSessionManager [AbstractValidatingSessionManager.java : 308] Finished session validation.  No sessions were stopped.
2020-06-01 07:12:21,576 [INFO] [SessionValidationThread-1] o.apache.shiro.session.mgt.AbstractValidatingSessionManager [AbstractValidatingSessionManager.java : 275] Validating all active sessions...
2020-06-01 07:12:21,576 [INFO] [SessionValidationThread-1] o.apache.shiro.session.mgt.AbstractValidatingSessionManager [AbstractValidatingSessionManager.java : 308] Finished session validation.  No sessions were stopped.
2020-06-01 08:12:21,203 [INFO] [SessionValidationThread-1] o.apache.shiro.session.mgt.AbstractValidatingSessionManager [AbstractValidatingSessionManager.java : 275] Validating all active sessions...
2020-06-01 08:12:21,203 [INFO] [SessionValidationThread-1] o.apache.shiro.session.mgt.AbstractValidatingSessionManager [AbstractValidatingSessionManager.java : 308] Finished session validation.  No sessions were stopped.
2020-06-01 09:12:21,157 [INFO] [SessionValidationThread-1] o.apache.shiro.session.mgt.AbstractValidatingSessionManager [AbstractValidatingSessionManager.java : 275] Validating all active sessions...
2020-06-01 09:12:21,158 [INFO] [SessionValidationThread-1] o.apache.shiro.session.mgt.AbstractValidatingSessionManager [AbstractValidatingSessionManager.java : 308] Finished session validation.  No sessions were stopped.
2020-06-01 10:12:21,149 [INFO] [SessionValidationThread-1] o.apache.shiro.session.mgt.AbstractValidatingSessionManager [AbstractValidatingSessionManager.java : 275] Validating all active sessions...
2020-06-01 10:12:21,150 [INFO] [SessionValidationThread-1] o.apache.shiro.session.mgt.AbstractValidatingSessionManager [AbstractValidatingSessionManager.java : 308] Finished session validation.  No sessions were stopped.
2020-06-01 11:12:21,147 [INFO] [SessionValidationThread-1] o.apache.shiro.session.mgt.AbstractValidatingSessionManager [AbstractValidatingSessionManager.java : 275] Validating all active sessions...
2020-06-01 11:12:21,147 [INFO] [SessionValidationThread-1] o.apache.shiro.session.mgt.AbstractValidatingSessionManager [AbstractValidatingSessionManager.java : 308] Finished session validation.  No sessions were stopped.
2020-06-01 13:42:43,498 [INFO] [main] cn.cy.SpringBootDemoApplication [StartupInfoLogger.java : 48] Starting SpringBootDemoApplication on DESKTOP-7G0GALH with PID 15716 (G:\workspace\spring-boot-demo\target\classes started by chengyun in G:\workspace\spring-boot-demo)
2020-06-01 13:42:43,506 [DEBUG] [main] cn.cy.SpringBootDemoApplication [StartupInfoLogger.java : 51] Running with Spring Boot v2.0.0.M2, Spring v5.0.0.RC2
2020-06-01 13:42:43,506 [INFO] [main] cn.cy.SpringBootDemoApplication [SpringApplication.java : 654] The following profiles are active: scbid
2020-06-01 13:42:43,594 [INFO] [main] o.s.b.w.s.c.AnnotationConfigServletWebServerApplicationContext [AbstractApplicationContext.java : 582] Refreshing org.springframework.boot.web.servlet.context.AnnotationConfigServletWebServerApplicationContext@530712d: startup date [Mon Jun 01 13:42:43 CST 2020]; root of context hierarchy
2020-06-01 13:42:44,650 [INFO] [main] o.s.beans.factory.support.DefaultListableBeanFactory [DefaultListableBeanFactory.java : 811] Overriding bean definition for bean 'dataSource' with a different definition: replacing [Root bean: class [null]; scope=; abstract=false; lazyInit=false; autowireMode=3; dependencyCheck=0; autowireCandidate=true; primary=false; factoryBeanName=org.springframework.boot.autoconfigure.jdbc.DataSourceConfiguration$Generic; factoryMethodName=dataSource; initMethodName=null; destroyMethodName=(inferred); defined in class path resource [org/springframework/boot/autoconfigure/jdbc/DataSourceConfiguration$Generic.class]] with [Root bean: class [null]; scope=; abstract=false; lazyInit=false; autowireMode=3; dependencyCheck=0; autowireCandidate=true; primary=false; factoryBeanName=org.springframework.boot.autoconfigure.jdbc.DataSourceConfiguration$Hikari; factoryMethodName=dataSource; initMethodName=null; destroyMethodName=(inferred); defined in class path resource [org/springframework/boot/autoconfigure/jdbc/DataSourceConfiguration$Hikari.class]]
2020-06-01 13:42:44,713 [INFO] [main] o.s.data.repository.config.RepositoryConfigurationDelegate [RepositoryConfigurationDelegate.java : 160] Multiple Spring Data modules found, entering strict repository configuration mode!
2020-06-01 13:42:45,260 [INFO] [main] o.s.c.s.PostProcessorRegistrationDelegate$BeanPostProcessorChecker [PostProcessorRegistrationDelegate.java : 326] Bean 'shiroConfig' of type [cn.cy.common.config.ShiroConfig$$EnhancerBySpringCGLIB$$d5c30dbe] is not eligible for getting processed by all BeanPostProcessors (for example: not eligible for auto-proxying)
2020-06-01 13:42:45,660 [INFO] [main] o.s.c.s.PostProcessorRegistrationDelegate$BeanPostProcessorChecker [PostProcessorRegistrationDelegate.java : 326] Bean 'mybatis-plus-com.baomidou.mybatisplus.spring.boot.starter.MybatisPlusProperties' of type [com.baomidou.mybatisplus.spring.boot.starter.MybatisPlusProperties] is not eligible for getting processed by all BeanPostProcessors (for example: not eligible for auto-proxying)
2020-06-01 13:42:45,673 [INFO] [main] o.s.c.s.PostProcessorRegistrationDelegate$BeanPostProcessorChecker [PostProcessorRegistrationDelegate.java : 326] Bean 'com.baomidou.mybatisplus.spring.boot.starter.MybatisPlusAutoConfiguration' of type [com.baomidou.mybatisplus.spring.boot.starter.MybatisPlusAutoConfiguration$$EnhancerBySpringCGLIB$$f55b8b41] is not eligible for getting processed by all BeanPostProcessors (for example: not eligible for auto-proxying)
2020-06-01 13:42:45,678 [INFO] [main] o.s.c.s.PostProcessorRegistrationDelegate$BeanPostProcessorChecker [PostProcessorRegistrationDelegate.java : 326] Bean 'org.springframework.boot.autoconfigure.jdbc.DataSourceConfiguration$Hikari' of type [org.springframework.boot.autoconfigure.jdbc.DataSourceConfiguration$Hikari] is not eligible for getting processed by all BeanPostProcessors (for example: not eligible for auto-proxying)
2020-06-01 13:42:45,712 [INFO] [main] o.s.c.s.PostProcessorRegistrationDelegate$BeanPostProcessorChecker [PostProcessorRegistrationDelegate.java : 326] Bean 'spring.datasource-org.springframework.boot.autoconfigure.jdbc.DataSourceProperties' of type [org.springframework.boot.autoconfigure.jdbc.DataSourceProperties] is not eligible for getting processed by all BeanPostProcessors (for example: not eligible for auto-proxying)
2020-06-01 13:42:45,788 [INFO] [main] o.s.c.s.PostProcessorRegistrationDelegate$BeanPostProcessorChecker [PostProcessorRegistrationDelegate.java : 326] Bean 'dataSource' of type [com.zaxxer.hikari.HikariDataSource] is not eligible for getting processed by all BeanPostProcessors (for example: not eligible for auto-proxying)
2020-06-01 13:42:45,808 [INFO] [main] com.zaxxer.hikari.HikariDataSource [HikariDataSource.java : 95] DatebookHikariCP - Starting...
2020-06-01 13:42:45,814 [WARN] [main] com.zaxxer.hikari.util.DriverDataSource [DriverDataSource.java : 68] Registered driver with driverClassName=com.mysql.jdbc.Driver was not found, trying direct instantiation.
2020-06-01 13:42:46,615 [INFO] [main] com.zaxxer.hikari.HikariDataSource [HikariDataSource.java : 107] DatebookHikariCP - Start completed.
2020-06-01 13:42:46,975 [INFO] [main] o.s.c.s.PostProcessorRegistrationDelegate$BeanPostProcessorChecker [PostProcessorRegistrationDelegate.java : 326] Bean 'sqlSessionFactory' of type [org.apache.ibatis.session.defaults.DefaultSqlSessionFactory] is not eligible for getting processed by all BeanPostProcessors (for example: not eligible for auto-proxying)
2020-06-01 13:42:46,985 [INFO] [main] o.s.c.s.PostProcessorRegistrationDelegate$BeanPostProcessorChecker [PostProcessorRegistrationDelegate.java : 326] Bean 'sqlSessionTemplate' of type [org.mybatis.spring.SqlSessionTemplate] is not eligible for getting processed by all BeanPostProcessors (for example: not eligible for auto-proxying)
2020-06-01 13:42:46,986 [INFO] [main] o.s.c.s.PostProcessorRegistrationDelegate$BeanPostProcessorChecker [PostProcessorRegistrationDelegate.java : 326] Bean 'ISystemUserDao' of type [org.mybatis.spring.mapper.MapperFactoryBean] is not eligible for getting processed by all BeanPostProcessors (for example: not eligible for auto-proxying)
2020-06-01 13:42:46,989 [INFO] [main] o.s.c.s.PostProcessorRegistrationDelegate$BeanPostProcessorChecker [PostProcessorRegistrationDelegate.java : 326] Bean 'ISystemUserDao' of type [com.sun.proxy.$Proxy59] is not eligible for getting processed by all BeanPostProcessors (for example: not eligible for auto-proxying)
2020-06-01 13:42:46,992 [INFO] [main] o.s.c.s.PostProcessorRegistrationDelegate$BeanPostProcessorChecker [PostProcessorRegistrationDelegate.java : 326] Bean 'ISystemMenuDao' of type [org.mybatis.spring.mapper.MapperFactoryBean] is not eligible for getting processed by all BeanPostProcessors (for example: not eligible for auto-proxying)
2020-06-01 13:42:46,994 [INFO] [main] o.s.c.s.PostProcessorRegistrationDelegate$BeanPostProcessorChecker [PostProcessorRegistrationDelegate.java : 326] Bean 'ISystemMenuDao' of type [com.sun.proxy.$Proxy60] is not eligible for getting processed by all BeanPostProcessors (for example: not eligible for auto-proxying)
2020-06-01 13:42:46,994 [INFO] [main] o.s.c.s.PostProcessorRegistrationDelegate$BeanPostProcessorChecker [PostProcessorRegistrationDelegate.java : 326] Bean 'userRealm' of type [cn.cy.common.shrio.UserRealm] is not eligible for getting processed by all BeanPostProcessors (for example: not eligible for auto-proxying)
2020-06-01 13:42:47,039 [INFO] [main] o.s.c.s.PostProcessorRegistrationDelegate$BeanPostProcessorChecker [PostProcessorRegistrationDelegate.java : 326] Bean 'sessionManager' of type [org.apache.shiro.web.session.mgt.DefaultWebSessionManager] is not eligible for getting processed by all BeanPostProcessors (for example: not eligible for auto-proxying)
2020-06-01 13:42:47,079 [INFO] [main] o.s.c.s.PostProcessorRegistrationDelegate$BeanPostProcessorChecker [PostProcessorRegistrationDelegate.java : 326] Bean 'securityManager' of type [org.apache.shiro.web.mgt.DefaultWebSecurityManager] is not eligible for getting processed by all BeanPostProcessors (for example: not eligible for auto-proxying)
2020-06-01 13:42:47,194 [INFO] [main] o.s.c.s.PostProcessorRegistrationDelegate$BeanPostProcessorChecker [PostProcessorRegistrationDelegate.java : 326] Bean 'authorizationAttributeSourceAdvisor' of type [org.apache.shiro.spring.security.interceptor.AuthorizationAttributeSourceAdvisor] is not eligible for getting processed by all BeanPostProcessors (for example: not eligible for auto-proxying)
2020-06-01 13:42:47,249 [INFO] [main] o.s.c.s.PostProcessorRegistrationDelegate$BeanPostProcessorChecker [PostProcessorRegistrationDelegate.java : 326] Bean 'org.springframework.transaction.annotation.ProxyTransactionManagementConfiguration' of type [org.springframework.transaction.annotation.ProxyTransactionManagementConfiguration$$EnhancerBySpringCGLIB$$a7bbece4] is not eligible for getting processed by all BeanPostProcessors (for example: not eligible for auto-proxying)
2020-06-01 13:42:48,122 [INFO] [main] org.springframework.boot.web.embedded.tomcat.TomcatWebServer [TomcatWebServer.java : 86] Tomcat initialized with port(s): 7020 (http)
2020-06-01 13:42:48,136 [INFO] [main] org.apache.catalina.core.StandardService [DirectJDKLog.java : 179] Starting service [Tomcat]
2020-06-01 13:42:48,139 [INFO] [main] org.apache.catalina.core.StandardEngine [DirectJDKLog.java : 179] Starting Servlet Engine: Apache Tomcat/8.5.15
2020-06-01 13:42:48,324 [INFO] [localhost-startStop-1] o.a.catalina.core.ContainerBase.[Tomcat].[localhost].[/] [DirectJDKLog.java : 179] Initializing Spring embedded WebApplicationContext
2020-06-01 13:42:48,325 [INFO] [localhost-startStop-1] org.springframework.web.context.ContextLoader [ServletWebServerApplicationContext.java : 272] Root WebApplicationContext: initialization completed in 4731 ms
2020-06-01 13:42:49,179 [INFO] [localhost-startStop-1] org.springframework.boot.web.servlet.FilterRegistrationBean [AbstractFilterRegistrationBean.java : 251] Mapping filter: 'characterEncodingFilter' to: [/*]
2020-06-01 13:42:49,180 [INFO] [localhost-startStop-1] org.springframework.boot.web.servlet.FilterRegistrationBean [AbstractFilterRegistrationBean.java : 251] Mapping filter: 'hiddenHttpMethodFilter' to: [/*]
2020-06-01 13:42:49,180 [INFO] [localhost-startStop-1] org.springframework.boot.web.servlet.FilterRegistrationBean [AbstractFilterRegistrationBean.java : 251] Mapping filter: 'httpPutFormContentFilter' to: [/*]
2020-06-01 13:42:49,180 [INFO] [localhost-startStop-1] org.springframework.boot.web.servlet.FilterRegistrationBean [AbstractFilterRegistrationBean.java : 251] Mapping filter: 'requestContextFilter' to: [/*]
2020-06-01 13:42:49,181 [INFO] [localhost-startStop-1] org.springframework.boot.web.servlet.FilterRegistrationBean [AbstractFilterRegistrationBean.java : 264] Mapping filter: 'delegatingFilterProxy' to urls: [/*]
2020-06-01 13:42:49,181 [INFO] [localhost-startStop-1] org.springframework.boot.web.servlet.FilterRegistrationBean [AbstractFilterRegistrationBean.java : 264] Mapping filter: 'xssFilter' to urls: [/*]
2020-06-01 13:42:49,181 [INFO] [localhost-startStop-1] org.springframework.boot.web.servlet.FilterRegistrationBean [AbstractFilterRegistrationBean.java : 251] Mapping filter: 'shiroFilter' to: [/*]
2020-06-01 13:42:49,181 [INFO] [localhost-startStop-1] org.springframework.boot.web.servlet.ServletRegistrationBean [ServletRegistrationBean.java : 191] Mapping servlet: 'dispatcherServlet' to [/]
2020-06-01 13:42:53,044 [INFO] [main] o.s.w.s.mvc.method.annotation.RequestMappingHandlerAdapter [RequestMappingHandlerAdapter.java : 560] Looking for @ControllerAdvice: org.springframework.boot.web.servlet.context.AnnotationConfigServletWebServerApplicationContext@530712d: startup date [Mon Jun 01 13:42:43 CST 2020]; root of context hierarchy
2020-06-01 13:42:53,387 [INFO] [main] o.s.w.s.mvc.method.annotation.RequestMappingHandlerMapping [AbstractHandlerMethodMapping.java : 548] Mapped "{[/buyer/listData],methods=[POST || GET]}" onto public java.util.Map<java.lang.String, java.lang.Object> cn.cy.business.controller.BuyerController.listData(java.util.Map<java.lang.String, java.lang.Object>)
2020-06-01 13:42:53,389 [INFO] [main] o.s.w.s.mvc.method.annotation.RequestMappingHandlerMapping [AbstractHandlerMethodMapping.java : 548] Mapped "{[/buyer/buyerList]}" onto public java.lang.String cn.cy.business.controller.BuyerController.buyerList()
2020-06-01 13:42:53,390 [INFO] [main] o.s.w.s.mvc.method.annotation.RequestMappingHandlerMapping [AbstractHandlerMethodMapping.java : 548] Mapped "{[/seller/sellerList]}" onto public java.lang.String cn.cy.business.controller.SellerController.sellerList()
2020-06-01 13:42:53,393 [INFO] [main] o.s.w.s.mvc.method.annotation.RequestMappingHandlerMapping [AbstractHandlerMethodMapping.java : 548] Mapped "{[/index.html]}" onto public java.lang.String cn.cy.system.controller.LoginController.index()
2020-06-01 13:42:53,393 [INFO] [main] o.s.w.s.mvc.method.annotation.RequestMappingHandlerMapping [AbstractHandlerMethodMapping.java : 548] Mapped "{[/login],methods=[POST || GET]}" onto public cn.cy.common.utils.R cn.cy.system.controller.LoginController.login(java.lang.String,java.lang.String,java.lang.String)
2020-06-01 13:42:53,394 [INFO] [main] o.s.w.s.mvc.method.annotation.RequestMappingHandlerMapping [AbstractHandlerMethodMapping.java : 548] Mapped "{[/logout],methods=[POST || GET]}" onto public java.lang.String cn.cy.system.controller.LoginController.logout()
2020-06-01 13:42:53,394 [INFO] [main] o.s.w.s.mvc.method.annotation.RequestMappingHandlerMapping [AbstractHandlerMethodMapping.java : 548] Mapped "{[/captcha.jpg]}" onto public void cn.cy.system.controller.LoginController.captcha(javax.servlet.http.HttpServletResponse) throws java.io.IOException
2020-06-01 13:42:53,396 [INFO] [main] o.s.w.s.mvc.method.annotation.RequestMappingHandlerMapping [AbstractHandlerMethodMapping.java : 548] Mapped "{[/sysMenu/getMenu],methods=[POST || GET]}" onto public cn.cy.common.utils.R cn.cy.system.controller.SysMenuController.getMenu()
2020-06-01 13:42:53,397 [INFO] [main] o.s.w.s.mvc.method.annotation.RequestMappingHandlerMapping [AbstractHandlerMethodMapping.java : 548] Mapped "{[/main.html]}" onto public java.lang.String cn.cy.system.controller.SysPageController.main(javax.servlet.http.HttpServletRequest)
2020-06-01 13:42:53,398 [INFO] [main] o.s.w.s.mvc.method.annotation.RequestMappingHandlerMapping [AbstractHandlerMethodMapping.java : 548] Mapped "{[/homePage.html]}" onto public java.lang.String cn.cy.system.controller.SysPageController.homePage(javax.servlet.http.HttpServletRequest)
2020-06-01 13:42:53,405 [INFO] [main] o.s.w.s.mvc.method.annotation.RequestMappingHandlerMapping [AbstractHandlerMethodMapping.java : 548] Mapped "{[/error]}" onto public org.springframework.http.ResponseEntity<java.util.Map<java.lang.String, java.lang.Object>> org.springframework.boot.autoconfigure.web.servlet.error.BasicErrorController.error(javax.servlet.http.HttpServletRequest)
2020-06-01 13:42:53,407 [INFO] [main] o.s.w.s.mvc.method.annotation.RequestMappingHandlerMapping [AbstractHandlerMethodMapping.java : 548] Mapped "{[/error],produces=[text/html]}" onto public org.springframework.web.servlet.ModelAndView org.springframework.boot.autoconfigure.web.servlet.error.BasicErrorController.errorHtml(javax.servlet.http.HttpServletRequest,javax.servlet.http.HttpServletResponse)
2020-06-01 13:42:54,015 [INFO] [main] o.s.web.servlet.handler.SimpleUrlHandlerMapping [AbstractUrlHandlerMapping.java : 369] Mapped URL path [/statics/**] onto handler of type [class org.springframework.web.servlet.resource.ResourceHttpRequestHandler]
2020-06-01 13:42:54,016 [INFO] [main] o.s.web.servlet.handler.SimpleUrlHandlerMapping [AbstractUrlHandlerMapping.java : 369] Mapped URL path [/webjars/**] onto handler of type [class org.springframework.web.servlet.resource.ResourceHttpRequestHandler]
2020-06-01 13:42:54,016 [INFO] [main] o.s.web.servlet.handler.SimpleUrlHandlerMapping [AbstractUrlHandlerMapping.java : 369] Mapped URL path [/**] onto handler of type [class org.springframework.web.servlet.resource.ResourceHttpRequestHandler]
2020-06-01 13:42:54,364 [INFO] [main] o.s.web.servlet.handler.SimpleUrlHandlerMapping [AbstractUrlHandlerMapping.java : 369] Mapped URL path [/**/favicon.ico] onto handler of type [class org.springframework.web.servlet.resource.ResourceHttpRequestHandler]
2020-06-01 13:42:55,614 [INFO] [main] o.s.web.servlet.view.freemarker.FreeMarkerConfigurer [FreeMarkerConfigurer.java : 127] ClassTemplateLoader for Spring macros added to FreeMarker configuration
2020-06-01 13:42:56,902 [INFO] [main] o.s.jmx.export.annotation.AnnotationMBeanExporter [MBeanExporter.java : 429] Registering beans for JMX exposure on startup
2020-06-01 13:42:56,904 [INFO] [main] o.s.jmx.export.annotation.AnnotationMBeanExporter [MBeanExporter.java : 912] Bean with name 'dataSource' has been autodetected for JMX exposure
2020-06-01 13:42:56,909 [INFO] [main] o.s.jmx.export.annotation.AnnotationMBeanExporter [MBeanExporter.java : 675] Located MBean 'dataSource': registering with JMX server as MBean [com.zaxxer.hikari:name=dataSource,type=HikariDataSource]
2020-06-01 13:42:56,979 [ERROR] [main] org.apache.coyote.http11.Http11NioProtocol [DirectJDKLog.java : 181] Failed to start end point associated with ProtocolHandler ["http-nio-7020"]
java.net.BindException: Address already in use: bind
	at sun.nio.ch.Net.bind0(Native Method)
	at sun.nio.ch.Net.bind(Net.java:433)
	at sun.nio.ch.Net.bind(Net.java:425)
	at sun.nio.ch.ServerSocketChannelImpl.bind(ServerSocketChannelImpl.java:223)
	at sun.nio.ch.ServerSocketAdaptor.bind(ServerSocketAdaptor.java:74)
	at org.apache.tomcat.util.net.NioEndpoint.bind(NioEndpoint.java:210)
	at org.apache.tomcat.util.net.AbstractEndpoint.start(AbstractEndpoint.java:978)
	at org.apache.coyote.AbstractProtocol.start(AbstractProtocol.java:628)
	at org.apache.catalina.connector.Connector.startInternal(Connector.java:1022)
	at org.apache.catalina.util.LifecycleBase.start(LifecycleBase.java:150)
	at org.apache.catalina.core.StandardService.addConnector(StandardService.java:225)
	at org.springframework.boot.web.embedded.tomcat.TomcatWebServer.addPreviouslyRemovedConnectors(TomcatWebServer.java:243)
	at org.springframework.boot.web.embedded.tomcat.TomcatWebServer.start(TomcatWebServer.java:186)
	at org.springframework.boot.web.servlet.context.ServletWebServerApplicationContext.startWebServer(ServletWebServerApplicationContext.java:293)
	at org.springframework.boot.web.servlet.context.ServletWebServerApplicationContext.finishRefresh(ServletWebServerApplicationContext.java:144)
	at org.springframework.context.support.AbstractApplicationContext.refresh(AbstractApplicationContext.java:545)
	at org.springframework.boot.web.servlet.context.ServletWebServerApplicationContext.refresh(ServletWebServerApplicationContext.java:122)
	at org.springframework.boot.SpringApplication.refresh(SpringApplication.java:750)
	at org.springframework.boot.SpringApplication.refreshContext(SpringApplication.java:386)
	at org.springframework.boot.SpringApplication.run(SpringApplication.java:327)
	at org.springframework.boot.SpringApplication.run(SpringApplication.java:1245)
	at org.springframework.boot.SpringApplication.run(SpringApplication.java:1233)
	at cn.cy.SpringBootDemoApplication.main(SpringBootDemoApplication.java:11)
2020-06-01 13:42:56,980 [ERROR] [main] org.apache.catalina.core.StandardService [DirectJDKLog.java : 181] Failed to start connector [Connector[HTTP/1.1-7020]]
org.apache.catalina.LifecycleException: Failed to start component [Connector[HTTP/1.1-7020]]
	at org.apache.catalina.util.LifecycleBase.start(LifecycleBase.java:167)
	at org.apache.catalina.core.StandardService.addConnector(StandardService.java:225)
	at org.springframework.boot.web.embedded.tomcat.TomcatWebServer.addPreviouslyRemovedConnectors(TomcatWebServer.java:243)
	at org.springframework.boot.web.embedded.tomcat.TomcatWebServer.start(TomcatWebServer.java:186)
	at org.springframework.boot.web.servlet.context.ServletWebServerApplicationContext.startWebServer(ServletWebServerApplicationContext.java:293)
	at org.springframework.boot.web.servlet.context.ServletWebServerApplicationContext.finishRefresh(ServletWebServerApplicationContext.java:144)
	at org.springframework.context.support.AbstractApplicationContext.refresh(AbstractApplicationContext.java:545)
	at org.springframework.boot.web.servlet.context.ServletWebServerApplicationContext.refresh(ServletWebServerApplicationContext.java:122)
	at org.springframework.boot.SpringApplication.refresh(SpringApplication.java:750)
	at org.springframework.boot.SpringApplication.refreshContext(SpringApplication.java:386)
	at org.springframework.boot.SpringApplication.run(SpringApplication.java:327)
	at org.springframework.boot.SpringApplication.run(SpringApplication.java:1245)
	at org.springframework.boot.SpringApplication.run(SpringApplication.java:1233)
	at cn.cy.SpringBootDemoApplication.main(SpringBootDemoApplication.java:11)
Caused by: org.apache.catalina.LifecycleException: service.getName(): "Tomcat";  Protocol handler start failed
	at org.apache.catalina.connector.Connector.startInternal(Connector.java:1029)
	at org.apache.catalina.util.LifecycleBase.start(LifecycleBase.java:150)
	... 13 common frames omitted
Caused by: java.net.BindException: Address already in use: bind
	at sun.nio.ch.Net.bind0(Native Method)
	at sun.nio.ch.Net.bind(Net.java:433)
	at sun.nio.ch.Net.bind(Net.java:425)
	at sun.nio.ch.ServerSocketChannelImpl.bind(ServerSocketChannelImpl.java:223)
	at sun.nio.ch.ServerSocketAdaptor.bind(ServerSocketAdaptor.java:74)
	at org.apache.tomcat.util.net.NioEndpoint.bind(NioEndpoint.java:210)
	at org.apache.tomcat.util.net.AbstractEndpoint.start(AbstractEndpoint.java:978)
	at org.apache.coyote.AbstractProtocol.start(AbstractProtocol.java:628)
	at org.apache.catalina.connector.Connector.startInternal(Connector.java:1022)
	... 14 common frames omitted
2020-06-01 13:42:56,989 [INFO] [main] org.apache.catalina.core.StandardService [DirectJDKLog.java : 179] Stopping service [Tomcat]
2020-06-01 13:42:57,002 [INFO] [main] o.s.b.a.logging.AutoConfigurationReportLoggingInitializer [AutoConfigurationReportLoggingInitializer.java : 101] 

Error starting ApplicationContext. To display the auto-configuration report re-run your application with 'debug' enabled.
2020-06-01 13:42:57,012 [ERROR] [main] o.s.boot.diagnostics.LoggingFailureAnalysisReporter [LoggingFailureAnalysisReporter.java : 42] 

***************************
APPLICATION FAILED TO START
***************************

Description:

The Tomcat connector configured to listen on port 7020 failed to start. The port may already be in use or the connector may be misconfigured.

Action:

Verify the connector's configuration, identify and stop any process that's listening on port 7020, or configure this application to listen on another port.

2020-06-01 13:42:57,014 [INFO] [main] o.s.b.w.s.c.AnnotationConfigServletWebServerApplicationContext [AbstractApplicationContext.java : 981] Closing org.springframework.boot.web.servlet.context.AnnotationConfigServletWebServerApplicationContext@530712d: startup date [Mon Jun 01 13:42:43 CST 2020]; root of context hierarchy
2020-06-01 13:42:57,016 [INFO] [main] o.s.jmx.export.annotation.AnnotationMBeanExporter [MBeanExporter.java : 447] Unregistering JMX-exposed beans on shutdown
2020-06-01 13:42:57,017 [INFO] [main] o.s.jmx.export.annotation.AnnotationMBeanExporter [MBeanRegistrationSupport.java : 179] Unregistering JMX-exposed beans
2020-06-01 13:42:57,022 [INFO] [main] com.zaxxer.hikari.HikariDataSource [HikariDataSource.java : 347] DatebookHikariCP - Shutdown initiated...
2020-06-01 13:42:57,031 [INFO] [main] com.zaxxer.hikari.HikariDataSource [HikariDataSource.java : 349] DatebookHikariCP - Shutdown completed.
2020-06-01 13:43:27,101 [INFO] [main] cn.cy.SpringBootDemoApplication [StartupInfoLogger.java : 48] Starting SpringBootDemoApplication on DESKTOP-7G0GALH with PID 1044 (G:\workspace\spring-boot-demo\target\classes started by chengyun in G:\workspace\spring-boot-demo)
2020-06-01 13:43:27,102 [DEBUG] [main] cn.cy.SpringBootDemoApplication [StartupInfoLogger.java : 51] Running with Spring Boot v2.0.0.M2, Spring v5.0.0.RC2
2020-06-01 13:43:27,103 [INFO] [main] cn.cy.SpringBootDemoApplication [SpringApplication.java : 654] The following profiles are active: scbid
2020-06-01 13:43:27,177 [INFO] [main] o.s.b.w.s.c.AnnotationConfigServletWebServerApplicationContext [AbstractApplicationContext.java : 582] Refreshing org.springframework.boot.web.servlet.context.AnnotationConfigServletWebServerApplicationContext@530712d: startup date [Mon Jun 01 13:43:27 CST 2020]; root of context hierarchy
2020-06-01 13:43:28,183 [INFO] [main] o.s.beans.factory.support.DefaultListableBeanFactory [DefaultListableBeanFactory.java : 811] Overriding bean definition for bean 'dataSource' with a different definition: replacing [Root bean: class [null]; scope=; abstract=false; lazyInit=false; autowireMode=3; dependencyCheck=0; autowireCandidate=true; primary=false; factoryBeanName=org.springframework.boot.autoconfigure.jdbc.DataSourceConfiguration$Generic; factoryMethodName=dataSource; initMethodName=null; destroyMethodName=(inferred); defined in class path resource [org/springframework/boot/autoconfigure/jdbc/DataSourceConfiguration$Generic.class]] with [Root bean: class [null]; scope=; abstract=false; lazyInit=false; autowireMode=3; dependencyCheck=0; autowireCandidate=true; primary=false; factoryBeanName=org.springframework.boot.autoconfigure.jdbc.DataSourceConfiguration$Hikari; factoryMethodName=dataSource; initMethodName=null; destroyMethodName=(inferred); defined in class path resource [org/springframework/boot/autoconfigure/jdbc/DataSourceConfiguration$Hikari.class]]
2020-06-01 13:43:28,240 [INFO] [main] o.s.data.repository.config.RepositoryConfigurationDelegate [RepositoryConfigurationDelegate.java : 160] Multiple Spring Data modules found, entering strict repository configuration mode!
2020-06-01 13:43:28,801 [INFO] [main] o.s.c.s.PostProcessorRegistrationDelegate$BeanPostProcessorChecker [PostProcessorRegistrationDelegate.java : 326] Bean 'shiroConfig' of type [cn.cy.common.config.ShiroConfig$$EnhancerBySpringCGLIB$$e0d7fe] is not eligible for getting processed by all BeanPostProcessors (for example: not eligible for auto-proxying)
2020-06-01 13:43:29,227 [INFO] [main] o.s.c.s.PostProcessorRegistrationDelegate$BeanPostProcessorChecker [PostProcessorRegistrationDelegate.java : 326] Bean 'mybatis-plus-com.baomidou.mybatisplus.spring.boot.starter.MybatisPlusProperties' of type [com.baomidou.mybatisplus.spring.boot.starter.MybatisPlusProperties] is not eligible for getting processed by all BeanPostProcessors (for example: not eligible for auto-proxying)
2020-06-01 13:43:29,246 [INFO] [main] o.s.c.s.PostProcessorRegistrationDelegate$BeanPostProcessorChecker [PostProcessorRegistrationDelegate.java : 326] Bean 'com.baomidou.mybatisplus.spring.boot.starter.MybatisPlusAutoConfiguration' of type [com.baomidou.mybatisplus.spring.boot.starter.MybatisPlusAutoConfiguration$$EnhancerBySpringCGLIB$$20795581] is not eligible for getting processed by all BeanPostProcessors (for example: not eligible for auto-proxying)
2020-06-01 13:43:29,252 [INFO] [main] o.s.c.s.PostProcessorRegistrationDelegate$BeanPostProcessorChecker [PostProcessorRegistrationDelegate.java : 326] Bean 'org.springframework.boot.autoconfigure.jdbc.DataSourceConfiguration$Hikari' of type [org.springframework.boot.autoconfigure.jdbc.DataSourceConfiguration$Hikari] is not eligible for getting processed by all BeanPostProcessors (for example: not eligible for auto-proxying)
2020-06-01 13:43:29,280 [INFO] [main] o.s.c.s.PostProcessorRegistrationDelegate$BeanPostProcessorChecker [PostProcessorRegistrationDelegate.java : 326] Bean 'spring.datasource-org.springframework.boot.autoconfigure.jdbc.DataSourceProperties' of type [org.springframework.boot.autoconfigure.jdbc.DataSourceProperties] is not eligible for getting processed by all BeanPostProcessors (for example: not eligible for auto-proxying)
2020-06-01 13:43:29,370 [INFO] [main] o.s.c.s.PostProcessorRegistrationDelegate$BeanPostProcessorChecker [PostProcessorRegistrationDelegate.java : 326] Bean 'dataSource' of type [com.zaxxer.hikari.HikariDataSource] is not eligible for getting processed by all BeanPostProcessors (for example: not eligible for auto-proxying)
2020-06-01 13:43:29,396 [INFO] [main] com.zaxxer.hikari.HikariDataSource [HikariDataSource.java : 95] DatebookHikariCP - Starting...
2020-06-01 13:43:29,404 [WARN] [main] com.zaxxer.hikari.util.DriverDataSource [DriverDataSource.java : 68] Registered driver with driverClassName=com.mysql.jdbc.Driver was not found, trying direct instantiation.
2020-06-01 13:43:30,281 [INFO] [main] com.zaxxer.hikari.HikariDataSource [HikariDataSource.java : 107] DatebookHikariCP - Start completed.
2020-06-01 13:43:30,762 [INFO] [main] o.s.c.s.PostProcessorRegistrationDelegate$BeanPostProcessorChecker [PostProcessorRegistrationDelegate.java : 326] Bean 'sqlSessionFactory' of type [org.apache.ibatis.session.defaults.DefaultSqlSessionFactory] is not eligible for getting processed by all BeanPostProcessors (for example: not eligible for auto-proxying)
2020-06-01 13:43:30,780 [INFO] [main] o.s.c.s.PostProcessorRegistrationDelegate$BeanPostProcessorChecker [PostProcessorRegistrationDelegate.java : 326] Bean 'sqlSessionTemplate' of type [org.mybatis.spring.SqlSessionTemplate] is not eligible for getting processed by all BeanPostProcessors (for example: not eligible for auto-proxying)
2020-06-01 13:43:30,781 [INFO] [main] o.s.c.s.PostProcessorRegistrationDelegate$BeanPostProcessorChecker [PostProcessorRegistrationDelegate.java : 326] Bean 'ISystemUserDao' of type [org.mybatis.spring.mapper.MapperFactoryBean] is not eligible for getting processed by all BeanPostProcessors (for example: not eligible for auto-proxying)
2020-06-01 13:43:30,784 [INFO] [main] o.s.c.s.PostProcessorRegistrationDelegate$BeanPostProcessorChecker [PostProcessorRegistrationDelegate.java : 326] Bean 'ISystemUserDao' of type [com.sun.proxy.$Proxy59] is not eligible for getting processed by all BeanPostProcessors (for example: not eligible for auto-proxying)
2020-06-01 13:43:30,788 [INFO] [main] o.s.c.s.PostProcessorRegistrationDelegate$BeanPostProcessorChecker [PostProcessorRegistrationDelegate.java : 326] Bean 'ISystemMenuDao' of type [org.mybatis.spring.mapper.MapperFactoryBean] is not eligible for getting processed by all BeanPostProcessors (for example: not eligible for auto-proxying)
2020-06-01 13:43:30,791 [INFO] [main] o.s.c.s.PostProcessorRegistrationDelegate$BeanPostProcessorChecker [PostProcessorRegistrationDelegate.java : 326] Bean 'ISystemMenuDao' of type [com.sun.proxy.$Proxy60] is not eligible for getting processed by all BeanPostProcessors (for example: not eligible for auto-proxying)
2020-06-01 13:43:30,792 [INFO] [main] o.s.c.s.PostProcessorRegistrationDelegate$BeanPostProcessorChecker [PostProcessorRegistrationDelegate.java : 326] Bean 'userRealm' of type [cn.cy.common.shrio.UserRealm] is not eligible for getting processed by all BeanPostProcessors (for example: not eligible for auto-proxying)
2020-06-01 13:43:30,823 [INFO] [main] o.s.c.s.PostProcessorRegistrationDelegate$BeanPostProcessorChecker [PostProcessorRegistrationDelegate.java : 326] Bean 'sessionManager' of type [org.apache.shiro.web.session.mgt.DefaultWebSessionManager] is not eligible for getting processed by all BeanPostProcessors (for example: not eligible for auto-proxying)
2020-06-01 13:43:30,865 [INFO] [main] o.s.c.s.PostProcessorRegistrationDelegate$BeanPostProcessorChecker [PostProcessorRegistrationDelegate.java : 326] Bean 'securityManager' of type [org.apache.shiro.web.mgt.DefaultWebSecurityManager] is not eligible for getting processed by all BeanPostProcessors (for example: not eligible for auto-proxying)
2020-06-01 13:43:31,012 [INFO] [main] o.s.c.s.PostProcessorRegistrationDelegate$BeanPostProcessorChecker [PostProcessorRegistrationDelegate.java : 326] Bean 'authorizationAttributeSourceAdvisor' of type [org.apache.shiro.spring.security.interceptor.AuthorizationAttributeSourceAdvisor] is not eligible for getting processed by all BeanPostProcessors (for example: not eligible for auto-proxying)
2020-06-01 13:43:31,079 [INFO] [main] o.s.c.s.PostProcessorRegistrationDelegate$BeanPostProcessorChecker [PostProcessorRegistrationDelegate.java : 326] Bean 'org.springframework.transaction.annotation.ProxyTransactionManagementConfiguration' of type [org.springframework.transaction.annotation.ProxyTransactionManagementConfiguration$$EnhancerBySpringCGLIB$$d2d9b724] is not eligible for getting processed by all BeanPostProcessors (for example: not eligible for auto-proxying)
2020-06-01 13:43:32,132 [INFO] [main] org.springframework.boot.web.embedded.tomcat.TomcatWebServer [TomcatWebServer.java : 86] Tomcat initialized with port(s): 7020 (http)
2020-06-01 13:43:32,151 [INFO] [main] org.apache.catalina.core.StandardService [DirectJDKLog.java : 179] Starting service [Tomcat]
2020-06-01 13:43:32,153 [INFO] [main] org.apache.catalina.core.StandardEngine [DirectJDKLog.java : 179] Starting Servlet Engine: Apache Tomcat/8.5.15
2020-06-01 13:43:32,379 [INFO] [localhost-startStop-1] o.a.catalina.core.ContainerBase.[Tomcat].[localhost].[/] [DirectJDKLog.java : 179] Initializing Spring embedded WebApplicationContext
2020-06-01 13:43:32,380 [INFO] [localhost-startStop-1] org.springframework.web.context.ContextLoader [ServletWebServerApplicationContext.java : 272] Root WebApplicationContext: initialization completed in 5204 ms
2020-06-01 13:43:33,367 [INFO] [localhost-startStop-1] org.springframework.boot.web.servlet.FilterRegistrationBean [AbstractFilterRegistrationBean.java : 251] Mapping filter: 'characterEncodingFilter' to: [/*]
2020-06-01 13:43:33,368 [INFO] [localhost-startStop-1] org.springframework.boot.web.servlet.FilterRegistrationBean [AbstractFilterRegistrationBean.java : 251] Mapping filter: 'hiddenHttpMethodFilter' to: [/*]
2020-06-01 13:43:33,369 [INFO] [localhost-startStop-1] org.springframework.boot.web.servlet.FilterRegistrationBean [AbstractFilterRegistrationBean.java : 251] Mapping filter: 'httpPutFormContentFilter' to: [/*]
2020-06-01 13:43:33,369 [INFO] [localhost-startStop-1] org.springframework.boot.web.servlet.FilterRegistrationBean [AbstractFilterRegistrationBean.java : 251] Mapping filter: 'requestContextFilter' to: [/*]
2020-06-01 13:43:33,369 [INFO] [localhost-startStop-1] org.springframework.boot.web.servlet.FilterRegistrationBean [AbstractFilterRegistrationBean.java : 264] Mapping filter: 'delegatingFilterProxy' to urls: [/*]
2020-06-01 13:43:33,369 [INFO] [localhost-startStop-1] org.springframework.boot.web.servlet.FilterRegistrationBean [AbstractFilterRegistrationBean.java : 264] Mapping filter: 'xssFilter' to urls: [/*]
2020-06-01 13:43:33,370 [INFO] [localhost-startStop-1] org.springframework.boot.web.servlet.FilterRegistrationBean [AbstractFilterRegistrationBean.java : 251] Mapping filter: 'shiroFilter' to: [/*]
2020-06-01 13:43:33,370 [INFO] [localhost-startStop-1] org.springframework.boot.web.servlet.ServletRegistrationBean [ServletRegistrationBean.java : 191] Mapping servlet: 'dispatcherServlet' to [/]
2020-06-01 13:43:37,701 [INFO] [main] o.s.w.s.mvc.method.annotation.RequestMappingHandlerAdapter [RequestMappingHandlerAdapter.java : 560] Looking for @ControllerAdvice: org.springframework.boot.web.servlet.context.AnnotationConfigServletWebServerApplicationContext@530712d: startup date [Mon Jun 01 13:43:27 CST 2020]; root of context hierarchy
2020-06-01 13:43:38,149 [INFO] [main] o.s.w.s.mvc.method.annotation.RequestMappingHandlerMapping [AbstractHandlerMethodMapping.java : 548] Mapped "{[/buyer/buyerList]}" onto public java.lang.String cn.cy.business.controller.BuyerController.buyerList()
2020-06-01 13:43:38,151 [INFO] [main] o.s.w.s.mvc.method.annotation.RequestMappingHandlerMapping [AbstractHandlerMethodMapping.java : 548] Mapped "{[/buyer/listData],methods=[POST || GET]}" onto public java.util.Map<java.lang.String, java.lang.Object> cn.cy.business.controller.BuyerController.listData(java.util.Map<java.lang.String, java.lang.Object>)
2020-06-01 13:43:38,152 [INFO] [main] o.s.w.s.mvc.method.annotation.RequestMappingHandlerMapping [AbstractHandlerMethodMapping.java : 548] Mapped "{[/seller/sellerList]}" onto public java.lang.String cn.cy.business.controller.SellerController.sellerList()
2020-06-01 13:43:38,155 [INFO] [main] o.s.w.s.mvc.method.annotation.RequestMappingHandlerMapping [AbstractHandlerMethodMapping.java : 548] Mapped "{[/index.html]}" onto public java.lang.String cn.cy.system.controller.LoginController.index()
2020-06-01 13:43:38,155 [INFO] [main] o.s.w.s.mvc.method.annotation.RequestMappingHandlerMapping [AbstractHandlerMethodMapping.java : 548] Mapped "{[/logout],methods=[POST || GET]}" onto public java.lang.String cn.cy.system.controller.LoginController.logout()
2020-06-01 13:43:38,155 [INFO] [main] o.s.w.s.mvc.method.annotation.RequestMappingHandlerMapping [AbstractHandlerMethodMapping.java : 548] Mapped "{[/login],methods=[POST || GET]}" onto public cn.cy.common.utils.R cn.cy.system.controller.LoginController.login(java.lang.String,java.lang.String,java.lang.String)
2020-06-01 13:43:38,156 [INFO] [main] o.s.w.s.mvc.method.annotation.RequestMappingHandlerMapping [AbstractHandlerMethodMapping.java : 548] Mapped "{[/captcha.jpg]}" onto public void cn.cy.system.controller.LoginController.captcha(javax.servlet.http.HttpServletResponse) throws java.io.IOException
2020-06-01 13:43:38,159 [INFO] [main] o.s.w.s.mvc.method.annotation.RequestMappingHandlerMapping [AbstractHandlerMethodMapping.java : 548] Mapped "{[/sysMenu/getMenu],methods=[POST || GET]}" onto public cn.cy.common.utils.R cn.cy.system.controller.SysMenuController.getMenu()
2020-06-01 13:43:38,160 [INFO] [main] o.s.w.s.mvc.method.annotation.RequestMappingHandlerMapping [AbstractHandlerMethodMapping.java : 548] Mapped "{[/main.html]}" onto public java.lang.String cn.cy.system.controller.SysPageController.main(javax.servlet.http.HttpServletRequest)
2020-06-01 13:43:38,161 [INFO] [main] o.s.w.s.mvc.method.annotation.RequestMappingHandlerMapping [AbstractHandlerMethodMapping.java : 548] Mapped "{[/homePage.html]}" onto public java.lang.String cn.cy.system.controller.SysPageController.homePage(javax.servlet.http.HttpServletRequest)
2020-06-01 13:43:38,165 [INFO] [main] o.s.w.s.mvc.method.annotation.RequestMappingHandlerMapping [AbstractHandlerMethodMapping.java : 548] Mapped "{[/error]}" onto public org.springframework.http.ResponseEntity<java.util.Map<java.lang.String, java.lang.Object>> org.springframework.boot.autoconfigure.web.servlet.error.BasicErrorController.error(javax.servlet.http.HttpServletRequest)
2020-06-01 13:43:38,167 [INFO] [main] o.s.w.s.mvc.method.annotation.RequestMappingHandlerMapping [AbstractHandlerMethodMapping.java : 548] Mapped "{[/error],produces=[text/html]}" onto public org.springframework.web.servlet.ModelAndView org.springframework.boot.autoconfigure.web.servlet.error.BasicErrorController.errorHtml(javax.servlet.http.HttpServletRequest,javax.servlet.http.HttpServletResponse)
2020-06-01 13:43:38,891 [INFO] [main] o.s.web.servlet.handler.SimpleUrlHandlerMapping [AbstractUrlHandlerMapping.java : 369] Mapped URL path [/statics/**] onto handler of type [class org.springframework.web.servlet.resource.ResourceHttpRequestHandler]
2020-06-01 13:43:38,891 [INFO] [main] o.s.web.servlet.handler.SimpleUrlHandlerMapping [AbstractUrlHandlerMapping.java : 369] Mapped URL path [/webjars/**] onto handler of type [class org.springframework.web.servlet.resource.ResourceHttpRequestHandler]
2020-06-01 13:43:38,892 [INFO] [main] o.s.web.servlet.handler.SimpleUrlHandlerMapping [AbstractUrlHandlerMapping.java : 369] Mapped URL path [/**] onto handler of type [class org.springframework.web.servlet.resource.ResourceHttpRequestHandler]
2020-06-01 13:43:39,384 [INFO] [main] o.s.web.servlet.handler.SimpleUrlHandlerMapping [AbstractUrlHandlerMapping.java : 369] Mapped URL path [/**/favicon.ico] onto handler of type [class org.springframework.web.servlet.resource.ResourceHttpRequestHandler]
2020-06-01 13:43:41,183 [INFO] [main] o.s.web.servlet.view.freemarker.FreeMarkerConfigurer [FreeMarkerConfigurer.java : 127] ClassTemplateLoader for Spring macros added to FreeMarker configuration
2020-06-01 13:43:42,671 [INFO] [main] o.s.jmx.export.annotation.AnnotationMBeanExporter [MBeanExporter.java : 429] Registering beans for JMX exposure on startup
2020-06-01 13:43:42,675 [INFO] [main] o.s.jmx.export.annotation.AnnotationMBeanExporter [MBeanExporter.java : 912] Bean with name 'dataSource' has been autodetected for JMX exposure
2020-06-01 13:43:42,685 [INFO] [main] o.s.jmx.export.annotation.AnnotationMBeanExporter [MBeanExporter.java : 675] Located MBean 'dataSource': registering with JMX server as MBean [com.zaxxer.hikari:name=dataSource,type=HikariDataSource]
2020-06-01 13:43:42,774 [INFO] [main] org.springframework.boot.web.embedded.tomcat.TomcatWebServer [TomcatWebServer.java : 194] Tomcat started on port(s): 7020 (http)
2020-06-01 13:43:42,780 [INFO] [main] cn.cy.SpringBootDemoApplication [StartupInfoLogger.java : 57] Started SpringBootDemoApplication in 16.367 seconds (JVM running for 17.156)
2020-06-01 13:44:06,700 [INFO] [http-nio-7020-exec-2] o.a.catalina.core.ContainerBase.[Tomcat].[localhost].[/] [DirectJDKLog.java : 179] Initializing Spring FrameworkServlet 'dispatcherServlet'
2020-06-01 13:44:06,700 [INFO] [http-nio-7020-exec-2] org.springframework.web.servlet.DispatcherServlet [FrameworkServlet.java : 488] FrameworkServlet 'dispatcherServlet': initialization started
2020-06-01 13:44:06,811 [INFO] [http-nio-7020-exec-2] org.springframework.web.servlet.DispatcherServlet [FrameworkServlet.java : 507] FrameworkServlet 'dispatcherServlet': initialization completed in 110 ms
2020-06-01 13:44:06,851 [INFO] [http-nio-7020-exec-2] o.apache.shiro.session.mgt.AbstractValidatingSessionManager [AbstractValidatingSessionManager.java : 233] Enabling session validation scheduler...
2020-06-01 13:44:06,932 [DEBUG] [http-nio-7020-exec-2] cn.cy.system.controller.LoginController [LoginController.java : 65] 进入登录页面
2020-06-01 13:44:08,895 [DEBUG] [http-nio-7020-exec-12] cn.cy.system.dao.ISystemUserDao.selectEntityByUsername [BaseJdbcLogger.java : 159] ==>  Preparing: select * from t_system_user where username = ? 
2020-06-01 13:44:08,934 [DEBUG] [http-nio-7020-exec-12] cn.cy.system.dao.ISystemUserDao.selectEntityByUsername [BaseJdbcLogger.java : 159] ==> Parameters: super(String)
2020-06-01 13:44:09,056 [DEBUG] [http-nio-7020-exec-12] cn.cy.system.dao.ISystemUserDao.selectEntityByUsername [BaseJdbcLogger.java : 159] <==      Total: 1
2020-06-01 13:44:09,111 [DEBUG] [http-nio-7020-exec-12] cn.cy.system.dao.ISystemUserDao.selectOne [BaseJdbcLogger.java : 159] ==>  Preparing: SELECT list_id AS ListId,username,`password`,user_role_id AS userRoleId,remark,is_delete AS isDelete FROM t_system_user WHERE username=? 
2020-06-01 13:44:09,112 [DEBUG] [http-nio-7020-exec-12] cn.cy.system.dao.ISystemUserDao.selectOne [BaseJdbcLogger.java : 159] ==> Parameters: super(String)
2020-06-01 13:44:09,115 [DEBUG] [http-nio-7020-exec-12] cn.cy.system.dao.ISystemUserDao.selectOne [BaseJdbcLogger.java : 159] <==      Total: 1
2020-06-01 13:44:09,458 [DEBUG] [http-nio-7020-exec-15] cn.cy.system.dao.ISystemUserDao.selectEntityByUsername [BaseJdbcLogger.java : 159] ==>  Preparing: select * from t_system_user where username = ? 
2020-06-01 13:44:09,459 [DEBUG] [http-nio-7020-exec-15] cn.cy.system.dao.ISystemUserDao.selectEntityByUsername [BaseJdbcLogger.java : 159] ==> Parameters: super(String)
2020-06-01 13:44:09,461 [DEBUG] [http-nio-7020-exec-15] cn.cy.system.dao.ISystemUserDao.selectEntityByUsername [BaseJdbcLogger.java : 159] <==      Total: 1
2020-06-01 13:44:09,971 [DEBUG] [http-nio-7020-exec-17] cn.cy.system.dao.ISystemMenuDao.getAllMenuList [BaseJdbcLogger.java : 159] ==>  Preparing: select * from t_system_menu ORDER BY SORT 
2020-06-01 13:44:09,972 [DEBUG] [http-nio-7020-exec-17] cn.cy.system.dao.ISystemMenuDao.getAllMenuList [BaseJdbcLogger.java : 159] ==> Parameters: 
2020-06-01 13:44:10,071 [DEBUG] [http-nio-7020-exec-17] cn.cy.system.dao.ISystemMenuDao.getAllMenuList [BaseJdbcLogger.java : 159] <==      Total: 6
2020-06-01 13:45:36,709 [DEBUG] [http-nio-7020-exec-29] cn.cy.system.controller.LoginController [LoginController.java : 65] 进入登录页面
2020-06-01 13:45:36,721 [DEBUG] [http-nio-7020-exec-28] cn.cy.system.controller.LoginController [LoginController.java : 65] 进入登录页面
2020-06-01 13:45:36,762 [DEBUG] [http-nio-7020-exec-30] cn.cy.system.controller.LoginController [LoginController.java : 65] 进入登录页面
2020-06-01 13:45:38,203 [DEBUG] [http-nio-7020-exec-6] cn.cy.system.dao.ISystemUserDao.selectEntityByUsername [BaseJdbcLogger.java : 159] ==>  Preparing: select * from t_system_user where username = ? 
2020-06-01 13:45:38,204 [DEBUG] [http-nio-7020-exec-6] cn.cy.system.dao.ISystemUserDao.selectEntityByUsername [BaseJdbcLogger.java : 159] ==> Parameters: super(String)
2020-06-01 13:45:38,206 [DEBUG] [http-nio-7020-exec-6] cn.cy.system.dao.ISystemUserDao.selectEntityByUsername [BaseJdbcLogger.java : 159] <==      Total: 1
2020-06-01 13:45:38,207 [DEBUG] [http-nio-7020-exec-6] cn.cy.system.dao.ISystemUserDao.selectOne [BaseJdbcLogger.java : 159] ==>  Preparing: SELECT list_id AS ListId,username,`password`,user_role_id AS userRoleId,remark,is_delete AS isDelete FROM t_system_user WHERE username=? 
2020-06-01 13:45:38,207 [DEBUG] [http-nio-7020-exec-6] cn.cy.system.dao.ISystemUserDao.selectOne [BaseJdbcLogger.java : 159] ==> Parameters: super(String)
2020-06-01 13:45:38,209 [DEBUG] [http-nio-7020-exec-6] cn.cy.system.dao.ISystemUserDao.selectOne [BaseJdbcLogger.java : 159] <==      Total: 1
2020-06-01 13:45:38,266 [DEBUG] [http-nio-7020-exec-1] cn.cy.system.dao.ISystemMenuDao.getAllMenuList [BaseJdbcLogger.java : 159] ==>  Preparing: select * from t_system_menu ORDER BY SORT 
2020-06-01 13:45:38,267 [DEBUG] [http-nio-7020-exec-1] cn.cy.system.dao.ISystemMenuDao.getAllMenuList [BaseJdbcLogger.java : 159] ==> Parameters: 
2020-06-01 13:45:38,271 [DEBUG] [http-nio-7020-exec-1] cn.cy.system.dao.ISystemMenuDao.getAllMenuList [BaseJdbcLogger.java : 159] <==      Total: 6
2020-06-01 13:51:47,644 [DEBUG] [http-nio-7020-exec-14] cn.cy.system.controller.LoginController [LoginController.java : 65] 进入登录页面
2020-06-01 13:51:47,651 [DEBUG] [http-nio-7020-exec-12] cn.cy.system.controller.LoginController [LoginController.java : 65] 进入登录页面
2020-06-01 13:51:47,684 [DEBUG] [http-nio-7020-exec-15] cn.cy.system.controller.LoginController [LoginController.java : 65] 进入登录页面
2020-06-01 13:51:49,127 [DEBUG] [http-nio-7020-exec-17] cn.cy.system.dao.ISystemUserDao.selectEntityByUsername [BaseJdbcLogger.java : 159] ==>  Preparing: select * from t_system_user where username = ? 
2020-06-01 13:51:49,127 [DEBUG] [http-nio-7020-exec-17] cn.cy.system.dao.ISystemUserDao.selectEntityByUsername [BaseJdbcLogger.java : 159] ==> Parameters: super(String)
2020-06-01 13:51:49,129 [DEBUG] [http-nio-7020-exec-17] cn.cy.system.dao.ISystemUserDao.selectEntityByUsername [BaseJdbcLogger.java : 159] <==      Total: 1
2020-06-01 13:51:49,130 [DEBUG] [http-nio-7020-exec-17] cn.cy.system.dao.ISystemUserDao.selectOne [BaseJdbcLogger.java : 159] ==>  Preparing: SELECT list_id AS ListId,username,`password`,user_role_id AS userRoleId,remark,is_delete AS isDelete FROM t_system_user WHERE username=? 
2020-06-01 13:51:49,131 [DEBUG] [http-nio-7020-exec-17] cn.cy.system.dao.ISystemUserDao.selectOne [BaseJdbcLogger.java : 159] ==> Parameters: super(String)
2020-06-01 13:51:49,137 [DEBUG] [http-nio-7020-exec-17] cn.cy.system.dao.ISystemUserDao.selectOne [BaseJdbcLogger.java : 159] <==      Total: 1
2020-06-01 13:51:49,183 [DEBUG] [http-nio-7020-exec-19] cn.cy.system.dao.ISystemMenuDao.getAllMenuList [BaseJdbcLogger.java : 159] ==>  Preparing: select * from t_system_menu ORDER BY SORT 
2020-06-01 13:51:49,184 [DEBUG] [http-nio-7020-exec-19] cn.cy.system.dao.ISystemMenuDao.getAllMenuList [BaseJdbcLogger.java : 159] ==> Parameters: 
2020-06-01 13:51:49,191 [DEBUG] [http-nio-7020-exec-19] cn.cy.system.dao.ISystemMenuDao.getAllMenuList [BaseJdbcLogger.java : 159] <==      Total: 6
2020-06-01 13:51:56,638 [DEBUG] [http-nio-7020-exec-22] cn.cy.system.dao.ISystemMenuDao.getAllMenuList [BaseJdbcLogger.java : 159] ==>  Preparing: select * from t_system_menu ORDER BY SORT 
2020-06-01 13:51:56,639 [DEBUG] [http-nio-7020-exec-22] cn.cy.system.dao.ISystemMenuDao.getAllMenuList [BaseJdbcLogger.java : 159] ==> Parameters: 
2020-06-01 13:51:56,643 [DEBUG] [http-nio-7020-exec-22] cn.cy.system.dao.ISystemMenuDao.getAllMenuList [BaseJdbcLogger.java : 159] <==      Total: 6
2020-06-01 13:52:19,739 [DEBUG] [http-nio-7020-exec-23] cn.cy.system.dao.ISystemMenuDao.getAllMenuList [BaseJdbcLogger.java : 159] ==>  Preparing: select * from t_system_menu ORDER BY SORT 
2020-06-01 13:52:19,740 [DEBUG] [http-nio-7020-exec-23] cn.cy.system.dao.ISystemMenuDao.getAllMenuList [BaseJdbcLogger.java : 159] ==> Parameters: 
2020-06-01 13:52:19,745 [DEBUG] [http-nio-7020-exec-23] cn.cy.system.dao.ISystemMenuDao.getAllMenuList [BaseJdbcLogger.java : 159] <==      Total: 6
2020-06-01 13:52:20,464 [DEBUG] [http-nio-7020-exec-2] cn.cy.system.dao.ISystemMenuDao.getAllMenuList [BaseJdbcLogger.java : 159] ==>  Preparing: select * from t_system_menu ORDER BY SORT 
2020-06-01 13:52:20,464 [DEBUG] [http-nio-7020-exec-2] cn.cy.system.dao.ISystemMenuDao.getAllMenuList [BaseJdbcLogger.java : 159] ==> Parameters: 
2020-06-01 13:52:20,469 [DEBUG] [http-nio-7020-exec-2] cn.cy.system.dao.ISystemMenuDao.getAllMenuList [BaseJdbcLogger.java : 159] <==      Total: 6
2020-06-01 13:52:20,655 [DEBUG] [http-nio-7020-exec-4] cn.cy.system.dao.ISystemMenuDao.getAllMenuList [BaseJdbcLogger.java : 159] ==>  Preparing: select * from t_system_menu ORDER BY SORT 
2020-06-01 13:52:20,656 [DEBUG] [http-nio-7020-exec-4] cn.cy.system.dao.ISystemMenuDao.getAllMenuList [BaseJdbcLogger.java : 159] ==> Parameters: 
2020-06-01 13:52:20,660 [DEBUG] [http-nio-7020-exec-4] cn.cy.system.dao.ISystemMenuDao.getAllMenuList [BaseJdbcLogger.java : 159] <==      Total: 6
2020-06-01 13:52:20,835 [DEBUG] [http-nio-7020-exec-9] cn.cy.system.dao.ISystemMenuDao.getAllMenuList [BaseJdbcLogger.java : 159] ==>  Preparing: select * from t_system_menu ORDER BY SORT 
2020-06-01 13:52:20,836 [DEBUG] [http-nio-7020-exec-9] cn.cy.system.dao.ISystemMenuDao.getAllMenuList [BaseJdbcLogger.java : 159] ==> Parameters: 
2020-06-01 13:52:20,839 [DEBUG] [http-nio-7020-exec-9] cn.cy.system.dao.ISystemMenuDao.getAllMenuList [BaseJdbcLogger.java : 159] <==      Total: 6
2020-06-01 13:52:21,000 [DEBUG] [http-nio-7020-exec-12] cn.cy.system.dao.ISystemMenuDao.getAllMenuList [BaseJdbcLogger.java : 159] ==>  Preparing: select * from t_system_menu ORDER BY SORT 
2020-06-01 13:52:21,002 [DEBUG] [http-nio-7020-exec-12] cn.cy.system.dao.ISystemMenuDao.getAllMenuList [BaseJdbcLogger.java : 159] ==> Parameters: 
2020-06-01 13:52:21,007 [DEBUG] [http-nio-7020-exec-12] cn.cy.system.dao.ISystemMenuDao.getAllMenuList [BaseJdbcLogger.java : 159] <==      Total: 6
2020-06-01 13:58:43,224 [DEBUG] [http-nio-7020-exec-28] cn.cy.system.controller.LoginController [LoginController.java : 65] 进入登录页面
2020-06-01 13:58:43,259 [DEBUG] [http-nio-7020-exec-2] cn.cy.system.controller.LoginController [LoginController.java : 65] 进入登录页面
2020-06-01 13:58:43,340 [DEBUG] [http-nio-7020-exec-7] cn.cy.system.controller.LoginController [LoginController.java : 65] 进入登录页面
2020-06-01 13:58:44,655 [DEBUG] [http-nio-7020-exec-9] cn.cy.system.dao.ISystemUserDao.selectEntityByUsername [BaseJdbcLogger.java : 159] ==>  Preparing: select * from t_system_user where username = ? 
2020-06-01 13:58:44,656 [DEBUG] [http-nio-7020-exec-9] cn.cy.system.dao.ISystemUserDao.selectEntityByUsername [BaseJdbcLogger.java : 159] ==> Parameters: super(String)
2020-06-01 13:58:44,658 [DEBUG] [http-nio-7020-exec-9] cn.cy.system.dao.ISystemUserDao.selectEntityByUsername [BaseJdbcLogger.java : 159] <==      Total: 1
2020-06-01 13:58:44,660 [DEBUG] [http-nio-7020-exec-9] cn.cy.system.dao.ISystemUserDao.selectOne [BaseJdbcLogger.java : 159] ==>  Preparing: SELECT list_id AS ListId,username,`password`,user_role_id AS userRoleId,remark,is_delete AS isDelete FROM t_system_user WHERE username=? 
2020-06-01 13:58:44,660 [DEBUG] [http-nio-7020-exec-9] cn.cy.system.dao.ISystemUserDao.selectOne [BaseJdbcLogger.java : 159] ==> Parameters: super(String)
2020-06-01 13:58:44,662 [DEBUG] [http-nio-7020-exec-9] cn.cy.system.dao.ISystemUserDao.selectOne [BaseJdbcLogger.java : 159] <==      Total: 1
2020-06-01 13:58:44,743 [DEBUG] [http-nio-7020-exec-14] cn.cy.system.dao.ISystemMenuDao.getAllMenuList [BaseJdbcLogger.java : 159] ==>  Preparing: select * from t_system_menu ORDER BY SORT 
2020-06-01 13:58:44,743 [DEBUG] [http-nio-7020-exec-14] cn.cy.system.dao.ISystemMenuDao.getAllMenuList [BaseJdbcLogger.java : 159] ==> Parameters: 
2020-06-01 13:58:44,746 [DEBUG] [http-nio-7020-exec-14] cn.cy.system.dao.ISystemMenuDao.getAllMenuList [BaseJdbcLogger.java : 159] <==      Total: 6
2020-06-01 14:01:07,910 [DEBUG] [http-nio-7020-exec-24] cn.cy.system.controller.LoginController [LoginController.java : 65] 进入登录页面
2020-06-01 14:01:07,923 [DEBUG] [http-nio-7020-exec-25] cn.cy.system.controller.LoginController [LoginController.java : 65] 进入登录页面
2020-06-01 14:01:07,927 [DEBUG] [http-nio-7020-exec-23] cn.cy.system.controller.LoginController [LoginController.java : 65] 进入登录页面
2020-06-01 14:01:07,963 [DEBUG] [http-nio-7020-exec-27] cn.cy.system.controller.LoginController [LoginController.java : 65] 进入登录页面
2020-06-01 14:01:08,988 [DEBUG] [http-nio-7020-exec-30] cn.cy.system.dao.ISystemUserDao.selectEntityByUsername [BaseJdbcLogger.java : 159] ==>  Preparing: select * from t_system_user where username = ? 
2020-06-01 14:01:08,989 [DEBUG] [http-nio-7020-exec-30] cn.cy.system.dao.ISystemUserDao.selectEntityByUsername [BaseJdbcLogger.java : 159] ==> Parameters: super(String)
2020-06-01 14:01:08,990 [DEBUG] [http-nio-7020-exec-30] cn.cy.system.dao.ISystemUserDao.selectEntityByUsername [BaseJdbcLogger.java : 159] <==      Total: 1
2020-06-01 14:01:08,991 [DEBUG] [http-nio-7020-exec-30] cn.cy.system.dao.ISystemUserDao.selectOne [BaseJdbcLogger.java : 159] ==>  Preparing: SELECT list_id AS ListId,username,`password`,user_role_id AS userRoleId,remark,is_delete AS isDelete FROM t_system_user WHERE username=? 
2020-06-01 14:01:08,992 [DEBUG] [http-nio-7020-exec-30] cn.cy.system.dao.ISystemUserDao.selectOne [BaseJdbcLogger.java : 159] ==> Parameters: super(String)
2020-06-01 14:01:08,993 [DEBUG] [http-nio-7020-exec-30] cn.cy.system.dao.ISystemUserDao.selectOne [BaseJdbcLogger.java : 159] <==      Total: 1
2020-06-01 14:01:09,040 [DEBUG] [http-nio-7020-exec-6] cn.cy.system.dao.ISystemMenuDao.getAllMenuList [BaseJdbcLogger.java : 159] ==>  Preparing: select * from t_system_menu ORDER BY SORT 
2020-06-01 14:01:09,040 [DEBUG] [http-nio-7020-exec-6] cn.cy.system.dao.ISystemMenuDao.getAllMenuList [BaseJdbcLogger.java : 159] ==> Parameters: 
2020-06-01 14:01:09,044 [DEBUG] [http-nio-7020-exec-6] cn.cy.system.dao.ISystemMenuDao.getAllMenuList [BaseJdbcLogger.java : 159] <==      Total: 6
2020-06-01 14:01:16,334 [DEBUG] [http-nio-7020-exec-4] cn.cy.business.dao.IBuyerDao.queryListData [BaseJdbcLogger.java : 159] ==>  Preparing: select * from t_buyer 
2020-06-01 14:01:16,335 [DEBUG] [http-nio-7020-exec-4] cn.cy.business.dao.IBuyerDao.queryListData [BaseJdbcLogger.java : 159] ==> Parameters: 
2020-06-01 14:01:16,357 [DEBUG] [http-nio-7020-exec-4] cn.cy.business.dao.IBuyerDao.queryListData [BaseJdbcLogger.java : 159] <==      Total: 1
2020-06-01 14:09:10,525 [DEBUG] [http-nio-7020-exec-13] cn.cy.system.controller.LoginController [LoginController.java : 65] 进入登录页面
2020-06-01 14:09:10,548 [DEBUG] [http-nio-7020-exec-17] cn.cy.system.controller.LoginController [LoginController.java : 65] 进入登录页面
2020-06-01 14:09:10,555 [DEBUG] [http-nio-7020-exec-19] cn.cy.system.controller.LoginController [LoginController.java : 65] 进入登录页面
2020-06-01 14:09:10,601 [DEBUG] [http-nio-7020-exec-22] cn.cy.system.controller.LoginController [LoginController.java : 65] 进入登录页面
2020-06-01 14:09:11,696 [DEBUG] [http-nio-7020-exec-24] cn.cy.system.dao.ISystemUserDao.selectEntityByUsername [BaseJdbcLogger.java : 159] ==>  Preparing: select * from t_system_user where username = ? 
2020-06-01 14:09:11,697 [DEBUG] [http-nio-7020-exec-24] cn.cy.system.dao.ISystemUserDao.selectEntityByUsername [BaseJdbcLogger.java : 159] ==> Parameters: super(String)
2020-06-01 14:09:11,698 [DEBUG] [http-nio-7020-exec-24] cn.cy.system.dao.ISystemUserDao.selectEntityByUsername [BaseJdbcLogger.java : 159] <==      Total: 1
2020-06-01 14:09:11,700 [DEBUG] [http-nio-7020-exec-24] cn.cy.system.dao.ISystemUserDao.selectOne [BaseJdbcLogger.java : 159] ==>  Preparing: SELECT list_id AS ListId,username,`password`,user_role_id AS userRoleId,remark,is_delete AS isDelete FROM t_system_user WHERE username=? 
2020-06-01 14:09:11,701 [DEBUG] [http-nio-7020-exec-24] cn.cy.system.dao.ISystemUserDao.selectOne [BaseJdbcLogger.java : 159] ==> Parameters: super(String)
2020-06-01 14:09:11,703 [DEBUG] [http-nio-7020-exec-24] cn.cy.system.dao.ISystemUserDao.selectOne [BaseJdbcLogger.java : 159] <==      Total: 1
2020-06-01 14:09:11,756 [DEBUG] [http-nio-7020-exec-25] cn.cy.system.dao.ISystemMenuDao.getAllMenuList [BaseJdbcLogger.java : 159] ==>  Preparing: select * from t_system_menu ORDER BY SORT 
2020-06-01 14:09:11,757 [DEBUG] [http-nio-7020-exec-25] cn.cy.system.dao.ISystemMenuDao.getAllMenuList [BaseJdbcLogger.java : 159] ==> Parameters: 
2020-06-01 14:09:11,760 [DEBUG] [http-nio-7020-exec-25] cn.cy.system.dao.ISystemMenuDao.getAllMenuList [BaseJdbcLogger.java : 159] <==      Total: 6
2020-06-01 14:09:13,500 [DEBUG] [http-nio-7020-exec-30] cn.cy.business.dao.IBuyerDao.queryListData [BaseJdbcLogger.java : 159] ==>  Preparing: select * from t_buyer 
2020-06-01 14:09:13,500 [DEBUG] [http-nio-7020-exec-30] cn.cy.business.dao.IBuyerDao.queryListData [BaseJdbcLogger.java : 159] ==> Parameters: 
2020-06-01 14:09:13,502 [DEBUG] [http-nio-7020-exec-30] cn.cy.business.dao.IBuyerDao.queryListData [BaseJdbcLogger.java : 159] <==      Total: 1
2020-06-01 14:09:15,128 [DEBUG] [http-nio-7020-exec-6] cn.cy.business.dao.IBuyerDao.queryListData [BaseJdbcLogger.java : 159] ==>  Preparing: select * from t_buyer 
2020-06-01 14:09:15,128 [DEBUG] [http-nio-7020-exec-6] cn.cy.business.dao.IBuyerDao.queryListData [BaseJdbcLogger.java : 159] ==> Parameters: 
2020-06-01 14:09:15,129 [DEBUG] [http-nio-7020-exec-6] cn.cy.business.dao.IBuyerDao.queryListData [BaseJdbcLogger.java : 159] <==      Total: 1
2020-06-01 14:09:15,934 [DEBUG] [http-nio-7020-exec-1] cn.cy.business.dao.IBuyerDao.queryListData [BaseJdbcLogger.java : 159] ==>  Preparing: select * from t_buyer 
2020-06-01 14:09:15,935 [DEBUG] [http-nio-7020-exec-1] cn.cy.business.dao.IBuyerDao.queryListData [BaseJdbcLogger.java : 159] ==> Parameters: 
2020-06-01 14:09:15,936 [DEBUG] [http-nio-7020-exec-1] cn.cy.business.dao.IBuyerDao.queryListData [BaseJdbcLogger.java : 159] <==      Total: 1
2020-06-01 14:09:16,802 [DEBUG] [http-nio-7020-exec-4] cn.cy.business.dao.IBuyerDao.queryListData [BaseJdbcLogger.java : 159] ==>  Preparing: select * from t_buyer 
2020-06-01 14:09:16,802 [DEBUG] [http-nio-7020-exec-4] cn.cy.business.dao.IBuyerDao.queryListData [BaseJdbcLogger.java : 159] ==> Parameters: 
2020-06-01 14:09:16,803 [DEBUG] [http-nio-7020-exec-4] cn.cy.business.dao.IBuyerDao.queryListData [BaseJdbcLogger.java : 159] <==      Total: 1
2020-06-01 14:09:17,619 [DEBUG] [http-nio-7020-exec-8] cn.cy.business.dao.IBuyerDao.queryListData [BaseJdbcLogger.java : 159] ==>  Preparing: select * from t_buyer 
2020-06-01 14:09:17,619 [DEBUG] [http-nio-7020-exec-8] cn.cy.business.dao.IBuyerDao.queryListData [BaseJdbcLogger.java : 159] ==> Parameters: 
2020-06-01 14:09:17,621 [DEBUG] [http-nio-7020-exec-8] cn.cy.business.dao.IBuyerDao.queryListData [BaseJdbcLogger.java : 159] <==      Total: 1
2020-06-01 14:09:18,314 [DEBUG] [http-nio-7020-exec-12] cn.cy.business.dao.IBuyerDao.queryListData [BaseJdbcLogger.java : 159] ==>  Preparing: select * from t_buyer 
2020-06-01 14:09:18,314 [DEBUG] [http-nio-7020-exec-12] cn.cy.business.dao.IBuyerDao.queryListData [BaseJdbcLogger.java : 159] ==> Parameters: 
2020-06-01 14:09:18,315 [DEBUG] [http-nio-7020-exec-12] cn.cy.business.dao.IBuyerDao.queryListData [BaseJdbcLogger.java : 159] <==      Total: 1
2020-06-01 14:09:18,921 [DEBUG] [http-nio-7020-exec-13] cn.cy.business.dao.IBuyerDao.queryListData [BaseJdbcLogger.java : 159] ==>  Preparing: select * from t_buyer 
2020-06-01 14:09:18,922 [DEBUG] [http-nio-7020-exec-13] cn.cy.business.dao.IBuyerDao.queryListData [BaseJdbcLogger.java : 159] ==> Parameters: 
2020-06-01 14:09:18,924 [DEBUG] [http-nio-7020-exec-13] cn.cy.business.dao.IBuyerDao.queryListData [BaseJdbcLogger.java : 159] <==      Total: 1
2020-06-01 14:09:19,570 [DEBUG] [http-nio-7020-exec-19] cn.cy.business.dao.IBuyerDao.queryListData [BaseJdbcLogger.java : 159] ==>  Preparing: select * from t_buyer 
2020-06-01 14:09:19,570 [DEBUG] [http-nio-7020-exec-19] cn.cy.business.dao.IBuyerDao.queryListData [BaseJdbcLogger.java : 159] ==> Parameters: 
2020-06-01 14:09:19,572 [DEBUG] [http-nio-7020-exec-19] cn.cy.business.dao.IBuyerDao.queryListData [BaseJdbcLogger.java : 159] <==      Total: 1
2020-06-01 14:09:20,470 [DEBUG] [http-nio-7020-exec-20] cn.cy.business.dao.IBuyerDao.queryListData [BaseJdbcLogger.java : 159] ==>  Preparing: select * from t_buyer 
2020-06-01 14:09:20,471 [DEBUG] [http-nio-7020-exec-20] cn.cy.business.dao.IBuyerDao.queryListData [BaseJdbcLogger.java : 159] ==> Parameters: 
2020-06-01 14:09:20,472 [DEBUG] [http-nio-7020-exec-20] cn.cy.business.dao.IBuyerDao.queryListData [BaseJdbcLogger.java : 159] <==      Total: 1
2020-06-01 14:09:21,454 [DEBUG] [http-nio-7020-exec-23] cn.cy.business.dao.IBuyerDao.queryListData [BaseJdbcLogger.java : 159] ==>  Preparing: select * from t_buyer 
2020-06-01 14:09:21,455 [DEBUG] [http-nio-7020-exec-23] cn.cy.business.dao.IBuyerDao.queryListData [BaseJdbcLogger.java : 159] ==> Parameters: 
2020-06-01 14:09:21,456 [DEBUG] [http-nio-7020-exec-23] cn.cy.business.dao.IBuyerDao.queryListData [BaseJdbcLogger.java : 159] <==      Total: 1
2020-06-01 14:15:00,186 [DEBUG] [http-nio-7020-exec-28] cn.cy.system.controller.LoginController [LoginController.java : 65] 进入登录页面
2020-06-01 14:15:00,291 [DEBUG] [http-nio-7020-exec-8] cn.cy.system.controller.LoginController [LoginController.java : 65] 进入登录页面
2020-06-01 14:15:01,614 [DEBUG] [http-nio-7020-exec-12] cn.cy.system.dao.ISystemUserDao.selectEntityByUsername [BaseJdbcLogger.java : 159] ==>  Preparing: select * from t_system_user where username = ? 
2020-06-01 14:15:01,615 [DEBUG] [http-nio-7020-exec-12] cn.cy.system.dao.ISystemUserDao.selectEntityByUsername [BaseJdbcLogger.java : 159] ==> Parameters: super(String)
2020-06-01 14:15:01,617 [DEBUG] [http-nio-7020-exec-12] cn.cy.system.dao.ISystemUserDao.selectEntityByUsername [BaseJdbcLogger.java : 159] <==      Total: 1
2020-06-01 14:15:01,618 [DEBUG] [http-nio-7020-exec-12] cn.cy.system.dao.ISystemUserDao.selectOne [BaseJdbcLogger.java : 159] ==>  Preparing: SELECT list_id AS ListId,username,`password`,user_role_id AS userRoleId,remark,is_delete AS isDelete FROM t_system_user WHERE username=? 
2020-06-01 14:15:01,618 [DEBUG] [http-nio-7020-exec-12] cn.cy.system.dao.ISystemUserDao.selectOne [BaseJdbcLogger.java : 159] ==> Parameters: super(String)
2020-06-01 14:15:01,620 [DEBUG] [http-nio-7020-exec-12] cn.cy.system.dao.ISystemUserDao.selectOne [BaseJdbcLogger.java : 159] <==      Total: 1
2020-06-01 14:15:01,684 [DEBUG] [http-nio-7020-exec-19] cn.cy.system.dao.ISystemMenuDao.getAllMenuList [BaseJdbcLogger.java : 159] ==>  Preparing: select * from t_system_menu ORDER BY SORT 
2020-06-01 14:15:01,685 [DEBUG] [http-nio-7020-exec-19] cn.cy.system.dao.ISystemMenuDao.getAllMenuList [BaseJdbcLogger.java : 159] ==> Parameters: 
2020-06-01 14:15:01,689 [DEBUG] [http-nio-7020-exec-19] cn.cy.system.dao.ISystemMenuDao.getAllMenuList [BaseJdbcLogger.java : 159] <==      Total: 6
2020-06-01 14:15:02,510 [DEBUG] [http-nio-7020-exec-20] cn.cy.business.dao.IBuyerDao.queryListData [BaseJdbcLogger.java : 159] ==>  Preparing: select * from t_buyer 
2020-06-01 14:15:02,510 [DEBUG] [http-nio-7020-exec-20] cn.cy.business.dao.IBuyerDao.queryListData [BaseJdbcLogger.java : 159] ==> Parameters: 
2020-06-01 14:15:02,512 [DEBUG] [http-nio-7020-exec-20] cn.cy.business.dao.IBuyerDao.queryListData [BaseJdbcLogger.java : 159] <==      Total: 1
2020-06-01 14:15:04,734 [DEBUG] [http-nio-7020-exec-25] cn.cy.business.dao.IBuyerDao.queryListData [BaseJdbcLogger.java : 159] ==>  Preparing: select * from t_buyer 
2020-06-01 14:15:04,735 [DEBUG] [http-nio-7020-exec-25] cn.cy.business.dao.IBuyerDao.queryListData [BaseJdbcLogger.java : 159] ==> Parameters: 
2020-06-01 14:15:04,736 [DEBUG] [http-nio-7020-exec-25] cn.cy.business.dao.IBuyerDao.queryListData [BaseJdbcLogger.java : 159] <==      Total: 1
2020-06-01 14:15:06,339 [DEBUG] [http-nio-7020-exec-30] cn.cy.business.dao.IBuyerDao.queryListData [BaseJdbcLogger.java : 159] ==>  Preparing: select * from t_buyer 
2020-06-01 14:15:06,340 [DEBUG] [http-nio-7020-exec-30] cn.cy.business.dao.IBuyerDao.queryListData [BaseJdbcLogger.java : 159] ==> Parameters: 
2020-06-01 14:15:06,342 [DEBUG] [http-nio-7020-exec-30] cn.cy.business.dao.IBuyerDao.queryListData [BaseJdbcLogger.java : 159] <==      Total: 1
2020-06-01 14:15:07,109 [DEBUG] [http-nio-7020-exec-3] cn.cy.business.dao.IBuyerDao.queryListData [BaseJdbcLogger.java : 159] ==>  Preparing: select * from t_buyer 
2020-06-01 14:15:07,109 [DEBUG] [http-nio-7020-exec-3] cn.cy.business.dao.IBuyerDao.queryListData [BaseJdbcLogger.java : 159] ==> Parameters: 
2020-06-01 14:15:07,111 [DEBUG] [http-nio-7020-exec-3] cn.cy.business.dao.IBuyerDao.queryListData [BaseJdbcLogger.java : 159] <==      Total: 1
2020-06-01 14:15:55,199 [DEBUG] [http-nio-7020-exec-6] cn.cy.system.dao.ISystemMenuDao.getAllMenuList [BaseJdbcLogger.java : 159] ==>  Preparing: select * from t_system_menu ORDER BY SORT 
2020-06-01 14:15:55,200 [DEBUG] [http-nio-7020-exec-6] cn.cy.system.dao.ISystemMenuDao.getAllMenuList [BaseJdbcLogger.java : 159] ==> Parameters: 
2020-06-01 14:15:55,204 [DEBUG] [http-nio-7020-exec-6] cn.cy.system.dao.ISystemMenuDao.getAllMenuList [BaseJdbcLogger.java : 159] <==      Total: 6
2020-06-01 14:15:57,164 [DEBUG] [http-nio-7020-exec-14] cn.cy.business.dao.IBuyerDao.queryListData [BaseJdbcLogger.java : 159] ==>  Preparing: select * from t_buyer 
2020-06-01 14:15:57,164 [DEBUG] [http-nio-7020-exec-14] cn.cy.business.dao.IBuyerDao.queryListData [BaseJdbcLogger.java : 159] ==> Parameters: 
2020-06-01 14:15:57,166 [DEBUG] [http-nio-7020-exec-14] cn.cy.business.dao.IBuyerDao.queryListData [BaseJdbcLogger.java : 159] <==      Total: 1
2020-06-01 14:21:00,719 [DEBUG] [http-nio-7020-exec-19] cn.cy.system.controller.LoginController [LoginController.java : 65] 进入登录页面
2020-06-01 14:21:00,767 [DEBUG] [http-nio-7020-exec-22] cn.cy.system.controller.LoginController [LoginController.java : 65] 进入登录页面
2020-06-01 14:21:01,867 [DEBUG] [http-nio-7020-exec-24] cn.cy.system.dao.ISystemUserDao.selectEntityByUsername [BaseJdbcLogger.java : 159] ==>  Preparing: select * from t_system_user where username = ? 
2020-06-01 14:21:01,868 [DEBUG] [http-nio-7020-exec-24] cn.cy.system.dao.ISystemUserDao.selectEntityByUsername [BaseJdbcLogger.java : 159] ==> Parameters: super(String)
2020-06-01 14:21:01,871 [DEBUG] [http-nio-7020-exec-24] cn.cy.system.dao.ISystemUserDao.selectEntityByUsername [BaseJdbcLogger.java : 159] <==      Total: 1
2020-06-01 14:21:01,872 [DEBUG] [http-nio-7020-exec-24] cn.cy.system.dao.ISystemUserDao.selectOne [BaseJdbcLogger.java : 159] ==>  Preparing: SELECT list_id AS ListId,username,`password`,user_role_id AS userRoleId,remark,is_delete AS isDelete FROM t_system_user WHERE username=? 
2020-06-01 14:21:01,873 [DEBUG] [http-nio-7020-exec-24] cn.cy.system.dao.ISystemUserDao.selectOne [BaseJdbcLogger.java : 159] ==> Parameters: super(String)
2020-06-01 14:21:01,887 [DEBUG] [http-nio-7020-exec-24] cn.cy.system.dao.ISystemUserDao.selectOne [BaseJdbcLogger.java : 159] <==      Total: 1
2020-06-01 14:21:01,950 [DEBUG] [http-nio-7020-exec-29] cn.cy.system.dao.ISystemMenuDao.getAllMenuList [BaseJdbcLogger.java : 159] ==>  Preparing: select * from t_system_menu ORDER BY SORT 
2020-06-01 14:21:01,951 [DEBUG] [http-nio-7020-exec-29] cn.cy.system.dao.ISystemMenuDao.getAllMenuList [BaseJdbcLogger.java : 159] ==> Parameters: 
2020-06-01 14:21:01,955 [DEBUG] [http-nio-7020-exec-29] cn.cy.system.dao.ISystemMenuDao.getAllMenuList [BaseJdbcLogger.java : 159] <==      Total: 6
2020-06-01 14:21:03,007 [DEBUG] [http-nio-7020-exec-4] cn.cy.business.dao.IBuyerDao.queryListData [BaseJdbcLogger.java : 159] ==>  Preparing: select * from t_buyer 
2020-06-01 14:21:03,007 [DEBUG] [http-nio-7020-exec-4] cn.cy.business.dao.IBuyerDao.queryListData [BaseJdbcLogger.java : 159] ==> Parameters: 
2020-06-01 14:21:03,009 [DEBUG] [http-nio-7020-exec-4] cn.cy.business.dao.IBuyerDao.queryListData [BaseJdbcLogger.java : 159] <==      Total: 1
2020-06-01 14:44:06,854 [INFO] [SessionValidationThread-1] o.apache.shiro.session.mgt.AbstractValidatingSessionManager [AbstractValidatingSessionManager.java : 275] Validating all active sessions...
2020-06-01 14:44:06,855 [INFO] [SessionValidationThread-1] o.apache.shiro.session.mgt.AbstractValidatingSessionManager [AbstractValidatingSessionManager.java : 308] Finished session validation.  [4] sessions were stopped.
2020-06-01 15:31:17,822 [DEBUG] [http-nio-7020-exec-16] cn.cy.system.controller.LoginController [LoginController.java : 65] 进入登录页面
2020-06-01 15:31:17,849 [DEBUG] [http-nio-7020-exec-17] cn.cy.system.controller.LoginController [LoginController.java : 65] 进入登录页面
2020-06-01 15:31:17,854 [DEBUG] [http-nio-7020-exec-19] cn.cy.system.controller.LoginController [LoginController.java : 65] 进入登录页面
2020-06-01 15:31:17,933 [DEBUG] [http-nio-7020-exec-20] cn.cy.system.controller.LoginController [LoginController.java : 65] 进入登录页面
2020-06-01 15:31:18,926 [DEBUG] [http-nio-7020-exec-27] cn.cy.system.dao.ISystemUserDao.selectEntityByUsername [BaseJdbcLogger.java : 159] ==>  Preparing: select * from t_system_user where username = ? 
2020-06-01 15:31:18,928 [DEBUG] [http-nio-7020-exec-27] cn.cy.system.dao.ISystemUserDao.selectEntityByUsername [BaseJdbcLogger.java : 159] ==> Parameters: super(String)
2020-06-01 15:31:18,940 [DEBUG] [http-nio-7020-exec-27] cn.cy.system.dao.ISystemUserDao.selectEntityByUsername [BaseJdbcLogger.java : 159] <==      Total: 1
2020-06-01 15:31:18,942 [DEBUG] [http-nio-7020-exec-27] cn.cy.system.dao.ISystemUserDao.selectOne [BaseJdbcLogger.java : 159] ==>  Preparing: SELECT list_id AS ListId,username,`password`,user_role_id AS userRoleId,remark,is_delete AS isDelete FROM t_system_user WHERE username=? 
2020-06-01 15:31:18,943 [DEBUG] [http-nio-7020-exec-27] cn.cy.system.dao.ISystemUserDao.selectOne [BaseJdbcLogger.java : 159] ==> Parameters: super(String)
2020-06-01 15:31:18,945 [DEBUG] [http-nio-7020-exec-27] cn.cy.system.dao.ISystemUserDao.selectOne [BaseJdbcLogger.java : 159] <==      Total: 1
2020-06-01 15:31:19,006 [DEBUG] [http-nio-7020-exec-30] cn.cy.system.dao.ISystemMenuDao.getAllMenuList [BaseJdbcLogger.java : 159] ==>  Preparing: select * from t_system_menu ORDER BY SORT 
2020-06-01 15:31:19,008 [DEBUG] [http-nio-7020-exec-30] cn.cy.system.dao.ISystemMenuDao.getAllMenuList [BaseJdbcLogger.java : 159] ==> Parameters: 
2020-06-01 15:31:19,011 [DEBUG] [http-nio-7020-exec-30] cn.cy.system.dao.ISystemMenuDao.getAllMenuList [BaseJdbcLogger.java : 159] <==      Total: 6
2020-06-01 15:31:26,213 [DEBUG] [http-nio-7020-exec-5] cn.cy.business.dao.IBuyerDao.queryListData [BaseJdbcLogger.java : 159] ==>  Preparing: select * from t_buyer 
2020-06-01 15:31:26,243 [DEBUG] [http-nio-7020-exec-5] cn.cy.business.dao.IBuyerDao.queryListData [BaseJdbcLogger.java : 159] ==> Parameters: 
2020-06-01 15:31:26,325 [DEBUG] [http-nio-7020-exec-5] cn.cy.business.dao.IBuyerDao.queryListData [BaseJdbcLogger.java : 159] <==      Total: 1
2020-06-01 15:44:06,853 [INFO] [SessionValidationThread-1] o.apache.shiro.session.mgt.AbstractValidatingSessionManager [AbstractValidatingSessionManager.java : 275] Validating all active sessions...
2020-06-01 15:44:06,854 [INFO] [SessionValidationThread-1] o.apache.shiro.session.mgt.AbstractValidatingSessionManager [AbstractValidatingSessionManager.java : 308] Finished session validation.  [1] sessions were stopped.
2020-06-01 15:55:18,916 [DEBUG] [http-nio-7020-exec-8] cn.cy.system.controller.LoginController [LoginController.java : 65] 进入登录页面
2020-06-01 15:55:20,325 [DEBUG] [http-nio-7020-exec-11] cn.cy.system.dao.ISystemUserDao.selectEntityByUsername [BaseJdbcLogger.java : 159] ==>  Preparing: select * from t_system_user where username = ? 
2020-06-01 15:55:20,326 [DEBUG] [http-nio-7020-exec-11] cn.cy.system.dao.ISystemUserDao.selectEntityByUsername [BaseJdbcLogger.java : 159] ==> Parameters: super(String)
2020-06-01 15:55:20,328 [DEBUG] [http-nio-7020-exec-11] cn.cy.system.dao.ISystemUserDao.selectEntityByUsername [BaseJdbcLogger.java : 159] <==      Total: 1
2020-06-01 15:55:20,329 [DEBUG] [http-nio-7020-exec-11] cn.cy.system.dao.ISystemUserDao.selectOne [BaseJdbcLogger.java : 159] ==>  Preparing: SELECT list_id AS ListId,username,`password`,user_role_id AS userRoleId,remark,is_delete AS isDelete FROM t_system_user WHERE username=? 
2020-06-01 15:55:20,330 [DEBUG] [http-nio-7020-exec-11] cn.cy.system.dao.ISystemUserDao.selectOne [BaseJdbcLogger.java : 159] ==> Parameters: super(String)
2020-06-01 15:55:20,331 [DEBUG] [http-nio-7020-exec-11] cn.cy.system.dao.ISystemUserDao.selectOne [BaseJdbcLogger.java : 159] <==      Total: 1
2020-06-01 15:55:20,414 [DEBUG] [http-nio-7020-exec-18] cn.cy.system.dao.ISystemMenuDao.getAllMenuList [BaseJdbcLogger.java : 159] ==>  Preparing: select * from t_system_menu ORDER BY SORT 
2020-06-01 15:55:20,415 [DEBUG] [http-nio-7020-exec-18] cn.cy.system.dao.ISystemMenuDao.getAllMenuList [BaseJdbcLogger.java : 159] ==> Parameters: 
2020-06-01 15:55:20,419 [DEBUG] [http-nio-7020-exec-18] cn.cy.system.dao.ISystemMenuDao.getAllMenuList [BaseJdbcLogger.java : 159] <==      Total: 6
2020-06-01 15:55:22,424 [DEBUG] [http-nio-7020-exec-21] cn.cy.business.dao.IBuyerDao.queryListData [BaseJdbcLogger.java : 159] ==>  Preparing: select * from t_buyer 
2020-06-01 15:55:22,424 [DEBUG] [http-nio-7020-exec-21] cn.cy.business.dao.IBuyerDao.queryListData [BaseJdbcLogger.java : 159] ==> Parameters: 
2020-06-01 15:55:22,425 [DEBUG] [http-nio-7020-exec-21] cn.cy.business.dao.IBuyerDao.queryListData [BaseJdbcLogger.java : 159] <==      Total: 1
2020-06-01 15:56:00,472 [DEBUG] [http-nio-7020-exec-20] cn.cy.business.dao.IBuyerDao.queryListData [BaseJdbcLogger.java : 159] ==>  Preparing: select * from t_buyer 
2020-06-01 15:56:00,473 [DEBUG] [http-nio-7020-exec-20] cn.cy.business.dao.IBuyerDao.queryListData [BaseJdbcLogger.java : 159] ==> Parameters: 
2020-06-01 15:56:00,475 [DEBUG] [http-nio-7020-exec-20] cn.cy.business.dao.IBuyerDao.queryListData [BaseJdbcLogger.java : 159] <==      Total: 1
2020-06-01 16:06:49,977 [DEBUG] [http-nio-7020-exec-5] cn.cy.system.controller.LoginController [LoginController.java : 65] 进入登录页面
2020-06-01 16:06:50,014 [DEBUG] [http-nio-7020-exec-14] cn.cy.system.controller.LoginController [LoginController.java : 65] 进入登录页面
2020-06-01 16:06:50,018 [DEBUG] [http-nio-7020-exec-2] cn.cy.system.controller.LoginController [LoginController.java : 65] 进入登录页面
2020-06-01 16:06:50,103 [DEBUG] [http-nio-7020-exec-9] cn.cy.system.controller.LoginController [LoginController.java : 65] 进入登录页面
2020-06-01 16:06:51,332 [DEBUG] [http-nio-7020-exec-13] cn.cy.system.dao.ISystemUserDao.selectEntityByUsername [BaseJdbcLogger.java : 159] ==>  Preparing: select * from t_system_user where username = ? 
2020-06-01 16:06:51,333 [DEBUG] [http-nio-7020-exec-13] cn.cy.system.dao.ISystemUserDao.selectEntityByUsername [BaseJdbcLogger.java : 159] ==> Parameters: super(String)
2020-06-01 16:06:51,334 [DEBUG] [http-nio-7020-exec-13] cn.cy.system.dao.ISystemUserDao.selectEntityByUsername [BaseJdbcLogger.java : 159] <==      Total: 1
2020-06-01 16:06:51,335 [DEBUG] [http-nio-7020-exec-13] cn.cy.system.dao.ISystemUserDao.selectOne [BaseJdbcLogger.java : 159] ==>  Preparing: SELECT list_id AS ListId,username,`password`,user_role_id AS userRoleId,remark,is_delete AS isDelete FROM t_system_user WHERE username=? 
2020-06-01 16:06:51,336 [DEBUG] [http-nio-7020-exec-13] cn.cy.system.dao.ISystemUserDao.selectOne [BaseJdbcLogger.java : 159] ==> Parameters: super(String)
2020-06-01 16:06:51,338 [DEBUG] [http-nio-7020-exec-13] cn.cy.system.dao.ISystemUserDao.selectOne [BaseJdbcLogger.java : 159] <==      Total: 1
2020-06-01 16:06:51,410 [DEBUG] [http-nio-7020-exec-18] cn.cy.system.dao.ISystemMenuDao.getAllMenuList [BaseJdbcLogger.java : 159] ==>  Preparing: select * from t_system_menu ORDER BY SORT 
2020-06-01 16:06:51,410 [DEBUG] [http-nio-7020-exec-18] cn.cy.system.dao.ISystemMenuDao.getAllMenuList [BaseJdbcLogger.java : 159] ==> Parameters: 
2020-06-01 16:06:51,412 [DEBUG] [http-nio-7020-exec-18] cn.cy.system.dao.ISystemMenuDao.getAllMenuList [BaseJdbcLogger.java : 159] <==      Total: 6
2020-06-01 16:06:58,274 [DEBUG] [http-nio-7020-exec-22] cn.cy.business.dao.IBuyerDao.queryListData [BaseJdbcLogger.java : 159] ==>  Preparing: select * from t_buyer 
2020-06-01 16:06:58,286 [DEBUG] [http-nio-7020-exec-22] cn.cy.business.dao.IBuyerDao.queryListData [BaseJdbcLogger.java : 159] ==> Parameters: 
2020-06-01 16:06:58,368 [DEBUG] [http-nio-7020-exec-22] cn.cy.business.dao.IBuyerDao.queryListData [BaseJdbcLogger.java : 159] <==      Total: 1
2020-06-01 16:09:27,494 [ERROR] [http-nio-7020-exec-22] o.a.c.c.C.[Tomcat].[localhost].[/].[dispatcherServlet] [DirectJDKLog.java : 181] Servlet.service() for servlet [dispatcherServlet] in context with path [] threw exception [org.apache.shiro.session.ExpiredSessionException: Session with id [c813dff4-0e7b-49f9-8d41-2fa896255e27] has expired. Last access time: 20-6-1 下午4:06.  Current time: 20-6-1 下午4:09.  Session timeout is set to 60 seconds (1 minutes)] with root cause
org.apache.shiro.session.ExpiredSessionException: Session with id [c813dff4-0e7b-49f9-8d41-2fa896255e27] has expired. Last access time: 20-6-1 下午4:06.  Current time: 20-6-1 下午4:09.  Session timeout is set to 60 seconds (1 minutes)
	at org.apache.shiro.session.mgt.SimpleSession.validate(SimpleSession.java:292)
	at org.apache.shiro.session.mgt.AbstractValidatingSessionManager.doValidate(AbstractValidatingSessionManager.java:186)
	at org.apache.shiro.session.mgt.AbstractValidatingSessionManager.validate(AbstractValidatingSessionManager.java:143)
	at org.apache.shiro.session.mgt.AbstractValidatingSessionManager.doGetSession(AbstractValidatingSessionManager.java:120)
	at org.apache.shiro.session.mgt.AbstractNativeSessionManager.lookupSession(AbstractNativeSessionManager.java:148)
	at org.apache.shiro.session.mgt.AbstractNativeSessionManager.lookupRequiredSession(AbstractNativeSessionManager.java:152)
	at org.apache.shiro.session.mgt.AbstractNativeSessionManager.getAttribute(AbstractNativeSessionManager.java:249)
	at org.apache.shiro.session.mgt.DelegatingSession.getAttribute(DelegatingSession.java:141)
	at org.apache.shiro.session.ProxiedSession.getAttribute(ProxiedSession.java:121)
	at org.apache.shiro.subject.support.DelegatingSubject.getRunAsPrincipalsStack(DelegatingSubject.java:473)
	at org.apache.shiro.subject.support.DelegatingSubject.getPrincipals(DelegatingSubject.java:157)
	at org.apache.shiro.subject.support.DelegatingSubject.getPrincipal(DelegatingSubject.java:153)
	at org.apache.shiro.web.servlet.ShiroHttpServletRequest.getSubjectPrincipal(ShiroHttpServletRequest.java:96)
	at org.apache.shiro.web.servlet.ShiroHttpServletRequest.getUserPrincipal(ShiroHttpServletRequest.java:112)
	at javax.servlet.http.HttpServletRequestWrapper.getUserPrincipal(HttpServletRequestWrapper.java:186)
	at org.springframework.web.servlet.FrameworkServlet.getUsernameForRequest(FrameworkServlet.java:1090)
	at org.springframework.web.servlet.FrameworkServlet.publishRequestHandledEvent(FrameworkServlet.java:1075)
	at org.springframework.web.servlet.FrameworkServlet.processRequest(FrameworkServlet.java:1002)
	at org.springframework.web.servlet.FrameworkServlet.doGet(FrameworkServlet.java:863)
	at javax.servlet.http.HttpServlet.service(HttpServlet.java:635)
	at org.springframework.web.servlet.FrameworkServlet.service(FrameworkServlet.java:848)
	at javax.servlet.http.HttpServlet.service(HttpServlet.java:742)
	at org.apache.catalina.core.ApplicationFilterChain.internalDoFilter(ApplicationFilterChain.java:231)
	at org.apache.catalina.core.ApplicationFilterChain.doFilter(ApplicationFilterChain.java:166)
	at org.apache.tomcat.websocket.server.WsFilter.doFilter(WsFilter.java:52)
	at org.apache.catalina.core.ApplicationFilterChain.internalDoFilter(ApplicationFilterChain.java:193)
	at org.apache.catalina.core.ApplicationFilterChain.doFilter(ApplicationFilterChain.java:166)
	at org.apache.shiro.web.servlet.OncePerRequestFilter.doFilter(OncePerRequestFilter.java:112)
	at org.apache.catalina.core.ApplicationFilterChain.internalDoFilter(ApplicationFilterChain.java:193)
	at org.apache.catalina.core.ApplicationFilterChain.doFilter(ApplicationFilterChain.java:166)
	at cn.cy.common.xss.XssFilter.doFilter(XssFilter.java:29)
	at org.apache.catalina.core.ApplicationFilterChain.internalDoFilter(ApplicationFilterChain.java:193)
	at org.apache.catalina.core.ApplicationFilterChain.doFilter(ApplicationFilterChain.java:166)
	at org.apache.shiro.web.servlet.ProxiedFilterChain.doFilter(ProxiedFilterChain.java:61)
	at org.apache.shiro.web.servlet.AdviceFilter.executeChain(AdviceFilter.java:108)
	at org.apache.shiro.web.servlet.AdviceFilter.doFilterInternal(AdviceFilter.java:137)
	at org.apache.shiro.web.servlet.OncePerRequestFilter.doFilter(OncePerRequestFilter.java:125)
	at org.apache.shiro.web.servlet.ProxiedFilterChain.doFilter(ProxiedFilterChain.java:66)
	at org.apache.shiro.web.servlet.AbstractShiroFilter.executeChain(AbstractShiroFilter.java:449)
	at org.apache.shiro.web.servlet.AbstractShiroFilter$1.call(AbstractShiroFilter.java:365)
	at org.apache.shiro.subject.support.SubjectCallable.doCall(SubjectCallable.java:90)
	at org.apache.shiro.subject.support.SubjectCallable.call(SubjectCallable.java:83)
	at org.apache.shiro.subject.support.DelegatingSubject.execute(DelegatingSubject.java:387)
	at org.apache.shiro.web.servlet.AbstractShiroFilter.doFilterInternal(AbstractShiroFilter.java:362)
	at org.apache.shiro.web.servlet.OncePerRequestFilter.doFilter(OncePerRequestFilter.java:125)
	at org.springframework.web.filter.DelegatingFilterProxy.invokeDelegate(DelegatingFilterProxy.java:350)
	at org.springframework.web.filter.DelegatingFilterProxy.doFilter(DelegatingFilterProxy.java:265)
	at org.apache.catalina.core.ApplicationFilterChain.internalDoFilter(ApplicationFilterChain.java:193)
	at org.apache.catalina.core.ApplicationFilterChain.doFilter(ApplicationFilterChain.java:166)
	at org.springframework.web.filter.RequestContextFilter.doFilterInternal(RequestContextFilter.java:99)
	at org.springframework.web.filter.OncePerRequestFilter.doFilter(OncePerRequestFilter.java:107)
	at org.apache.catalina.core.ApplicationFilterChain.internalDoFilter(ApplicationFilterChain.java:193)
	at org.apache.catalina.core.ApplicationFilterChain.doFilter(ApplicationFilterChain.java:166)
	at org.springframework.web.filter.HttpPutFormContentFilter.doFilterInternal(HttpPutFormContentFilter.java:105)
	at org.springframework.web.filter.OncePerRequestFilter.doFilter(OncePerRequestFilter.java:107)
	at org.apache.catalina.core.ApplicationFilterChain.internalDoFilter(ApplicationFilterChain.java:193)
	at org.apache.catalina.core.ApplicationFilterChain.doFilter(ApplicationFilterChain.java:166)
	at org.springframework.web.filter.HiddenHttpMethodFilter.doFilterInternal(HiddenHttpMethodFilter.java:81)
	at org.springframework.web.filter.OncePerRequestFilter.doFilter(OncePerRequestFilter.java:107)
	at org.apache.catalina.core.ApplicationFilterChain.internalDoFilter(ApplicationFilterChain.java:193)
	at org.apache.catalina.core.ApplicationFilterChain.doFilter(ApplicationFilterChain.java:166)
	at org.springframework.web.filter.CharacterEncodingFilter.doFilterInternal(CharacterEncodingFilter.java:199)
	at org.springframework.web.filter.OncePerRequestFilter.doFilter(OncePerRequestFilter.java:107)
	at org.apache.catalina.core.ApplicationFilterChain.internalDoFilter(ApplicationFilterChain.java:193)
	at org.apache.catalina.core.ApplicationFilterChain.doFilter(ApplicationFilterChain.java:166)
	at org.apache.catalina.core.StandardWrapperValve.invoke(StandardWrapperValve.java:198)
	at org.apache.catalina.core.StandardContextValve.invoke(StandardContextValve.java:96)
	at org.apache.catalina.authenticator.AuthenticatorBase.invoke(AuthenticatorBase.java:478)
	at org.apache.catalina.core.StandardHostValve.invoke(StandardHostValve.java:140)
	at org.apache.catalina.valves.ErrorReportValve.invoke(ErrorReportValve.java:80)
	at org.apache.catalina.core.StandardEngineValve.invoke(StandardEngineValve.java:87)
	at org.apache.catalina.connector.CoyoteAdapter.service(CoyoteAdapter.java:342)
	at org.apache.coyote.http11.Http11Processor.service(Http11Processor.java:799)
	at org.apache.coyote.AbstractProcessorLight.process(AbstractProcessorLight.java:66)
	at org.apache.coyote.AbstractProtocol$ConnectionHandler.process(AbstractProtocol.java:861)
	at org.apache.tomcat.util.net.NioEndpoint$SocketProcessor.doRun(NioEndpoint.java:1455)
	at org.apache.tomcat.util.net.SocketProcessorBase.run(SocketProcessorBase.java:49)
	at java.util.concurrent.ThreadPoolExecutor.runWorker(ThreadPoolExecutor.java:1149)
	at java.util.concurrent.ThreadPoolExecutor$Worker.run(ThreadPoolExecutor.java:624)
	at org.apache.tomcat.util.threads.TaskThread$WrappingRunnable.run(TaskThread.java:61)
	at java.lang.Thread.run(Thread.java:748)
2020-06-01 16:09:33,207 [DEBUG] [http-nio-7020-exec-7] cn.cy.system.controller.LoginController [LoginController.java : 65] 进入登录页面
2020-06-01 16:09:33,227 [DEBUG] [http-nio-7020-exec-3] cn.cy.system.controller.LoginController [LoginController.java : 65] 进入登录页面
2020-06-01 16:09:33,234 [DEBUG] [http-nio-7020-exec-5] cn.cy.system.controller.LoginController [LoginController.java : 65] 进入登录页面
2020-06-01 16:09:33,303 [DEBUG] [http-nio-7020-exec-1] cn.cy.system.controller.LoginController [LoginController.java : 65] 进入登录页面
2020-06-01 16:09:34,434 [DEBUG] [http-nio-7020-exec-2] cn.cy.system.dao.ISystemUserDao.selectEntityByUsername [BaseJdbcLogger.java : 159] ==>  Preparing: select * from t_system_user where username = ? 
2020-06-01 16:09:34,435 [DEBUG] [http-nio-7020-exec-2] cn.cy.system.dao.ISystemUserDao.selectEntityByUsername [BaseJdbcLogger.java : 159] ==> Parameters: super(String)
2020-06-01 16:09:34,436 [DEBUG] [http-nio-7020-exec-2] cn.cy.system.dao.ISystemUserDao.selectEntityByUsername [BaseJdbcLogger.java : 159] <==      Total: 1
2020-06-01 16:09:34,438 [DEBUG] [http-nio-7020-exec-2] cn.cy.system.dao.ISystemUserDao.selectOne [BaseJdbcLogger.java : 159] ==>  Preparing: SELECT list_id AS ListId,username,`password`,user_role_id AS userRoleId,remark,is_delete AS isDelete FROM t_system_user WHERE username=? 
2020-06-01 16:09:34,438 [DEBUG] [http-nio-7020-exec-2] cn.cy.system.dao.ISystemUserDao.selectOne [BaseJdbcLogger.java : 159] ==> Parameters: super(String)
2020-06-01 16:09:34,439 [DEBUG] [http-nio-7020-exec-2] cn.cy.system.dao.ISystemUserDao.selectOne [BaseJdbcLogger.java : 159] <==      Total: 1
2020-06-01 16:09:34,516 [DEBUG] [http-nio-7020-exec-9] cn.cy.system.dao.ISystemMenuDao.getAllMenuList [BaseJdbcLogger.java : 159] ==>  Preparing: select * from t_system_menu ORDER BY SORT 
2020-06-01 16:09:34,517 [DEBUG] [http-nio-7020-exec-9] cn.cy.system.dao.ISystemMenuDao.getAllMenuList [BaseJdbcLogger.java : 159] ==> Parameters: 
2020-06-01 16:09:34,519 [DEBUG] [http-nio-7020-exec-9] cn.cy.system.dao.ISystemMenuDao.getAllMenuList [BaseJdbcLogger.java : 159] <==      Total: 6
2020-06-01 16:09:35,463 [DEBUG] [http-nio-7020-exec-15] cn.cy.business.dao.IBuyerDao.queryListData [BaseJdbcLogger.java : 159] ==>  Preparing: select * from t_buyer 
2020-06-01 16:09:35,464 [DEBUG] [http-nio-7020-exec-15] cn.cy.business.dao.IBuyerDao.queryListData [BaseJdbcLogger.java : 159] ==> Parameters: 
2020-06-01 16:09:35,465 [DEBUG] [http-nio-7020-exec-15] cn.cy.business.dao.IBuyerDao.queryListData [BaseJdbcLogger.java : 159] <==      Total: 1
2020-06-01 16:44:06,853 [INFO] [SessionValidationThread-1] o.apache.shiro.session.mgt.AbstractValidatingSessionManager [AbstractValidatingSessionManager.java : 275] Validating all active sessions...
2020-06-01 16:44:06,854 [INFO] [SessionValidationThread-1] o.apache.shiro.session.mgt.AbstractValidatingSessionManager [AbstractValidatingSessionManager.java : 308] Finished session validation.  [2] sessions were stopped.
